#
# A fatal error has been detected by the Java Runtime Environment:
#
#  EXCEPTION_ACCESS_VIOLATION (0xc0000005) at pc=0x00007ffde354880f, pid=23348, tid=21676
#
# JRE version: Java(TM) SE Runtime Environment (9.0+11) (build 9.0.4+11)
# Java VM: Java HotSpot(TM) 64-Bit Server VM (9.0.4+11, mixed mode, tiered, compressed oops, g1 gc, windows-amd64)
# Problematic frame:
# C  [librdi_common.dll+0x17880f]
#
# No core dump will be written. Minidumps are not enabled by default on client versions of Windows
#
# If you would like to submit a bug report, please visit:
#   http://bugreport.java.com/bugreport/crash.jsp
# The crash happened outside the Java Virtual Machine in native code.
# See problematic frame for where to report the bug.
#

---------------  S U M M A R Y ------------

Command Line: -Dsun.java2d.pmoffscreen=false -Dsun.java2d.xrender=false -Dsun.java2d.d3d=false -Dsun.awt.nopixfmt=true -Dsun.java2d.dpiaware=true -Dsun.java2d.uiScale.enabled=false -Xverify:none -Dswing.aatext=true -XX:-UsePerfData -Djdk.map.althashing.threshold=512 -XX:StringTableSize=4072 --add-opens=java.base/java.nio=ALL-UNNAMED --add-opens=java.desktop/sun.swing=ALL-UNNAMED --add-opens=java.desktop/javax.swing=ALL-UNNAMED --add-opens=java.desktop/javax.swing.tree=ALL-UNNAMED --add-opens=java.desktop/javax.swing.plaf.basic=ALL-UNNAMED --add-opens=java.desktop/javax.swing.plaf.synth=ALL-UNNAMED --add-opens=java.desktop/com.sun.awt=ALL-UNNAMED -XX:NewSize=60m -XX:MaxNewSize=60m -Xms128m -Xmx3072m -Xss5m 

Host: Intel(R) Core(TM) i7-8565U CPU @ 1.80GHz, 8 cores, 15G,  Windows 10 , 64 bit Build 22000 (10.0.22000.1219)
Time: Thu Dec 01 20:29:06 2022 ?D1¨²¡À¨º¡Á?¨º¡À?? elapsed time: 9640 seconds (0d 2h 40m 40s)

---------------  T H R E A D  ---------------

Current thread (0x000001f75ef5a000):  JavaThread "AWT-EventQueue-1" [_thread_in_native, id=21676, stack(0x00000012d9000000,0x00000012d9500000)]

Stack: [0x00000012d9000000,0x00000012d9500000],  sp=0x00000012d94f3d20,  free space=5071k
Native frames: (J=compiled Java code, j=interpreted, Vv=VM code, C=native code)
C  [librdi_common.dll+0x17880f]
C  [librdi_common.dll+0x81bcd]
C  [librdi_wavedata.dll+0x1d9e1e]
C  [librdi_wavedata.dll+0x2375c5]
C  [librdi_wavedata.dll+0x2637a3]
C  [librdi_wavedata.dll+0x263f6f]
C  [librdi_wavedata.dll+0x237fb3]
C  [librdi_wavedata.dll+0x238032]
C  [librdi_wavedata.dll+0x2380d1]
C  [librdi_wavedata.dll+0x22f840]
C  [librdi_wavedata.dll+0x26ba6f]
C  0x000001f74d46f7ba

Java frames: (J=compiled Java code, j=interpreted, Vv=VM code)
J 20002  ui.views.waveform.waveformi.WVExecutive_getValueDataSize(J)J (0 bytes) @ 0x000001f74d46f721 [0x000001f74d46f6e0+0x0000000000000041]
J 18051 c1 ui.views.waveform.executive.a.gBm()Lui/views/waveform/executive/protobuf/WVNameValue$WVValueTreeMessage; (70 bytes) @ 0x000001f74510f924 [0x000001f74510f8a0+0x0000000000000084]
J 18050 c1 ui.views.waveform.f.w.gCe()[Ljava/lang/String; (53 bytes) @ 0x000001f744d3200c [0x000001f744d31f00+0x000000000000010c]
J 19996 c1 ui.views.waveform.f.w.cPh()V (60 bytes) @ 0x000001f746b327a4 [0x000001f746b324a0+0x0000000000000304]
J 26078 c1 ui.views.waveform.w.cPh()V (38 bytes) @ 0x000001f7472d96fc [0x000001f7472d8d00+0x00000000000009fc]
J 26093 c1 ui.views.waveform.c.b.j(Lui/frmwork/b/i;)V (589 bytes) @ 0x000001f7479eb4ec [0x000001f7479e2f20+0x00000000000085cc]
J 18011 c1 ui.views.waveform.w.a(Lui/frmwork/b/i;)V (17 bytes) @ 0x000001f744c22494 [0x000001f744c223c0+0x00000000000000d4]
J 25866 c1 ui.frmwork.b.l.d(Lui/frmwork/b/i;)V (61 bytes) @ 0x000001f746fc341c [0x000001f746fc2bc0+0x000000000000085c]
J 27824 c1 ui.frmwork.HTclEventBroker.i(JZ)V (471 bytes) @ 0x000001f747a7eef4 [0x000001f747a7a740+0x00000000000047b4]
j  ui.frmwork.HTclEventBroker.fireTclEvent(J)I+96
v  ~StubRoutines::call_stub
j  ui.views.waveform.waveformi.WVExecutive_setViewportSize(JII)V+0
j  ui.views.waveform.executive.a.ez(II)V+62
j  ui.views.waveform.c.b.gzM()V+131
j  ui.views.waveform.v.componentResized(Ljava/awt/event/ComponentEvent;)V+10
J 19686 c1 java.awt.AWTEventMulticaster.componentResized(Ljava/awt/event/ComponentEvent;)V java.desktop@9.0.4 (27 bytes) @ 0x000001f745e262c4 [0x000001f745e25f00+0x00000000000003c4]
J 23469 c2 java.awt.Container.processEvent(Ljava/awt/AWTEvent;)V java.desktop@9.0.4 (22 bytes) @ 0x000001f74cb94064 [0x000001f74cb93ca0+0x00000000000003c4]
J 25770 c2 java.awt.Component.dispatchEventImpl(Ljava/awt/AWTEvent;)V java.desktop@9.0.4 (739 bytes) @ 0x000001f74d978450 [0x000001f74d976d00+0x0000000000001750]
J 25609 c2 java.awt.Container.dispatchEventImpl(Ljava/awt/AWTEvent;)V java.desktop@9.0.4 (129 bytes) @ 0x000001f74d93504c [0x000001f74d9345a0+0x0000000000000aac]
J 17221 c2 java.awt.EventQueue.dispatchEventImpl(Ljava/awt/AWTEvent;Ljava/lang/Object;)V java.desktop@9.0.4 (136 bytes) @ 0x000001f74d0bc0a4 [0x000001f74d0bbae0+0x00000000000005c4]
J 13236 c2 java.awt.EventQueue$3.run()Ljava/lang/Object; java.desktop@9.0.4 (5 bytes) @ 0x000001f74ca7712c [0x000001f74ca770c0+0x000000000000006c]
v  ~StubRoutines::call_stub
J 2923  java.security.AccessController.doPrivileged(Ljava/security/PrivilegedAction;Ljava/security/AccessControlContext;)Ljava/lang/Object; java.base@9.0.4 (0 bytes) @ 0x000001f74c20aec6 [0x000001f74c20ae60+0x0000000000000066]
J 13712 c2 java.awt.EventQueue$4.run()Ljava/lang/Object; java.desktop@9.0.4 (5 bytes) @ 0x000001f74cb48940 [0x000001f74cb486e0+0x0000000000000260]
v  ~StubRoutines::call_stub
J 2923  java.security.AccessController.doPrivileged(Ljava/security/PrivilegedAction;Ljava/security/AccessControlContext;)Ljava/lang/Object; java.base@9.0.4 (0 bytes) @ 0x000001f74c20aec6 [0x000001f74c20ae60+0x0000000000000066]
J 12333 c2 ui.frmwork.b.d.dispatchEvent(Ljava/awt/AWTEvent;)V (34 bytes) @ 0x000001f74c34afb4 [0x000001f74c34ac20+0x0000000000000394]
J 21922 c2 java.awt.EventDispatchThread.pumpOneEventForFilters(I)V java.desktop@9.0.4 (218 bytes) @ 0x000001f74cf2a1e0 [0x000001f74cf29d00+0x00000000000004e0]
J 19144 c2 java.awt.EventDispatchThread.pumpEventsForFilter(ILjava/awt/Conditional;Ljava/awt/EventFilter;)V java.desktop@9.0.4 (47 bytes) @ 0x000001f74d34f40c [0x000001f74d34f260+0x00000000000001ac]
j  java.awt.EventDispatchThread.pumpEventsForFilter(Ljava/awt/Conditional;Ljava/awt/EventFilter;)V+4 java.desktop@9.0.4
j  java.awt.WaitDispatchSupport$2.run()V+59 java.desktop@9.0.4
j  java.awt.WaitDispatchSupport$4.run()Ljava/lang/Void;+4 java.desktop@9.0.4
j  java.awt.WaitDispatchSupport$4.run()Ljava/lang/Object;+1 java.desktop@9.0.4
v  ~StubRoutines::call_stub
J 924  java.security.AccessController.doPrivileged(Ljava/security/PrivilegedAction;)Ljava/lang/Object; java.base@9.0.4 (0 bytes) @ 0x000001f74c0c03b2 [0x000001f74c0c0360+0x0000000000000052]
j  java.awt.WaitDispatchSupport.enter()Z+260 java.desktop@9.0.4
j  java.awt.Dialog.show()V+225 java.desktop@9.0.4
J 26437 c1 java.awt.Window.setVisible(Z)V java.desktop@9.0.4 (6 bytes) @ 0x000001f74599f604 [0x000001f74599f3e0+0x0000000000000224]
j  java.awt.Dialog.setVisible(Z)V+2 java.desktop@9.0.4
j  ui.b.c.g.setVisible(Z)V+2
j  ui.b.c.bx.showDialog()V+64
j  ui.b.c.bE.actionPerformed(Ljava/awt/event/ActionEvent;)V+8
j  ui.b.c.bx.cHE()V+396
j  ui.views.c.s.b.a.run()V+60
j  ui.frmwork.a.dTt()Z+66
j  ui.frmwork.V.dVd()V+42
j  ui.bk.actionPerformed(Ljava/awt/event/ActionEvent;)V+25
J 26123 c1 javax.swing.AbstractButton.fireActionPerformed(Ljava/awt/event/ActionEvent;)V java.desktop@9.0.4 (96 bytes) @ 0x000001f7472edd2c [0x000001f7472ed4c0+0x000000000000086c]
j  ui.utils.o.b.B.fireActionPerformed(Ljava/awt/event/ActionEvent;)V+7
J 26122 c1 javax.swing.AbstractButton$Handler.actionPerformed(Ljava/awt/event/ActionEvent;)V java.desktop@9.0.4 (9 bytes) @ 0x000001f7470f6d44 [0x000001f7470f6c40+0x0000000000000104]
J 26113 c1 javax.swing.DefaultButtonModel.fireActionPerformed(Ljava/awt/event/ActionEvent;)V java.desktop@9.0.4 (46 bytes) @ 0x000001f7470f3214 [0x000001f7470f2f60+0x00000000000002b4]
J 23416 c1 javax.swing.DefaultButtonModel.setPressed(Z)V java.desktop@9.0.4 (125 bytes) @ 0x000001f744cd38c4 [0x000001f744cd2a00+0x0000000000000ec4]
J 26127 c1 javax.swing.plaf.basic.BasicButtonListener.mouseReleased(Ljava/awt/event/MouseEvent;)V java.desktop@9.0.4 (48 bytes) @ 0x000001f7471d25ac [0x000001f7471d2180+0x000000000000042c]
j  com.jidesoft.plaf.basic.BasicJideButtonListener.mouseReleased(Ljava/awt/event/MouseEvent;)V+61
J 19084 c1 java.awt.AWTEventMulticaster.mouseReleased(Ljava/awt/event/MouseEvent;)V java.desktop@9.0.4 (27 bytes) @ 0x000001f747332e8c [0x000001f747332c80+0x000000000000020c]
J 19084 c1 java.awt.AWTEventMulticaster.mouseReleased(Ljava/awt/event/MouseEvent;)V java.desktop@9.0.4 (27 bytes) @ 0x000001f747332e8c [0x000001f747332c80+0x000000000000020c]
J 19084 c1 java.awt.AWTEventMulticaster.mouseReleased(Ljava/awt/event/MouseEvent;)V java.desktop@9.0.4 (27 bytes) @ 0x000001f747332e8c [0x000001f747332c80+0x000000000000020c]
J 23432 c2 javax.swing.JComponent.processMouseEvent(Ljava/awt/event/MouseEvent;)V java.desktop@9.0.4 (27 bytes) @ 0x000001f74c26dae8 [0x000001f74c26da00+0x00000000000000e8]
J 23469 c2 java.awt.Container.processEvent(Ljava/awt/AWTEvent;)V java.desktop@9.0.4 (22 bytes) @ 0x000001f74cb93e08 [0x000001f74cb93ca0+0x0000000000000168]
J 25770 c2 java.awt.Component.dispatchEventImpl(Ljava/awt/AWTEvent;)V java.desktop@9.0.4 (739 bytes) @ 0x000001f74d978450 [0x000001f74d976d00+0x0000000000001750]
J 25609 c2 java.awt.Container.dispatchEventImpl(Ljava/awt/AWTEvent;)V java.desktop@9.0.4 (129 bytes) @ 0x000001f74d93504c [0x000001f74d9345a0+0x0000000000000aac]
J 20357 c2 java.awt.LightweightDispatcher.retargetMouseEvent(Ljava/awt/Component;ILjava/awt/event/MouseEvent;)V java.desktop@9.0.4 (350 bytes) @ 0x000001f74d4e3a18 [0x000001f74d4e3460+0x00000000000005b8]
J 13859 c2 java.awt.LightweightDispatcher.processMouseEvent(Ljava/awt/event/MouseEvent;)Z java.desktop@9.0.4 (265 bytes) @ 0x000001f74cb86068 [0x000001f74cb85840+0x0000000000000828]
J 25609 c2 java.awt.Container.dispatchEventImpl(Ljava/awt/AWTEvent;)V java.desktop@9.0.4 (129 bytes) @ 0x000001f74d935268 [0x000001f74d9345a0+0x0000000000000cc8]
J 13857 c2 java.awt.Window.dispatchEventImpl(Ljava/awt/AWTEvent;)V java.desktop@9.0.4 (23 bytes) @ 0x000001f74cb84f8c [0x000001f74cb84f40+0x000000000000004c]
J 17221 c2 java.awt.EventQueue.dispatchEventImpl(Ljava/awt/AWTEvent;Ljava/lang/Object;)V java.desktop@9.0.4 (136 bytes) @ 0x000001f74d0bc0a4 [0x000001f74d0bbae0+0x00000000000005c4]
J 13236 c2 java.awt.EventQueue$3.run()Ljava/lang/Object; java.desktop@9.0.4 (5 bytes) @ 0x000001f74ca7712c [0x000001f74ca770c0+0x000000000000006c]
v  ~StubRoutines::call_stub
J 2923  java.security.AccessController.doPrivileged(Ljava/security/PrivilegedAction;Ljava/security/AccessControlContext;)Ljava/lang/Object; java.base@9.0.4 (0 bytes) @ 0x000001f74c20aec6 [0x000001f74c20ae60+0x0000000000000066]
J 13712 c2 java.awt.EventQueue$4.run()Ljava/lang/Object; java.desktop@9.0.4 (5 bytes) @ 0x000001f74cb48940 [0x000001f74cb486e0+0x0000000000000260]
v  ~StubRoutines::call_stub
J 2923  java.security.AccessController.doPrivileged(Ljava/security/PrivilegedAction;Ljava/security/AccessControlContext;)Ljava/lang/Object; java.base@9.0.4 (0 bytes) @ 0x000001f74c20aec6 [0x000001f74c20ae60+0x0000000000000066]
J 12333 c2 ui.frmwork.b.d.dispatchEvent(Ljava/awt/AWTEvent;)V (34 bytes) @ 0x000001f74c34afb4 [0x000001f74c34ac20+0x0000000000000394]
J 21922 c2 java.awt.EventDispatchThread.pumpOneEventForFilters(I)V java.desktop@9.0.4 (218 bytes) @ 0x000001f74cf2a1e0 [0x000001f74cf29d00+0x00000000000004e0]
J 18975% c2 java.awt.EventDispatchThread.pumpEventsForFilter(ILjava/awt/Conditional;Ljava/awt/EventFilter;)V java.desktop@9.0.4 (47 bytes) @ 0x000001f74d2ef6d8 [0x000001f74d2ef5c0+0x0000000000000118]
j  java.awt.EventDispatchThread.pumpEventsForHierarchy(ILjava/awt/Conditional;Ljava/awt/Component;)V+11 java.desktop@9.0.4
j  java.awt.EventDispatchThread.pumpEvents(ILjava/awt/Conditional;)V+4 java.desktop@9.0.4
j  java.awt.EventDispatchThread.pumpEvents(Ljava/awt/Conditional;)V+3 java.desktop@9.0.4
j  java.awt.EventDispatchThread.run()V+9 java.desktop@9.0.4
v  ~StubRoutines::call_stub

siginfo: EXCEPTION_ACCESS_VIOLATION (0xc0000005), reading address 0xffffffffffffffff


Register to memory mapping:

RIP=0x00007ffde354880f librdi_common.dll
RAX=0x000001f733e8d401 is an unknown value
RBX=0x00000012d94f3de0 is pointing into the stack for thread: 0x000001f75ef5a000
RCX=0x000001f733e8d470 is an unknown value
RDX=0x9005d7001580e774 is an unknown value
RSP=0x00000012d94f3d20 is pointing into the stack for thread: 0x000001f75ef5a000
RBP=0x00000012d94f4030 is pointing into the stack for thread: 0x000001f75ef5a000
RSI=0x0000000000000000 is an unknown value
RDI=0x9005d7001580e774 is an unknown value
R8 =0x00007ffdaaee37dc librdi_wavedata.dll
R9 =0x0000000000000000 is an unknown value
R10=0x0000000000000001 is an unknown value
R11=0x00000012d94f3da8 is pointing into the stack for thread: 0x000001f75ef5a000
R12=0x0000000000000000 is an unknown value
R13=0x0000000000000000 is an unknown value
R14=0x000001f76e06fc40 is an unknown value
R15=0x00000001ada9be70 is an unknown value


Registers:
RAX=0x000001f733e8d401, RBX=0x00000012d94f3de0, RCX=0x000001f733e8d470, RDX=0x9005d7001580e774
RSP=0x00000012d94f3d20, RBP=0x00000012d94f4030, RSI=0x0000000000000000, RDI=0x9005d7001580e774
R8 =0x00007ffdaaee37dc, R9 =0x0000000000000000, R10=0x0000000000000001, R11=0x00000012d94f3da8
R12=0x0000000000000000, R13=0x0000000000000000, R14=0x000001f76e06fc40, R15=0x00000001ada9be70
RIP=0x00007ffde354880f, EFLAGS=0x0000000000010202

Top of Stack: (sp=0x00000012d94f3d20)
0x00000012d94f3d20:   0000000000000000 000000000000000f
0x00000012d94f3d30:   000001f724872200 00000012d94f3de0
0x00000012d94f3d40:   0000000000000000 fffffffffffffffe
0x00000012d94f3d50:   00007ffdaaef6700 00007ffe1a9e6008
0x00000012d94f3d60:   0000000000000000 000000000000000f
0x00000012d94f3d70:   0000000065757200 0000000000000000
0x00000012d94f3d80:   0000000000000000 000000000000000f
0x00000012d94f3d90:   000020205992ca70 00007ffe1a9e5fe0
0x00000012d94f3da0:   00000012d94f3f40 00007ffde3451bcd
0x00000012d94f3db0:   00007ffdaaee3798 000001f76e06fc40
0x00000012d94f3dc0:   000001f76e06fc40 000001f76954e1e0
0x00000012d94f3dd0:   000001f76e06fc40 fffffffffffffffe
0x00000012d94f3de0:   0000000000000030 00007ffdaac78c87
0x00000012d94f3df0:   00000001ada9be70 000001f76e06fc40
0x00000012d94f3e00:   000020205992cae0 0000000000000000
0x00000012d94f3e10:   0000000000000000 00007ffdaac79e1e 

Instructions: (pc=0x00007ffde354880f)
0x00007ffde35487ef:   6e 00 cc 48 83 f9 27 76 07 ff 15 e2 64 6e 00 cc
0x00007ffde35487ff:   48 8b c8 e8 c9 b4 5a 00 48 8b c3 e9 1c 01 00 00
0x00007ffde354880f:   48 8b 4f 50 48 85 c9 0f 84 ff 00 00 00 48 8d 54
0x00007ffde354881f:   24 50 e8 ba e3 04 00 48 8b d0 48 8d 4c 24 30 e8 



---------------  P R O C E S S  ---------------

Java Threads: ( => current thread )
  0x000001f7305fd000 JavaThread "Relaunch Simulation" [_thread_blocked, id=23952, stack(0x00000012df700000,0x00000012dfc00000)]
  0x000001f7305f6000 JavaThread "Thread-11737" [_thread_in_native, id=18976, stack(0x00000012dca00000,0x00000012dcb00000)]
  0x000001f76092e800 JavaThread "Timer-9" [_thread_blocked, id=20760, stack(0x00000012dcd00000,0x00000012dd200000)]
  0x000001f75f373000 JavaThread "Thread-10712" [_thread_in_native, id=8004, stack(0x00000012da100000,0x00000012da200000)]
  0x000001f76e791000 JavaThread "Thread-9868" [_thread_in_native, id=19092, stack(0x00000012df200000,0x00000012df300000)]
  0x000001f76b725800 JavaThread "Thread-9850" [_thread_in_native, id=7484, stack(0x00000012df700000,0x00000012df800000)]
  0x000001f76b724800 JavaThread "Thread-8915" [_thread_in_native, id=23976, stack(0x00000012da000000,0x00000012da100000)]
  0x000001f760931800 JavaThread "Thread-8905" [_thread_in_native, id=12636, stack(0x00000012da100000,0x00000012da200000)]
  0x000001f76092b800 JavaThread "Thread-8801" [_thread_in_native, id=23828, stack(0x00000012da000000,0x00000012da100000)]
  0x000001f76e792000 JavaThread "Thread-8793" [_thread_in_native, id=10508, stack(0x00000012da100000,0x00000012da200000)]
  0x000001f76e78a800 JavaThread "Thread-8715" [_thread_in_native, id=17552, stack(0x00000012da000000,0x00000012da100000)]
  0x000001f76b727000 JavaThread "Thread-8706" [_thread_in_native, id=6580, stack(0x00000012da100000,0x00000012da200000)]
  0x000001f76b72a000 JavaThread "Thread-8659" [_thread_in_native, id=24460, stack(0x00000012da000000,0x00000012da100000)]
  0x000001f76b72a800 JavaThread "Thread-8649" [_thread_in_native, id=22280, stack(0x00000012da100000,0x00000012da200000)]
  0x000001f76b71c800 JavaThread "Thread-8188" [_thread_in_native, id=24200, stack(0x00000012da000000,0x00000012da100000)]
  0x000001f76b727800 JavaThread "Thread-8181" [_thread_in_native, id=23312, stack(0x00000012da100000,0x00000012da200000)]
  0x000001f76b728800 JavaThread "Monitor File Timestamp Swing Worker" [_thread_blocked, id=24248, stack(0x00000012ddc00000,0x00000012de100000)]
  0x000001f76b71d000 JavaThread "Timer-8" [_thread_blocked, id=14616, stack(0x00000012dd700000,0x00000012ddc00000)]
  0x000001f76b729000 JavaThread "Thread-3597" [_thread_in_native, id=4276, stack(0x00000012da000000,0x00000012da100000)]
  0x000001f76b726000 JavaThread "Thread-3590" [_thread_in_native, id=3824, stack(0x00000012da100000,0x00000012da200000)]
  0x000001f76b723000 JavaThread "Thread-3567" [_thread_in_native, id=22832, stack(0x00000012db500000,0x00000012db600000)]
  0x000001f76b724000 JavaThread "Thread-3187" [_thread_in_native, id=8288, stack(0x00000012d9f00000,0x00000012da000000)]
  0x000001f76b722800 JavaThread "Thread-3136" [_thread_in_native, id=6868, stack(0x00000012d9f00000,0x00000012da000000)]
  0x000001f76b721000 JavaThread "Thread-3129" [_thread_in_native, id=8796, stack(0x00000012da000000,0x00000012da100000)]
  0x000001f76b71f800 JavaThread "Thread-3120" [_thread_in_native, id=4736, stack(0x00000012d9f00000,0x00000012da000000)]
  0x000001f76b71e000 JavaThread "Thread-3001" [_thread_in_native, id=6464, stack(0x00000012d9f00000,0x00000012da000000)]
  0x000001f76b71e800 JavaThread "Thread-2978" [_thread_in_native, id=15304, stack(0x00000012d9f00000,0x00000012da000000)]
  0x000001f76b721800 JavaThread "Thread-2968" [_thread_in_native, id=9924, stack(0x00000012da000000,0x00000012da100000)]
  0x000001f76b720000 JavaThread "Thread-2667" [_thread_in_native, id=23004, stack(0x00000012d1700000,0x00000012d1800000)]
  0x000001f76b71b800 JavaThread "Thread-2658" [_thread_in_native, id=6364, stack(0x00000012d9f00000,0x00000012da000000)]
  0x000001f76092a800 JavaThread "Thread-2554" [_thread_in_native, id=6276, stack(0x00000012d1700000,0x00000012d1800000)]
  0x000001f76092d000 JavaThread "Thread-2546" [_thread_in_native, id=7344, stack(0x00000012d9f00000,0x00000012da000000)]
  0x000001f760930800 JavaThread "Thread-2486" [_thread_in_native, id=12800, stack(0x00000012d1700000,0x00000012d1800000)]
  0x000001f76e795000 JavaThread "Thread-2476" [_thread_in_native, id=13604, stack(0x00000012d9f00000,0x00000012da000000)]
  0x000001f76e792800 JavaThread "Thread-2420" [_thread_in_native, id=16588, stack(0x00000012d1700000,0x00000012d1800000)]
  0x000001f76e796800 JavaThread "Thread-2415" [_thread_in_native, id=6484, stack(0x00000012d1700000,0x00000012d1800000)]
  0x000001f76e78f000 JavaThread "Thread-2348" [_thread_in_native, id=17428, stack(0x00000012dd100000,0x00000012dd200000)]
  0x000001f760924000 JavaThread "Swing-Shell" daemon [_thread_blocked, id=23052, stack(0x00000012dc500000,0x00000012dca00000)]
  0x000001f76e789800 JavaThread "Thread-983" [_thread_in_native, id=14092, stack(0x00000012d1700000,0x00000012d1800000)]
  0x000001f76e793800 JavaThread "Thread-974" [_thread_in_native, id=20440, stack(0x00000012d9f00000,0x00000012da000000)]
  0x000001f76e789000 JavaThread "Thread-930" [_thread_in_native, id=19924, stack(0x00000012dcf00000,0x00000012dd000000)]
  0x000001f76e78d800 JavaThread "Thread-898" [_thread_in_native, id=20360, stack(0x00000012d1700000,0x00000012d1800000)]
  0x000001f76e788000 JavaThread "Thread-816" [_thread_in_native, id=8168, stack(0x00000012d1700000,0x00000012d1800000)]
  0x000001f76e78f800 JavaThread "Thread-807" [_thread_in_native, id=23176, stack(0x00000012d9f00000,0x00000012da000000)]
  0x000001f76e78b000 JavaThread "Thread-600" [_thread_in_native, id=2948, stack(0x00000012db500000,0x00000012db600000)]
  0x000001f76e78c000 JavaThread "Image Animator 0" daemon [_thread_blocked, id=12984, stack(0x00000012de300000,0x00000012de800000)]
  0x000001f76092a000 JavaThread "SyntheticaAnimation 50" daemon [_thread_blocked, id=1504, stack(0x00000012d8100000,0x00000012d8600000)]
  0x000001f760922800 JavaThread "hw_ila_monitor" [_thread_blocked, id=23220, stack(0x00000012d9500000,0x00000012d9a00000)]
  0x000001f75f36e800 JavaThread "Update Runs Swing Worker" [_thread_blocked, id=17712, stack(0x00000012dc000000,0x00000012dc500000)]
  0x000001f75f375000 JavaThread "Refresh Filesets Swing Worker" [_thread_blocked, id=17468, stack(0x00000012dbb00000,0x00000012dc000000)]
  0x000001f75f374800 JavaThread "SyntheticaAnimation 70" daemon [_thread_blocked, id=12240, stack(0x00000012db600000,0x00000012dbb00000)]
  0x000001f75f370800 JavaThread "SyntheticaAnimation 25" daemon [_thread_blocked, id=10996, stack(0x00000012dac00000,0x00000012db100000)]
  0x000001f75f370000 JavaThread "SyntheticaAnimation 50" daemon [_thread_blocked, id=1888, stack(0x00000012da700000,0x00000012dac00000)]
  0x000001f75f372000 JavaThread "Monitor HEventQueue" [_thread_blocked, id=13484, stack(0x00000012da200000,0x00000012da700000)]
  0x000001f75f371800 JavaThread "Batik CleanerThread" daemon [_thread_blocked, id=17224, stack(0x00000012d9a00000,0x00000012d9f00000)]
  0x000001f75f373800 JavaThread "SyntheticaCleanerThread" daemon [_thread_blocked, id=22336, stack(0x00000012d8600000,0x00000012d8b00000)]
=>0x000001f75ef5a000 JavaThread "AWT-EventQueue-1" [_thread_in_native, id=21676, stack(0x00000012d9000000,0x00000012d9500000)]
  0x000001f75edcf800 JavaThread "Process Messages" [_thread_blocked, id=10404, stack(0x00000012d8b00000,0x00000012d9000000)]
  0x000001f75efb5000 JavaThread "Thread-1" [_thread_in_native, id=17644, stack(0x00000012d1900000,0x00000012d2d00000)]
  0x000001f75f069800 JavaThread "TimerQueue" daemon [_thread_blocked, id=2608, stack(0x00000012d7c00000,0x00000012d8100000)]
  0x000001f73c452000 JavaThread "AWT-Windows" daemon [_thread_in_native, id=4888, stack(0x00000012d7700000,0x00000012d7c00000)]
  0x000001f73c451000 JavaThread "AWT-Shutdown" [_thread_blocked, id=20404, stack(0x00000012d7200000,0x00000012d7700000)]
  0x000001f73c026000 JavaThread "Java2D Disposer" daemon [_thread_blocked, id=23352, stack(0x00000012d6d00000,0x00000012d7200000)]
  0x000001f73bd11000 JavaThread "Service Thread" daemon [_thread_blocked, id=16796, stack(0x00000012d6700000,0x00000012d6c00000)]
  0x000001f73a54f000 JavaThread "Common-Cleaner" daemon [_thread_blocked, id=21784, stack(0x00000012d6200000,0x00000012d6700000)]
  0x000001f73a0e2800 JavaThread "Sweeper thread" daemon [_thread_blocked, id=5320, stack(0x00000012d5d00000,0x00000012d6200000)]
  0x000001f73bb21000 JavaThread "C1 CompilerThread3" daemon [_thread_blocked, id=10300, stack(0x00000012d5c00000,0x00000012d5d00000)]
  0x000001f73bb1f800 JavaThread "C2 CompilerThread2" daemon [_thread_blocked, id=13400, stack(0x00000012d5b00000,0x00000012d5c00000)]
  0x000001f73bb1f000 JavaThread "C2 CompilerThread1" daemon [_thread_blocked, id=17300, stack(0x00000012d5a00000,0x00000012d5b00000)]
  0x000001f73a716000 JavaThread "C2 CompilerThread0" daemon [_thread_blocked, id=23368, stack(0x00000012d5900000,0x00000012d5a00000)]
  0x000001f73a234000 JavaThread "Attach Listener" daemon [_thread_blocked, id=22796, stack(0x00000012d5400000,0x00000012d5900000)]
  0x000001f73a72e000 JavaThread "Signal Dispatcher" daemon [_thread_blocked, id=19212, stack(0x00000012d4f00000,0x00000012d5400000)]
  0x000001f73a14d800 JavaThread "Finalizer" daemon [_thread_blocked, id=20284, stack(0x00000012d4a00000,0x00000012d4f00000)]
  0x000001f738400800 JavaThread "Reference Handler" daemon [_thread_blocked, id=19100, stack(0x00000012d4500000,0x00000012d4a00000)]
  0x000001f73d382000 JavaThread "main" [_thread_blocked, id=21592, stack(0x00000012d1800000,0x00000012d1900000)]

Other Threads:
  0x000001f73bc33800 VMThread "VM Thread" [stack: 0x00000012d4400000,0x00000012d4500000] [id=21932]
  0x000001f73aaa4800 WatcherThread [stack: 0x00000012d6c00000,0x00000012d6d00000] [id=21532]
  0x000001f73ccad800 GCTaskThread "GC Thread#0" [stack: 0x00000012d3000000,0x00000012d3100000] [id=6204]
  0x000001f73ccae000 GCTaskThread "GC Thread#1" [stack: 0x00000012d3100000,0x00000012d3200000] [id=19704]
  0x000001f73d94e800 GCTaskThread "GC Thread#2" [stack: 0x00000012d3200000,0x00000012d3300000] [id=5436]
  0x000001f73d94f000 GCTaskThread "GC Thread#3" [stack: 0x00000012d3300000,0x00000012d3400000] [id=17096]
  0x000001f73d3e1000 GCTaskThread "GC Thread#4" [stack: 0x00000012d3400000,0x00000012d3500000] [id=2004]
  0x000001f73d87f000 GCTaskThread "GC Thread#5" [stack: 0x00000012d3500000,0x00000012d3600000] [id=15216]
  0x000001f7384dc000 GCTaskThread "GC Thread#6" [stack: 0x00000012d3600000,0x00000012d3700000] [id=1168]
  0x000001f73d68b800 GCTaskThread "GC Thread#7" [stack: 0x00000012d3700000,0x00000012d3800000] [id=11540]
  0x000001f739f9c000 ConcurrentGCThread "G1 Main Marker" [stack: 0x00000012d4100000,0x00000012d4200000] [id=2624]
  0x000001f7384d8800 ConcurrentGCThread "G1 Marker#0" [stack: 0x00000012d4200000,0x00000012d4300000] [id=16352]
  0x000001f738ad1000 ConcurrentGCThread "G1 Marker#1" [stack: 0x00000012d4300000,0x00000012d4400000] [id=6384]
  0x000001f739f7a800 ConcurrentGCThread "G1 Refine#0" [stack: 0x00000012d3f00000,0x00000012d4000000] [id=22244]
  0x000001f73cc4b000 ConcurrentGCThread "G1 Refine#1" [stack: 0x00000012d3e00000,0x00000012d3f00000] [id=5212]
  0x000001f73cc4a800 ConcurrentGCThread "G1 Refine#2" [stack: 0x00000012d3d00000,0x00000012d3e00000] [id=17244]
  0x000001f73a720800 ConcurrentGCThread "G1 Refine#3" [stack: 0x00000012d3c00000,0x00000012d3d00000] [id=22084]
  0x000001f738d1e800 ConcurrentGCThread "G1 Refine#4" [stack: 0x00000012d3b00000,0x00000012d3c00000] [id=20144]
  0x000001f738d1d800 ConcurrentGCThread "G1 Refine#5" [stack: 0x00000012d3a00000,0x00000012d3b00000] [id=9372]
  0x000001f73d662800 ConcurrentGCThread "G1 Refine#6" [stack: 0x00000012d3900000,0x00000012d3a00000] [id=18680]
  0x000001f73d662000 ConcurrentGCThread "G1 Refine#7" [stack: 0x00000012d3800000,0x00000012d3900000] [id=3208]
  0x000001f738999000 ConcurrentGCThread "G1 Young RemSet Sampling" [stack: 0x00000012d4000000,0x00000012d4100000] [id=21572]

Threads with active compile tasks:

VM state:not at safepoint (normal execution)

VM Mutex/Monitor currently owned by a thread: None

Heap address: 0x0000000700000000, size: 3072 MB, Compressed Oops mode: Zero based, Oop shift amount: 3
Narrow klass base: 0x0000000000000000, Narrow klass shift: 3
Compressed class space size: 1073741824 Address: 0x00000007c0000000

Heap:
 garbage-first heap   total 339968K, used 123580K [0x0000000700000000, 0x0000000700100a60, 0x00000007c0000000)
  region size 1024K, 9 young (9216K), 2 survivors (2048K)
 Metaspace       used 91373K, capacity 94306K, committed 99580K, reserved 1134592K
  class space    used 12639K, capacity 13223K, committed 14332K, reserved 1048576K
Heap Regions: E=young(eden), S=young(survivor), O=old, HS=humongous(starts), HC=humongous(continues), CS=collection set, F=free, A=archive, TS=gc time stamp, AC=allocation context, TAMS=top-at-mark-start (previous, next)
|   0|0x0000000700000000, 0x0000000700100000, 0x0000000700100000|100%|HS|  |TS  0|AC  0|TAMS 0x0000000700000000, 0x0000000700000000|
|   1|0x0000000700100000, 0x0000000700200000, 0x0000000700200000|100%|HS|  |TS  0|AC  0|TAMS 0x0000000700100000, 0x0000000700100000|
|   2|0x0000000700200000, 0x0000000700300000, 0x0000000700300000|100%|HC|  |TS  0|AC  0|TAMS 0x0000000700200000, 0x0000000700200000|
|   3|0x0000000700300000, 0x0000000700400000, 0x0000000700400000|100%|HS|  |TS  0|AC  0|TAMS 0x0000000700300000, 0x0000000700300000|
|   4|0x0000000700400000, 0x00000007004ffff8, 0x0000000700500000| 99%| O|  |TS  0|AC  0|TAMS 0x0000000700400000, 0x0000000700400000|
|   5|0x0000000700500000, 0x0000000700600000, 0x0000000700600000|100%| O|  |TS  0|AC  0|TAMS 0x0000000700500000, 0x0000000700500000|
|   6|0x0000000700600000, 0x00000007006fffe0, 0x0000000700700000| 99%| O|  |TS  0|AC  0|TAMS 0x0000000700600000, 0x0000000700600000|
|   7|0x0000000700700000, 0x00000007007fd7b0, 0x0000000700800000| 99%| O|  |TS  0|AC  0|TAMS 0x0000000700700000, 0x0000000700700000|
|   8|0x0000000700800000, 0x00000007008ffff8, 0x0000000700900000| 99%| O|  |TS  0|AC  0|TAMS 0x0000000700800000, 0x0000000700800000|
|   9|0x0000000700900000, 0x00000007009eebf8, 0x0000000700a00000| 93%| O|  |TS  0|AC  0|TAMS 0x0000000700900000, 0x0000000700900000|
|  10|0x0000000700a00000, 0x0000000700afe390, 0x0000000700b00000| 99%| O|  |TS  0|AC  0|TAMS 0x0000000700a00000, 0x0000000700a00000|
|  11|0x0000000700b00000, 0x0000000700bfe0f0, 0x0000000700c00000| 99%| O|  |TS  0|AC  0|TAMS 0x0000000700b00000, 0x0000000700b00000|
|  12|0x0000000700c00000, 0x0000000700cff820, 0x0000000700d00000| 99%| O|  |TS  0|AC  0|TAMS 0x0000000700c00000, 0x0000000700c00000|
|  13|0x0000000700d00000, 0x0000000700dfff98, 0x0000000700e00000| 99%| O|  |TS  0|AC  0|TAMS 0x0000000700d00000, 0x0000000700d00000|
|  14|0x0000000700e00000, 0x0000000700f00000, 0x0000000700f00000|100%| O|  |TS  0|AC  0|TAMS 0x0000000700e00000, 0x0000000700e00000|
|  15|0x0000000700f00000, 0x0000000700ffffa0, 0x0000000701000000| 99%| O|  |TS  0|AC  0|TAMS 0x0000000700f00000, 0x0000000700f00000|
|  16|0x0000000701000000, 0x00000007010ffff8, 0x0000000701100000| 99%| O|  |TS  0|AC  0|TAMS 0x0000000701000000, 0x0000000701000000|
|  17|0x0000000701100000, 0x00000007011feb40, 0x0000000701200000| 99%| O|  |TS  0|AC  0|TAMS 0x0000000701100000, 0x0000000701100000|
|  18|0x0000000701200000, 0x0000000701300000, 0x0000000701300000|100%| O|  |TS  0|AC  0|TAMS 0x0000000701200000, 0x0000000701200000|
|  19|0x0000000701300000, 0x0000000701400000, 0x0000000701400000|100%| O|  |TS  0|AC  0|TAMS 0x0000000701300000, 0x0000000701300000|
|  20|0x0000000701400000, 0x0000000701500000, 0x0000000701500000|100%| O|  |TS  0|AC  0|TAMS 0x0000000701400000, 0x0000000701400000|
|  21|0x0000000701500000, 0x00000007015ffff8, 0x0000000701600000| 99%| O|  |TS  0|AC  0|TAMS 0x0000000701500000, 0x0000000701500000|
|  22|0x0000000701600000, 0x00000007016fffd8, 0x0000000701700000| 99%| O|  |TS  0|AC  0|TAMS 0x0000000701600000, 0x0000000701600000|
|  23|0x0000000701700000, 0x00000007017ffff8, 0x0000000701800000| 99%| O|  |TS  0|AC  0|TAMS 0x0000000701700000, 0x0000000701700000|
|  24|0x0000000701800000, 0x00000007018ffff0, 0x0000000701900000| 99%| O|  |TS  0|AC  0|TAMS 0x0000000701800000, 0x0000000701800000|
|  25|0x0000000701900000, 0x00000007019ffe58, 0x0000000701a00000| 99%| O|  |TS  0|AC  0|TAMS 0x0000000701900000, 0x0000000701900000|
|  26|0x0000000701a00000, 0x0000000701affff0, 0x0000000701b00000| 99%| O|  |TS  0|AC  0|TAMS 0x0000000701a00000, 0x0000000701a00000|
|  27|0x0000000701b00000, 0x0000000701c00000, 0x0000000701c00000|100%| O|  |TS  0|AC  0|TAMS 0x0000000701b00000, 0x0000000701b00000|
|  28|0x0000000701c00000, 0x0000000701cffed0, 0x0000000701d00000| 99%| O|  |TS  0|AC  0|TAMS 0x0000000701c00000, 0x0000000701c00000|
|  29|0x0000000701d00000, 0x0000000701dffff8, 0x0000000701e00000| 99%| O|  |TS  0|AC  0|TAMS 0x0000000701d00000, 0x0000000701d00000|
|  30|0x0000000701e00000, 0x0000000701efd028, 0x0000000701f00000| 98%| O|  |TS  0|AC  0|TAMS 0x0000000701e00000, 0x0000000701e00000|
|  31|0x0000000701f00000, 0x0000000701fc0ff0, 0x0000000702000000| 75%| O|  |TS  0|AC  0|TAMS 0x0000000701f00000, 0x0000000701f00000|
|  32|0x0000000702000000, 0x00000007020fff28, 0x0000000702100000| 99%| O|  |TS  0|AC  0|TAMS 0x0000000702000000, 0x0000000702000000|
|  33|0x0000000702100000, 0x00000007021ffff8, 0x0000000702200000| 99%| O|  |TS  0|AC  0|TAMS 0x0000000702100000, 0x0000000702100000|
|  34|0x0000000702200000, 0x00000007022ffff8, 0x0000000702300000| 99%| O|  |TS  0|AC  0|TAMS 0x0000000702200000, 0x0000000702200000|
|  35|0x0000000702300000, 0x00000007023fffc0, 0x0000000702400000| 99%| O|  |TS  0|AC  0|TAMS 0x0000000702300000, 0x0000000702300000|
|  36|0x0000000702400000, 0x00000007024fffd8, 0x0000000702500000| 99%| O|  |TS  0|AC  0|TAMS 0x0000000702400000, 0x0000000702400000|
|  37|0x0000000702500000, 0x00000007025ffcd8, 0x0000000702600000| 99%| O|  |TS  0|AC  0|TAMS 0x0000000702500000, 0x0000000702500000|
|  38|0x0000000702600000, 0x00000007026ffce0, 0x0000000702700000| 99%| O|  |TS  0|AC  0|TAMS 0x0000000702600000, 0x0000000702600000|
|  39|0x0000000702700000, 0x00000007027fffe8, 0x0000000702800000| 99%| O|  |TS  0|AC  0|TAMS 0x0000000702700000, 0x0000000702700000|
|  40|0x0000000702800000, 0x00000007028ffe88, 0x0000000702900000| 99%| O|  |TS  0|AC  0|TAMS 0x0000000702800000, 0x0000000702800000|
|  41|0x0000000702900000, 0x00000007029ffff0, 0x0000000702a00000| 99%| O|  |TS  0|AC  0|TAMS 0x0000000702900000, 0x0000000702900000|
|  42|0x0000000702a00000, 0x0000000702b00000, 0x0000000702b00000|100%| O|  |TS  0|AC  0|TAMS 0x0000000702a00000, 0x0000000702a00000|
|  43|0x0000000702b00000, 0x0000000702bffff8, 0x0000000702c00000| 99%| O|  |TS  0|AC  0|TAMS 0x0000000702b00000, 0x0000000702b00000|
|  44|0x0000000702c00000, 0x0000000702cfff90, 0x0000000702d00000| 99%| O|  |TS  0|AC  0|TAMS 0x0000000702c00000, 0x0000000702c00000|
|  45|0x0000000702d00000, 0x0000000702dffff8, 0x0000000702e00000| 99%| O|  |TS  0|AC  0|TAMS 0x0000000702d00000, 0x0000000702d00000|
|  46|0x0000000702e00000, 0x0000000702effee8, 0x0000000702f00000| 99%| O|  |TS  0|AC  0|TAMS 0x0000000702e00000, 0x0000000702e00000|
|  47|0x0000000702f00000, 0x0000000702ffff80, 0x0000000703000000| 99%| O|  |TS  0|AC  0|TAMS 0x0000000702f00000, 0x0000000702f00000|
|  48|0x0000000703000000, 0x00000007030fff10, 0x0000000703100000| 99%| O|  |TS  0|AC  0|TAMS 0x0000000703000000, 0x0000000703000000|
|  49|0x0000000703100000, 0x0000000703200000, 0x0000000703200000|100%| O|  |TS  0|AC  0|TAMS 0x0000000703100000, 0x0000000703100000|
|  50|0x0000000703200000, 0x00000007032fe4d8, 0x0000000703300000| 99%| O|  |TS  0|AC  0|TAMS 0x0000000703200000, 0x0000000703200000|
|  51|0x0000000703300000, 0x00000007033fffe8, 0x0000000703400000| 99%| O|  |TS  0|AC  0|TAMS 0x0000000703300000, 0x0000000703300000|
|  52|0x0000000703400000, 0x00000007034fff48, 0x0000000703500000| 99%| O|  |TS  0|AC  0|TAMS 0x0000000703400000, 0x0000000703400000|
|  53|0x0000000703500000, 0x0000000703600000, 0x0000000703600000|100%| O|  |TS  0|AC  0|TAMS 0x0000000703500000, 0x0000000703500000|
|  54|0x0000000703600000, 0x00000007036ffee8, 0x0000000703700000| 99%| O|  |TS  0|AC  0|TAMS 0x0000000703600000, 0x0000000703600000|
|  55|0x0000000703700000, 0x0000000703800000, 0x0000000703800000|100%| O|  |TS  0|AC  0|TAMS 0x0000000703700000, 0x0000000703700000|
|  56|0x0000000703800000, 0x00000007038ffe68, 0x0000000703900000| 99%| O|  |TS  0|AC  0|TAMS 0x0000000703800000, 0x0000000703800000|
|  57|0x0000000703900000, 0x00000007039ffff8, 0x0000000703a00000| 99%| O|  |TS  0|AC  0|TAMS 0x0000000703900000, 0x0000000703900000|
|  58|0x0000000703a00000, 0x0000000703afffb8, 0x0000000703b00000| 99%| O|  |TS  0|AC  0|TAMS 0x0000000703a00000, 0x0000000703a00000|
|  59|0x0000000703b00000, 0x0000000703bffed0, 0x0000000703c00000| 99%| O|  |TS  0|AC  0|TAMS 0x0000000703b00000, 0x0000000703b00000|
|  60|0x0000000703c00000, 0x0000000703cfff30, 0x0000000703d00000| 99%| O|  |TS  0|AC  0|TAMS 0x0000000703c00000, 0x0000000703c00000|
|  61|0x0000000703d00000, 0x0000000703e00000, 0x0000000703e00000|100%| O|  |TS  0|AC  0|TAMS 0x0000000703d00000, 0x0000000703d00000|
|  62|0x0000000703e00000, 0x0000000703f00000, 0x0000000703f00000|100%| O|  |TS  0|AC  0|TAMS 0x0000000703e00000, 0x0000000703e00000|
|  63|0x0000000703f00000, 0x0000000703fffff8, 0x0000000704000000| 99%| O|  |TS  0|AC  0|TAMS 0x0000000703f00000, 0x0000000703f00000|
|  64|0x0000000704000000, 0x00000007040fffd8, 0x0000000704100000| 99%| O|  |TS  0|AC  0|TAMS 0x0000000704000000, 0x0000000704000000|
|  65|0x0000000704100000, 0x00000007041fff58, 0x0000000704200000| 99%| O|  |TS  0|AC  0|TAMS 0x0000000704100000, 0x0000000704100000|
|  66|0x0000000704200000, 0x00000007042ffff0, 0x0000000704300000| 99%| O|  |TS  0|AC  0|TAMS 0x0000000704200000, 0x0000000704200000|
|  67|0x0000000704300000, 0x00000007043fffd0, 0x0000000704400000| 99%| O|  |TS  0|AC  0|TAMS 0x0000000704300000, 0x0000000704300000|
|  68|0x0000000704400000, 0x00000007044feff0, 0x0000000704500000| 99%| O|  |TS  0|AC  0|TAMS 0x0000000704400000, 0x0000000704400000|
|  69|0x0000000704500000, 0x0000000704600000, 0x0000000704600000|100%| O|  |TS  0|AC  0|TAMS 0x0000000704500000, 0x0000000704500000|
|  70|0x0000000704600000, 0x00000007046fffe8, 0x0000000704700000| 99%| O|  |TS  0|AC  0|TAMS 0x0000000704600000, 0x0000000704600000|
|  71|0x0000000704700000, 0x00000007047ffff8, 0x0000000704800000| 99%| O|  |TS  0|AC  0|TAMS 0x0000000704700000, 0x0000000704700000|
|  72|0x0000000704800000, 0x00000007048fffa0, 0x0000000704900000| 99%| O|  |TS  0|AC  0|TAMS 0x0000000704800000, 0x0000000704800000|
|  73|0x0000000704900000, 0x00000007049ffff0, 0x0000000704a00000| 99%| O|  |TS  0|AC  0|TAMS 0x0000000704900000, 0x0000000704900000|
|  74|0x0000000704a00000, 0x0000000704b00000, 0x0000000704b00000|100%| O|  |TS  0|AC  0|TAMS 0x0000000704a00000, 0x0000000704a00000|
|  75|0x0000000704b00000, 0x0000000704c00000, 0x0000000704c00000|100%| O|  |TS  0|AC  0|TAMS 0x0000000704b00000, 0x0000000704b00000|
|  76|0x0000000704c00000, 0x0000000704cffd60, 0x0000000704d00000| 99%| O|  |TS  0|AC  0|TAMS 0x0000000704c00000, 0x0000000704c00000|
|  77|0x0000000704d00000, 0x0000000704dfe750, 0x0000000704e00000| 99%| O|  |TS  0|AC  0|TAMS 0x0000000704d00000, 0x0000000704d00000|
|  78|0x0000000704e00000, 0x0000000704efffe8, 0x0000000704f00000| 99%| O|  |TS  0|AC  0|TAMS 0x0000000704e00000, 0x0000000704e00000|
|  79|0x0000000704f00000, 0x0000000704fffff8, 0x0000000705000000| 99%| O|  |TS  0|AC  0|TAMS 0x0000000704f00000, 0x0000000704f00000|
|  80|0x0000000705000000, 0x00000007050ffff8, 0x0000000705100000| 99%| O|  |TS  0|AC  0|TAMS 0x0000000705000000, 0x0000000705000000|
|  81|0x0000000705100000, 0x00000007051ffe90, 0x0000000705200000| 99%| O|  |TS  0|AC  0|TAMS 0x0000000705100000, 0x0000000705100000|
|  82|0x0000000705200000, 0x00000007052ffff8, 0x0000000705300000| 99%| O|  |TS  0|AC  0|TAMS 0x0000000705200000, 0x0000000705200000|
|  83|0x0000000705300000, 0x0000000705400000, 0x0000000705400000|100%| O|  |TS  0|AC  0|TAMS 0x0000000705300000, 0x0000000705300000|
|  84|0x0000000705400000, 0x0000000705500000, 0x0000000705500000|100%|HS|  |TS  0|AC  0|TAMS 0x0000000705400000, 0x0000000705400000|
|  85|0x0000000705500000, 0x0000000705600000, 0x0000000705600000|100%|HC|  |TS  0|AC  0|TAMS 0x0000000705500000, 0x0000000705500000|
|  86|0x0000000705600000, 0x00000007056fff88, 0x0000000705700000| 99%| O|  |TS  0|AC  0|TAMS 0x0000000705600000, 0x0000000705600000|
|  87|0x0000000705700000, 0x00000007057ffff8, 0x0000000705800000| 99%| O|  |TS  0|AC  0|TAMS 0x0000000705700000, 0x0000000705700000|
|  88|0x0000000705800000, 0x00000007058ffff0, 0x0000000705900000| 99%| O|  |TS  0|AC  0|TAMS 0x0000000705800000, 0x0000000705800000|
|  89|0x0000000705900000, 0x00000007059ffff0, 0x0000000705a00000| 99%| O|  |TS  0|AC  0|TAMS 0x0000000705900000, 0x0000000705900000|
|  90|0x0000000705a00000, 0x0000000705afffe8, 0x0000000705b00000| 99%| O|  |TS  0|AC  0|TAMS 0x0000000705a00000, 0x0000000705a00000|
|  91|0x0000000705b00000, 0x0000000705bffff8, 0x0000000705c00000| 99%| O|  |TS  0|AC  0|TAMS 0x0000000705b00000, 0x0000000705b00000|
|  92|0x0000000705c00000, 0x0000000705cffff8, 0x0000000705d00000| 99%| O|  |TS  0|AC  0|TAMS 0x0000000705c00000, 0x0000000705c00000|
|  93|0x0000000705d00000, 0x0000000705e00000, 0x0000000705e00000|100%|HS|  |TS  0|AC  0|TAMS 0x0000000705d00000, 0x0000000705d00000|
|  94|0x0000000705e00000, 0x0000000705f00000, 0x0000000705f00000|100%|HS|  |TS  0|AC  0|TAMS 0x0000000705e00000, 0x0000000705e00000|
|  95|0x0000000705f00000, 0x0000000706000000, 0x0000000706000000|100%|HC|  |TS  0|AC  0|TAMS 0x0000000705f00000, 0x0000000705f00000|
|  96|0x0000000706000000, 0x0000000706100000, 0x0000000706100000|100%|HC|  |TS  0|AC  0|TAMS 0x0000000706000000, 0x0000000706000000|
|  97|0x0000000706100000, 0x0000000706200000, 0x0000000706200000|100%|HC|  |TS  0|AC  0|TAMS 0x0000000706100000, 0x0000000706100000|
|  98|0x0000000706200000, 0x0000000706300000, 0x0000000706300000|100%|HC|  |TS  0|AC  0|TAMS 0x0000000706200000, 0x0000000706200000|
|  99|0x0000000706300000, 0x0000000706400000, 0x0000000706400000|100%|HC|  |TS  0|AC  0|TAMS 0x0000000706300000, 0x0000000706300000|
| 100|0x0000000706400000, 0x0000000706500000, 0x0000000706500000|100%|HC|  |TS  0|AC  0|TAMS 0x0000000706400000, 0x0000000706400000|
| 101|0x0000000706500000, 0x0000000706600000, 0x0000000706600000|100%|HC|  |TS  0|AC  0|TAMS 0x0000000706500000, 0x0000000706500000|
| 102|0x0000000706600000, 0x00000007066ffff8, 0x0000000706700000| 99%| O|  |TS  0|AC  0|TAMS 0x0000000706600000, 0x0000000706600000|
| 103|0x0000000706700000, 0x00000007067ffff8, 0x0000000706800000| 99%| O|  |TS  0|AC  0|TAMS 0x0000000706700000, 0x0000000706700000|
| 104|0x0000000706800000, 0x00000007068fff20, 0x0000000706900000| 99%| O|  |TS  0|AC  0|TAMS 0x0000000706800000, 0x0000000706800000|
| 105|0x0000000706900000, 0x00000007069ffff0, 0x0000000706a00000| 99%| O|  |TS  0|AC  0|TAMS 0x0000000706900000, 0x0000000706900000|
| 106|0x0000000706a00000, 0x0000000706b00000, 0x0000000706b00000|100%| O|  |TS  0|AC  0|TAMS 0x0000000706a00000, 0x0000000706a00000|
| 107|0x0000000706b00000, 0x0000000706c00000, 0x0000000706c00000|100%| O|  |TS  0|AC  0|TAMS 0x0000000706b00000, 0x0000000706b00000|
| 108|0x0000000706c00000, 0x0000000706cffef8, 0x0000000706d00000| 99%| O|  |TS  0|AC  0|TAMS 0x0000000706c00000, 0x0000000706c00000|
| 109|0x0000000706d00000, 0x0000000706deed30, 0x0000000706e00000| 93%| O|  |TS  0|AC  0|TAMS 0x0000000706d00000, 0x0000000706d00000|
| 110|0x0000000706e00000, 0x0000000706f00000, 0x0000000706f00000|100%|HS|  |TS  0|AC  0|TAMS 0x0000000706e00000, 0x0000000706e00000|
| 111|0x0000000706f00000, 0x0000000707000000, 0x0000000707000000|100%|HC|  |TS  0|AC  0|TAMS 0x0000000706f00000, 0x0000000706f00000|
| 112|0x0000000707000000, 0x0000000707100000, 0x0000000707100000|100%|HS|  |TS  0|AC  0|TAMS 0x0000000707000000, 0x0000000707000000|
| 113|0x0000000707100000, 0x0000000707200000, 0x0000000707200000|100%|HC|  |TS  0|AC  0|TAMS 0x0000000707100000, 0x0000000707100000|
| 114|0x0000000707200000, 0x0000000707200000, 0x0000000707300000|  0%| F|  |TS  0|AC  0|TAMS 0x0000000707200000, 0x0000000707200000|
| 115|0x0000000707300000, 0x0000000707300000, 0x0000000707400000|  0%| F|  |TS  0|AC  0|TAMS 0x0000000707300000, 0x0000000707300000|
| 116|0x0000000707400000, 0x0000000707400000, 0x0000000707500000|  0%| F|  |TS  0|AC  0|TAMS 0x0000000707400000, 0x0000000707400000|
| 117|0x0000000707500000, 0x0000000707500000, 0x0000000707600000|  0%| F|  |TS  0|AC  0|TAMS 0x0000000707500000, 0x0000000707500000|
| 118|0x0000000707600000, 0x0000000707600000, 0x0000000707700000|  0%| F|  |TS  0|AC  0|TAMS 0x0000000707600000, 0x0000000707600000|
| 119|0x0000000707700000, 0x0000000707700000, 0x0000000707800000|  0%| F|  |TS  0|AC  0|TAMS 0x0000000707700000, 0x0000000707700000|
| 120|0x0000000707800000, 0x0000000707800000, 0x0000000707900000|  0%| F|  |TS  0|AC  0|TAMS 0x0000000707800000, 0x0000000707800000|
| 121|0x0000000707900000, 0x0000000707900000, 0x0000000707a00000|  0%| F|  |TS  0|AC  0|TAMS 0x0000000707900000, 0x0000000707900000|
| 122|0x0000000707a00000, 0x0000000707a00000, 0x0000000707b00000|  0%| F|  |TS  0|AC  0|TAMS 0x0000000707a00000, 0x0000000707a00000|
| 123|0x0000000707b00000, 0x0000000707b00000, 0x0000000707c00000|  0%| F|  |TS  0|AC  0|TAMS 0x0000000707b00000, 0x0000000707b00000|
| 124|0x0000000707c00000, 0x0000000707c00000, 0x0000000707d00000|  0%| F|  |TS  0|AC  0|TAMS 0x0000000707c00000, 0x0000000707c00000|
| 125|0x0000000707d00000, 0x0000000707d00000, 0x0000000707e00000|  0%| F|  |TS  0|AC  0|TAMS 0x0000000707d00000, 0x0000000707d00000|
| 126|0x0000000707e00000, 0x0000000707e00000, 0x0000000707f00000|  0%| F|  |TS  0|AC  0|TAMS 0x0000000707e00000, 0x0000000707e00000|
| 127|0x0000000707f00000, 0x0000000707f00000, 0x0000000708000000|  0%| F|  |TS  0|AC  0|TAMS 0x0000000707f00000, 0x0000000707f00000|
| 128|0x0000000708000000, 0x0000000708000000, 0x0000000708100000|  0%| F|  |TS  0|AC  0|TAMS 0x0000000708000000, 0x0000000708000000|
| 129|0x0000000708100000, 0x0000000708100000, 0x0000000708200000|  0%| F|  |TS  0|AC  0|TAMS 0x0000000708100000, 0x0000000708100000|
| 130|0x0000000708200000, 0x0000000708200000, 0x0000000708300000|  0%| F|  |TS  0|AC  0|TAMS 0x0000000708200000, 0x0000000708200000|
| 131|0x0000000708300000, 0x0000000708300000, 0x0000000708400000|  0%| F|  |TS  0|AC  0|TAMS 0x0000000708300000, 0x0000000708300000|
| 132|0x0000000708400000, 0x0000000708400000, 0x0000000708500000|  0%| F|  |TS  0|AC  0|TAMS 0x0000000708400000, 0x0000000708400000|
| 133|0x0000000708500000, 0x0000000708500000, 0x0000000708600000|  0%| F|  |TS  0|AC  0|TAMS 0x0000000708500000, 0x0000000708500000|
| 134|0x0000000708600000, 0x0000000708600000, 0x0000000708700000|  0%| F|  |TS  0|AC  0|TAMS 0x0000000708600000, 0x0000000708600000|
| 135|0x0000000708700000, 0x0000000708700000, 0x0000000708800000|  0%| F|  |TS  0|AC  0|TAMS 0x0000000708700000, 0x0000000708700000|
| 136|0x0000000708800000, 0x0000000708800000, 0x0000000708900000|  0%| F|  |TS  0|AC  0|TAMS 0x0000000708800000, 0x0000000708800000|
| 137|0x0000000708900000, 0x0000000708900000, 0x0000000708a00000|  0%| F|  |TS  0|AC  0|TAMS 0x0000000708900000, 0x0000000708900000|
| 138|0x0000000708a00000, 0x0000000708a00000, 0x0000000708b00000|  0%| F|  |TS  0|AC  0|TAMS 0x0000000708a00000, 0x0000000708a00000|
| 139|0x0000000708b00000, 0x0000000708b00000, 0x0000000708c00000|  0%| F|  |TS  0|AC  0|TAMS 0x0000000708b00000, 0x0000000708b00000|
| 140|0x0000000708c00000, 0x0000000708c00000, 0x0000000708d00000|  0%| F|  |TS  0|AC  0|TAMS 0x0000000708c00000, 0x0000000708c00000|
| 141|0x0000000708d00000, 0x0000000708d00000, 0x0000000708e00000|  0%| F|  |TS  0|AC  0|TAMS 0x0000000708d00000, 0x0000000708d00000|
| 142|0x0000000708e00000, 0x0000000708e00000, 0x0000000708f00000|  0%| F|  |TS  0|AC  0|TAMS 0x0000000708e00000, 0x0000000708e00000|
| 143|0x0000000708f00000, 0x0000000708f00000, 0x0000000709000000|  0%| F|  |TS  0|AC  0|TAMS 0x0000000708f00000, 0x0000000708f00000|
| 144|0x0000000709000000, 0x0000000709000000, 0x0000000709100000|  0%| F|  |TS  0|AC  0|TAMS 0x0000000709000000, 0x0000000709000000|
| 145|0x0000000709100000, 0x0000000709100000, 0x0000000709200000|  0%| F|  |TS  0|AC  0|TAMS 0x0000000709100000, 0x0000000709100000|
| 146|0x0000000709200000, 0x0000000709200000, 0x0000000709300000|  0%| F|  |TS  0|AC  0|TAMS 0x0000000709200000, 0x0000000709200000|
| 147|0x0000000709300000, 0x0000000709300000, 0x0000000709400000|  0%| F|  |TS  0|AC  0|TAMS 0x0000000709300000, 0x0000000709300000|
| 148|0x0000000709400000, 0x0000000709400000, 0x0000000709500000|  0%| F|  |TS  0|AC  0|TAMS 0x0000000709400000, 0x0000000709400000|
| 149|0x0000000709500000, 0x0000000709500000, 0x0000000709600000|  0%| F|  |TS  0|AC  0|TAMS 0x0000000709500000, 0x0000000709500000|
| 150|0x0000000709600000, 0x0000000709600000, 0x0000000709700000|  0%| F|  |TS  0|AC  0|TAMS 0x0000000709600000, 0x0000000709600000|
| 151|0x0000000709700000, 0x0000000709700000, 0x0000000709800000|  0%| F|  |TS  0|AC  0|TAMS 0x0000000709700000, 0x0000000709700000|
| 152|0x0000000709800000, 0x0000000709800000, 0x0000000709900000|  0%| F|  |TS  0|AC  0|TAMS 0x0000000709800000, 0x0000000709800000|
| 153|0x0000000709900000, 0x0000000709900000, 0x0000000709a00000|  0%| F|  |TS  0|AC  0|TAMS 0x0000000709900000, 0x0000000709900000|
| 154|0x0000000709a00000, 0x0000000709a00000, 0x0000000709b00000|  0%| F|  |TS  0|AC  0|TAMS 0x0000000709a00000, 0x0000000709a00000|
| 155|0x0000000709b00000, 0x0000000709b00000, 0x0000000709c00000|  0%| F|  |TS  0|AC  0|TAMS 0x0000000709b00000, 0x0000000709b00000|
| 156|0x0000000709c00000, 0x0000000709c00000, 0x0000000709d00000|  0%| F|  |TS  0|AC  0|TAMS 0x0000000709c00000, 0x0000000709c00000|
| 157|0x0000000709d00000, 0x0000000709d00000, 0x0000000709e00000|  0%| F|  |TS  0|AC  0|TAMS 0x0000000709d00000, 0x0000000709d00000|
| 158|0x0000000709e00000, 0x0000000709e00000, 0x0000000709f00000|  0%| F|  |TS  0|AC  0|TAMS 0x0000000709e00000, 0x0000000709e00000|
| 159|0x0000000709f00000, 0x0000000709f00000, 0x000000070a000000|  0%| F|  |TS  0|AC  0|TAMS 0x0000000709f00000, 0x0000000709f00000|
| 160|0x000000070a000000, 0x000000070a000000, 0x000000070a100000|  0%| F|  |TS  0|AC  0|TAMS 0x000000070a000000, 0x000000070a000000|
| 161|0x000000070a100000, 0x000000070a100000, 0x000000070a200000|  0%| F|  |TS  0|AC  0|TAMS 0x000000070a100000, 0x000000070a100000|
| 162|0x000000070a200000, 0x000000070a200000, 0x000000070a300000|  0%| F|  |TS  0|AC  0|TAMS 0x000000070a200000, 0x000000070a200000|
| 163|0x000000070a300000, 0x000000070a300000, 0x000000070a400000|  0%| F|  |TS  0|AC  0|TAMS 0x000000070a300000, 0x000000070a300000|
| 164|0x000000070a400000, 0x000000070a400000, 0x000000070a500000|  0%| F|  |TS  0|AC  0|TAMS 0x000000070a400000, 0x000000070a400000|
| 165|0x000000070a500000, 0x000000070a500000, 0x000000070a600000|  0%| F|  |TS  0|AC  0|TAMS 0x000000070a500000, 0x000000070a500000|
| 166|0x000000070a600000, 0x000000070a600000, 0x000000070a700000|  0%| F|  |TS  0|AC  0|TAMS 0x000000070a600000, 0x000000070a600000|
| 167|0x000000070a700000, 0x000000070a700000, 0x000000070a800000|  0%| F|  |TS  0|AC  0|TAMS 0x000000070a700000, 0x000000070a700000|
| 168|0x000000070a800000, 0x000000070a800000, 0x000000070a900000|  0%| F|  |TS  0|AC  0|TAMS 0x000000070a800000, 0x000000070a800000|
| 169|0x000000070a900000, 0x000000070a900000, 0x000000070aa00000|  0%| F|  |TS  0|AC  0|TAMS 0x000000070a900000, 0x000000070a900000|
| 170|0x000000070aa00000, 0x000000070aa00000, 0x000000070ab00000|  0%| F|  |TS  0|AC  0|TAMS 0x000000070aa00000, 0x000000070aa00000|
| 171|0x000000070ab00000, 0x000000070ab00000, 0x000000070ac00000|  0%| F|  |TS  0|AC  0|TAMS 0x000000070ab00000, 0x000000070ab00000|
| 172|0x000000070ac00000, 0x000000070ac00000, 0x000000070ad00000|  0%| F|  |TS  0|AC  0|TAMS 0x000000070ac00000, 0x000000070ac00000|
| 173|0x000000070ad00000, 0x000000070ad00000, 0x000000070ae00000|  0%| F|  |TS  0|AC  0|TAMS 0x000000070ad00000, 0x000000070ad00000|
| 174|0x000000070ae00000, 0x000000070ae00000, 0x000000070af00000|  0%| F|  |TS  0|AC  0|TAMS 0x000000070ae00000, 0x000000070ae00000|
| 175|0x000000070af00000, 0x000000070af00000, 0x000000070b000000|  0%| F|  |TS  0|AC  0|TAMS 0x000000070af00000, 0x000000070af00000|
| 176|0x000000070b000000, 0x000000070b000000, 0x000000070b100000|  0%| F|  |TS  0|AC  0|TAMS 0x000000070b000000, 0x000000070b000000|
| 177|0x000000070b100000, 0x000000070b100000, 0x000000070b200000|  0%| F|  |TS  0|AC  0|TAMS 0x000000070b100000, 0x000000070b100000|
| 178|0x000000070b200000, 0x000000070b200000, 0x000000070b300000|  0%| F|  |TS  0|AC  0|TAMS 0x000000070b200000, 0x000000070b200000|
| 179|0x000000070b300000, 0x000000070b300000, 0x000000070b400000|  0%| F|  |TS  0|AC  0|TAMS 0x000000070b300000, 0x000000070b300000|
| 180|0x000000070b400000, 0x000000070b400000, 0x000000070b500000|  0%| F|  |TS  0|AC  0|TAMS 0x000000070b400000, 0x000000070b400000|
| 181|0x000000070b500000, 0x000000070b500000, 0x000000070b600000|  0%| F|  |TS  0|AC  0|TAMS 0x000000070b500000, 0x000000070b500000|
| 182|0x000000070b600000, 0x000000070b600000, 0x000000070b700000|  0%| F|  |TS  0|AC  0|TAMS 0x000000070b600000, 0x000000070b600000|
| 183|0x000000070b700000, 0x000000070b700000, 0x000000070b800000|  0%| F|  |TS  0|AC  0|TAMS 0x000000070b700000, 0x000000070b700000|
| 184|0x000000070b800000, 0x000000070b800000, 0x000000070b900000|  0%| F|  |TS  0|AC  0|TAMS 0x000000070b800000, 0x000000070b800000|
| 185|0x000000070b900000, 0x000000070b900000, 0x000000070ba00000|  0%| F|  |TS  0|AC  0|TAMS 0x000000070b900000, 0x000000070b900000|
| 186|0x000000070ba00000, 0x000000070ba00000, 0x000000070bb00000|  0%| F|  |TS  0|AC  0|TAMS 0x000000070ba00000, 0x000000070ba00000|
| 187|0x000000070bb00000, 0x000000070bb00000, 0x000000070bc00000|  0%| F|  |TS  0|AC  0|TAMS 0x000000070bb00000, 0x000000070bb00000|
| 188|0x000000070bc00000, 0x000000070bc00000, 0x000000070bd00000|  0%| F|  |TS  0|AC  0|TAMS 0x000000070bc00000, 0x000000070bc00000|
| 189|0x000000070bd00000, 0x000000070bd00000, 0x000000070be00000|  0%| F|  |TS  0|AC  0|TAMS 0x000000070bd00000, 0x000000070bd00000|
| 190|0x000000070be00000, 0x000000070be00000, 0x000000070bf00000|  0%| F|  |TS  0|AC  0|TAMS 0x000000070be00000, 0x000000070be00000|
| 191|0x000000070bf00000, 0x000000070bf00000, 0x000000070c000000|  0%| F|  |TS  0|AC  0|TAMS 0x000000070bf00000, 0x000000070bf00000|
| 192|0x000000070c000000, 0x000000070c000000, 0x000000070c100000|  0%| F|  |TS  0|AC  0|TAMS 0x000000070c000000, 0x000000070c000000|
| 193|0x000000070c100000, 0x000000070c100000, 0x000000070c200000|  0%| F|  |TS  0|AC  0|TAMS 0x000000070c100000, 0x000000070c100000|
| 194|0x000000070c200000, 0x000000070c200000, 0x000000070c300000|  0%| F|  |TS  0|AC  0|TAMS 0x000000070c200000, 0x000000070c200000|
| 195|0x000000070c300000, 0x000000070c300000, 0x000000070c400000|  0%| F|  |TS  0|AC  0|TAMS 0x000000070c300000, 0x000000070c300000|
| 196|0x000000070c400000, 0x000000070c400000, 0x000000070c500000|  0%| F|  |TS  0|AC  0|TAMS 0x000000070c400000, 0x000000070c400000|
| 197|0x000000070c500000, 0x000000070c500000, 0x000000070c600000|  0%| F|  |TS  0|AC  0|TAMS 0x000000070c500000, 0x000000070c500000|
| 198|0x000000070c600000, 0x000000070c600000, 0x000000070c700000|  0%| F|  |TS  0|AC  0|TAMS 0x000000070c600000, 0x000000070c600000|
| 199|0x000000070c700000, 0x000000070c700000, 0x000000070c800000|  0%| F|  |TS  0|AC  0|TAMS 0x000000070c700000, 0x000000070c700000|
| 200|0x000000070c800000, 0x000000070c800000, 0x000000070c900000|  0%| F|  |TS  0|AC  0|TAMS 0x000000070c800000, 0x000000070c800000|
| 201|0x000000070c900000, 0x000000070c900000, 0x000000070ca00000|  0%| F|  |TS  0|AC  0|TAMS 0x000000070c900000, 0x000000070c900000|
| 202|0x000000070ca00000, 0x000000070ca00000, 0x000000070cb00000|  0%| F|  |TS  0|AC  0|TAMS 0x000000070ca00000, 0x000000070ca00000|
| 203|0x000000070cb00000, 0x000000070cb00000, 0x000000070cc00000|  0%| F|  |TS  0|AC  0|TAMS 0x000000070cb00000, 0x000000070cb00000|
| 204|0x000000070cc00000, 0x000000070cc00000, 0x000000070cd00000|  0%| F|  |TS  0|AC  0|TAMS 0x000000070cc00000, 0x000000070cc00000|
| 205|0x000000070cd00000, 0x000000070cd00000, 0x000000070ce00000|  0%| F|  |TS  0|AC  0|TAMS 0x000000070cd00000, 0x000000070cd00000|
| 206|0x000000070ce00000, 0x000000070ce00000, 0x000000070cf00000|  0%| F|  |TS  0|AC  0|TAMS 0x000000070ce00000, 0x000000070ce00000|
| 207|0x000000070cf00000, 0x000000070cf00000, 0x000000070d000000|  0%| F|  |TS  0|AC  0|TAMS 0x000000070cf00000, 0x000000070cf00000|
| 208|0x000000070d000000, 0x000000070d000000, 0x000000070d100000|  0%| F|  |TS  0|AC  0|TAMS 0x000000070d000000, 0x000000070d000000|
| 209|0x000000070d100000, 0x000000070d100000, 0x000000070d200000|  0%| F|  |TS  0|AC  0|TAMS 0x000000070d100000, 0x000000070d100000|
| 210|0x000000070d200000, 0x000000070d200000, 0x000000070d300000|  0%| F|  |TS  0|AC  0|TAMS 0x000000070d200000, 0x000000070d200000|
| 211|0x000000070d300000, 0x000000070d300000, 0x000000070d400000|  0%| F|  |TS  0|AC  0|TAMS 0x000000070d300000, 0x000000070d300000|
| 212|0x000000070d400000, 0x000000070d400000, 0x000000070d500000|  0%| F|  |TS  0|AC  0|TAMS 0x000000070d400000, 0x000000070d400000|
| 213|0x000000070d500000, 0x000000070d500000, 0x000000070d600000|  0%| F|  |TS  0|AC  0|TAMS 0x000000070d500000, 0x000000070d500000|
| 214|0x000000070d600000, 0x000000070d600000, 0x000000070d700000|  0%| F|  |TS  0|AC  0|TAMS 0x000000070d600000, 0x000000070d600000|
| 215|0x000000070d700000, 0x000000070d700000, 0x000000070d800000|  0%| F|  |TS  0|AC  0|TAMS 0x000000070d700000, 0x000000070d700000|
| 216|0x000000070d800000, 0x000000070d800000, 0x000000070d900000|  0%| F|  |TS  0|AC  0|TAMS 0x000000070d800000, 0x000000070d800000|
| 217|0x000000070d900000, 0x000000070d900000, 0x000000070da00000|  0%| F|  |TS  0|AC  0|TAMS 0x000000070d900000, 0x000000070d900000|
| 218|0x000000070da00000, 0x000000070da00000, 0x000000070db00000|  0%| F|  |TS  0|AC  0|TAMS 0x000000070da00000, 0x000000070da00000|
| 219|0x000000070db00000, 0x000000070db00000, 0x000000070dc00000|  0%| F|  |TS  0|AC  0|TAMS 0x000000070db00000, 0x000000070db00000|
| 220|0x000000070dc00000, 0x000000070dc00000, 0x000000070dd00000|  0%| F|  |TS  0|AC  0|TAMS 0x000000070dc00000, 0x000000070dc00000|
| 221|0x000000070dd00000, 0x000000070dd00000, 0x000000070de00000|  0%| F|  |TS  0|AC  0|TAMS 0x000000070dd00000, 0x000000070dd00000|
| 222|0x000000070de00000, 0x000000070de00000, 0x000000070df00000|  0%| F|  |TS  0|AC  0|TAMS 0x000000070de00000, 0x000000070de00000|
| 223|0x000000070df00000, 0x000000070df00000, 0x000000070e000000|  0%| F|  |TS  0|AC  0|TAMS 0x000000070df00000, 0x000000070df00000|
| 224|0x000000070e000000, 0x000000070e000000, 0x000000070e100000|  0%| F|  |TS  0|AC  0|TAMS 0x000000070e000000, 0x000000070e000000|
| 225|0x000000070e100000, 0x000000070e100000, 0x000000070e200000|  0%| F|  |TS  0|AC  0|TAMS 0x000000070e100000, 0x000000070e100000|
| 226|0x000000070e200000, 0x000000070e200000, 0x000000070e300000|  0%| F|  |TS  0|AC  0|TAMS 0x000000070e200000, 0x000000070e200000|
| 227|0x000000070e300000, 0x000000070e300000, 0x000000070e400000|  0%| F|  |TS  0|AC  0|TAMS 0x000000070e300000, 0x000000070e300000|
| 228|0x000000070e400000, 0x000000070e400000, 0x000000070e500000|  0%| F|  |TS  0|AC  0|TAMS 0x000000070e400000, 0x000000070e400000|
| 229|0x000000070e500000, 0x000000070e500000, 0x000000070e600000|  0%| F|  |TS  0|AC  0|TAMS 0x000000070e500000, 0x000000070e500000|
| 230|0x000000070e600000, 0x000000070e600000, 0x000000070e700000|  0%| F|  |TS  0|AC  0|TAMS 0x000000070e600000, 0x000000070e600000|
| 231|0x000000070e700000, 0x000000070e700000, 0x000000070e800000|  0%| F|  |TS  0|AC  0|TAMS 0x000000070e700000, 0x000000070e700000|
| 232|0x000000070e800000, 0x000000070e800000, 0x000000070e900000|  0%| F|  |TS  0|AC  0|TAMS 0x000000070e800000, 0x000000070e800000|
| 233|0x000000070e900000, 0x000000070e900000, 0x000000070ea00000|  0%| F|  |TS  0|AC  0|TAMS 0x000000070e900000, 0x000000070e900000|
| 234|0x000000070ea00000, 0x000000070ea00000, 0x000000070eb00000|  0%| F|  |TS  0|AC  0|TAMS 0x000000070ea00000, 0x000000070ea00000|
| 235|0x000000070eb00000, 0x000000070eb00000, 0x000000070ec00000|  0%| F|  |TS  0|AC  0|TAMS 0x000000070eb00000, 0x000000070eb00000|
| 236|0x000000070ec00000, 0x000000070ec00000, 0x000000070ed00000|  0%| F|  |TS  0|AC  0|TAMS 0x000000070ec00000, 0x000000070ec00000|
| 237|0x000000070ed00000, 0x000000070ed00000, 0x000000070ee00000|  0%| F|  |TS  0|AC  0|TAMS 0x000000070ed00000, 0x000000070ed00000|
| 238|0x000000070ee00000, 0x000000070ee00000, 0x000000070ef00000|  0%| F|  |TS  0|AC  0|TAMS 0x000000070ee00000, 0x000000070ee00000|
| 239|0x000000070ef00000, 0x000000070ef00000, 0x000000070f000000|  0%| F|  |TS  0|AC  0|TAMS 0x000000070ef00000, 0x000000070ef00000|
| 240|0x000000070f000000, 0x000000070f000000, 0x000000070f100000|  0%| F|  |TS  0|AC  0|TAMS 0x000000070f000000, 0x000000070f000000|
| 241|0x000000070f100000, 0x000000070f100000, 0x000000070f200000|  0%| F|  |TS  0|AC  0|TAMS 0x000000070f100000, 0x000000070f100000|
| 242|0x000000070f200000, 0x000000070f200000, 0x000000070f300000|  0%| F|  |TS  0|AC  0|TAMS 0x000000070f200000, 0x000000070f200000|
| 243|0x000000070f300000, 0x000000070f300000, 0x000000070f400000|  0%| F|  |TS  0|AC  0|TAMS 0x000000070f300000, 0x000000070f300000|
| 244|0x000000070f400000, 0x000000070f400000, 0x000000070f500000|  0%| F|  |TS  0|AC  0|TAMS 0x000000070f400000, 0x000000070f400000|
| 245|0x000000070f500000, 0x000000070f500000, 0x000000070f600000|  0%| F|  |TS  0|AC  0|TAMS 0x000000070f500000, 0x000000070f500000|
| 246|0x000000070f600000, 0x000000070f600000, 0x000000070f700000|  0%| F|  |TS  0|AC  0|TAMS 0x000000070f600000, 0x000000070f600000|
| 247|0x000000070f700000, 0x000000070f700000, 0x000000070f800000|  0%| F|  |TS  0|AC  0|TAMS 0x000000070f700000, 0x000000070f700000|
| 248|0x000000070f800000, 0x000000070f800000, 0x000000070f900000|  0%| F|  |TS  0|AC  0|TAMS 0x000000070f800000, 0x000000070f800000|
| 249|0x000000070f900000, 0x000000070f900000, 0x000000070fa00000|  0%| F|  |TS  0|AC  0|TAMS 0x000000070f900000, 0x000000070f900000|
| 250|0x000000070fa00000, 0x000000070fa00000, 0x000000070fb00000|  0%| F|  |TS  0|AC  0|TAMS 0x000000070fa00000, 0x000000070fa00000|
| 251|0x000000070fb00000, 0x000000070fb00000, 0x000000070fc00000|  0%| F|  |TS  0|AC  0|TAMS 0x000000070fb00000, 0x000000070fb00000|
| 252|0x000000070fc00000, 0x000000070fc00000, 0x000000070fd00000|  0%| F|  |TS  0|AC  0|TAMS 0x000000070fc00000, 0x000000070fc00000|
| 253|0x000000070fd00000, 0x000000070fd00000, 0x000000070fe00000|  0%| F|  |TS  0|AC  0|TAMS 0x000000070fd00000, 0x000000070fd00000|
| 254|0x000000070fe00000, 0x000000070fe00000, 0x000000070ff00000|  0%| F|  |TS  0|AC  0|TAMS 0x000000070fe00000, 0x000000070fe00000|
| 255|0x000000070ff00000, 0x000000070ff00000, 0x0000000710000000|  0%| F|  |TS  0|AC  0|TAMS 0x000000070ff00000, 0x000000070ff00000|
| 256|0x0000000710000000, 0x0000000710000000, 0x0000000710100000|  0%| F|  |TS  0|AC  0|TAMS 0x0000000710000000, 0x0000000710000000|
| 257|0x0000000710100000, 0x0000000710100000, 0x0000000710200000|  0%| F|  |TS  0|AC  0|TAMS 0x0000000710100000, 0x0000000710100000|
| 258|0x0000000710200000, 0x0000000710200000, 0x0000000710300000|  0%| F|  |TS  0|AC  0|TAMS 0x0000000710200000, 0x0000000710200000|
| 259|0x0000000710300000, 0x0000000710300000, 0x0000000710400000|  0%| F|  |TS  0|AC  0|TAMS 0x0000000710300000, 0x0000000710300000|
| 260|0x0000000710400000, 0x0000000710400000, 0x0000000710500000|  0%| F|  |TS  0|AC  0|TAMS 0x0000000710400000, 0x0000000710400000|
| 261|0x0000000710500000, 0x0000000710500000, 0x0000000710600000|  0%| F|  |TS  0|AC  0|TAMS 0x0000000710500000, 0x0000000710500000|
| 262|0x0000000710600000, 0x0000000710600000, 0x0000000710700000|  0%| F|  |TS  0|AC  0|TAMS 0x0000000710600000, 0x0000000710600000|
| 263|0x0000000710700000, 0x0000000710700000, 0x0000000710800000|  0%| F|  |TS  0|AC  0|TAMS 0x0000000710700000, 0x0000000710700000|
| 264|0x0000000710800000, 0x0000000710800000, 0x0000000710900000|  0%| F|  |TS  0|AC  0|TAMS 0x0000000710800000, 0x0000000710800000|
| 265|0x0000000710900000, 0x0000000710900000, 0x0000000710a00000|  0%| F|  |TS  0|AC  0|TAMS 0x0000000710900000, 0x0000000710900000|
| 266|0x0000000710a00000, 0x0000000710a00000, 0x0000000710b00000|  0%| F|  |TS  0|AC  0|TAMS 0x0000000710a00000, 0x0000000710a00000|
| 267|0x0000000710b00000, 0x0000000710b00000, 0x0000000710c00000|  0%| F|  |TS  0|AC  0|TAMS 0x0000000710b00000, 0x0000000710b00000|
| 268|0x0000000710c00000, 0x0000000710c00000, 0x0000000710d00000|  0%| F|  |TS  0|AC  0|TAMS 0x0000000710c00000, 0x0000000710c00000|
| 269|0x0000000710d00000, 0x0000000710d00000, 0x0000000710e00000|  0%| F|  |TS  0|AC  0|TAMS 0x0000000710d00000, 0x0000000710d00000|
| 270|0x0000000710e00000, 0x0000000710e00000, 0x0000000710f00000|  0%| F|  |TS  9|AC  0|TAMS 0x0000000710e00000, 0x0000000710e00000|
| 271|0x0000000710f00000, 0x0000000710f00000, 0x0000000711000000|  0%| F|  |TS 13|AC  0|TAMS 0x0000000710f00000, 0x0000000710f00000|
| 272|0x0000000711000000, 0x0000000711000000, 0x0000000711100000|  0%| F|  |TS 11|AC  0|TAMS 0x0000000711000000, 0x0000000711000000|
| 273|0x0000000711100000, 0x0000000711100000, 0x0000000711200000|  0%| F|  |TS 11|AC  0|TAMS 0x0000000711100000, 0x0000000711100000|
| 274|0x0000000711200000, 0x0000000711200000, 0x0000000711300000|  0%| F|  |TS 11|AC  0|TAMS 0x0000000711200000, 0x0000000711200000|
| 275|0x0000000711300000, 0x0000000711300000, 0x0000000711400000|  0%| F|  |TS 11|AC  0|TAMS 0x0000000711300000, 0x0000000711300000|
| 276|0x0000000711400000, 0x0000000711400000, 0x0000000711500000|  0%| F|  |TS 11|AC  0|TAMS 0x0000000711400000, 0x0000000711400000|
| 277|0x0000000711500000, 0x0000000711500000, 0x0000000711600000|  0%| F|  |TS 11|AC  0|TAMS 0x0000000711500000, 0x0000000711500000|
| 278|0x0000000711600000, 0x0000000711600000, 0x0000000711700000|  0%| F|  |TS 11|AC  0|TAMS 0x0000000711600000, 0x0000000711600000|
| 279|0x0000000711700000, 0x0000000711700000, 0x0000000711800000|  0%| F|  |TS 11|AC  0|TAMS 0x0000000711700000, 0x0000000711700000|
| 280|0x0000000711800000, 0x0000000711800000, 0x0000000711900000|  0%| F|  |TS 11|AC  0|TAMS 0x0000000711800000, 0x0000000711800000|
| 281|0x0000000711900000, 0x0000000711900000, 0x0000000711a00000|  0%| F|  |TS 11|AC  0|TAMS 0x0000000711900000, 0x0000000711900000|
| 282|0x0000000711a00000, 0x0000000711a00000, 0x0000000711b00000|  0%| F|  |TS 11|AC  0|TAMS 0x0000000711a00000, 0x0000000711a00000|
| 283|0x0000000711b00000, 0x0000000711b00000, 0x0000000711c00000|  0%| F|  |TS 11|AC  0|TAMS 0x0000000711b00000, 0x0000000711b00000|
| 284|0x0000000711c00000, 0x0000000711c00000, 0x0000000711d00000|  0%| F|  |TS 11|AC  0|TAMS 0x0000000711c00000, 0x0000000711c00000|
| 285|0x0000000711d00000, 0x0000000711d00000, 0x0000000711e00000|  0%| F|  |TS 11|AC  0|TAMS 0x0000000711d00000, 0x0000000711d00000|
| 286|0x0000000711e00000, 0x0000000711e00000, 0x0000000711f00000|  0%| F|  |TS 11|AC  0|TAMS 0x0000000711e00000, 0x0000000711e00000|
| 287|0x0000000711f00000, 0x0000000711f00000, 0x0000000712000000|  0%| F|  |TS 11|AC  0|TAMS 0x0000000711f00000, 0x0000000711f00000|
| 288|0x0000000712000000, 0x0000000712000000, 0x0000000712100000|  0%| F|  |TS 11|AC  0|TAMS 0x0000000712000000, 0x0000000712000000|
| 289|0x0000000712100000, 0x0000000712100000, 0x0000000712200000|  0%| F|  |TS 11|AC  0|TAMS 0x0000000712100000, 0x0000000712100000|
| 290|0x0000000712200000, 0x0000000712200000, 0x0000000712300000|  0%| F|  |TS 11|AC  0|TAMS 0x0000000712200000, 0x0000000712200000|
| 291|0x0000000712300000, 0x0000000712300000, 0x0000000712400000|  0%| F|  |TS 11|AC  0|TAMS 0x0000000712300000, 0x0000000712300000|
| 292|0x0000000712400000, 0x0000000712400000, 0x0000000712500000|  0%| F|  |TS 11|AC  0|TAMS 0x0000000712400000, 0x0000000712400000|
| 293|0x0000000712500000, 0x0000000712500000, 0x0000000712600000|  0%| F|  |TS 11|AC  0|TAMS 0x0000000712500000, 0x0000000712500000|
| 294|0x0000000712600000, 0x0000000712600000, 0x0000000712700000|  0%| F|  |TS 11|AC  0|TAMS 0x0000000712600000, 0x0000000712600000|
| 295|0x0000000712700000, 0x0000000712700000, 0x0000000712800000|  0%| F|  |TS 11|AC  0|TAMS 0x0000000712700000, 0x0000000712700000|
| 296|0x0000000712800000, 0x0000000712800000, 0x0000000712900000|  0%| F|  |TS 11|AC  0|TAMS 0x0000000712800000, 0x0000000712800000|
| 297|0x0000000712900000, 0x0000000712900000, 0x0000000712a00000|  0%| F|  |TS 11|AC  0|TAMS 0x0000000712900000, 0x0000000712900000|
| 298|0x0000000712a00000, 0x0000000712a00000, 0x0000000712b00000|  0%| F|  |TS 11|AC  0|TAMS 0x0000000712a00000, 0x0000000712a00000|
| 299|0x0000000712b00000, 0x0000000712b00000, 0x0000000712c00000|  0%| F|  |TS 11|AC  0|TAMS 0x0000000712b00000, 0x0000000712b00000|
| 300|0x0000000712c00000, 0x0000000712c00000, 0x0000000712d00000|  0%| F|  |TS 11|AC  0|TAMS 0x0000000712c00000, 0x0000000712c00000|
| 301|0x0000000712d00000, 0x0000000712d00000, 0x0000000712e00000|  0%| F|  |TS 11|AC  0|TAMS 0x0000000712d00000, 0x0000000712d00000|
| 302|0x0000000712e00000, 0x0000000712e00000, 0x0000000712f00000|  0%| F|  |TS 11|AC  0|TAMS 0x0000000712e00000, 0x0000000712e00000|
| 303|0x0000000712f00000, 0x0000000712f21b70, 0x0000000713000000| 13%| S|CS|TS 13|AC  0|TAMS 0x0000000712f00000, 0x0000000712f00000|
| 304|0x0000000713000000, 0x0000000713100000, 0x0000000713100000|100%| S|CS|TS 13|AC  0|TAMS 0x0000000713000000, 0x0000000713000000|
| 305|0x0000000713100000, 0x0000000713100000, 0x0000000713200000|  0%| F|  |TS 13|AC  0|TAMS 0x0000000713100000, 0x0000000713100000|
| 306|0x0000000713200000, 0x0000000713200000, 0x0000000713300000|  0%| F|  |TS 13|AC  0|TAMS 0x0000000713200000, 0x0000000713200000|
| 307|0x0000000713300000, 0x0000000713300000, 0x0000000713400000|  0%| F|  |TS 13|AC  0|TAMS 0x0000000713300000, 0x0000000713300000|
| 308|0x0000000713400000, 0x0000000713400000, 0x0000000713500000|  0%| F|  |TS 13|AC  0|TAMS 0x0000000713400000, 0x0000000713400000|
| 309|0x0000000713500000, 0x0000000713500000, 0x0000000713600000|  0%| F|  |TS 13|AC  0|TAMS 0x0000000713500000, 0x0000000713500000|
| 310|0x0000000713600000, 0x0000000713600000, 0x0000000713700000|  0%| F|  |TS 13|AC  0|TAMS 0x0000000713600000, 0x0000000713600000|
| 311|0x0000000713700000, 0x0000000713700000, 0x0000000713800000|  0%| F|  |TS 13|AC  0|TAMS 0x0000000713700000, 0x0000000713700000|
| 312|0x0000000713800000, 0x0000000713800000, 0x0000000713900000|  0%| F|  |TS 13|AC  0|TAMS 0x0000000713800000, 0x0000000713800000|
| 313|0x0000000713900000, 0x0000000713900000, 0x0000000713a00000|  0%| F|  |TS 13|AC  0|TAMS 0x0000000713900000, 0x0000000713900000|
| 314|0x0000000713a00000, 0x0000000713a00000, 0x0000000713b00000|  0%| F|  |TS 13|AC  0|TAMS 0x0000000713a00000, 0x0000000713a00000|
| 315|0x0000000713b00000, 0x0000000713b00000, 0x0000000713c00000|  0%| F|  |TS 13|AC  0|TAMS 0x0000000713b00000, 0x0000000713b00000|
| 316|0x0000000713c00000, 0x0000000713c00000, 0x0000000713d00000|  0%| F|  |TS 13|AC  0|TAMS 0x0000000713c00000, 0x0000000713c00000|
| 317|0x0000000713d00000, 0x0000000713d00000, 0x0000000713e00000|  0%| F|  |TS 13|AC  0|TAMS 0x0000000713d00000, 0x0000000713d00000|
| 318|0x0000000713e00000, 0x0000000713e00000, 0x0000000713f00000|  0%| F|  |TS 13|AC  0|TAMS 0x0000000713e00000, 0x0000000713e00000|
| 319|0x0000000713f00000, 0x0000000713f00000, 0x0000000714000000|  0%| F|  |TS 13|AC  0|TAMS 0x0000000713f00000, 0x0000000713f00000|
| 320|0x0000000714000000, 0x0000000714000000, 0x0000000714100000|  0%| F|  |TS 13|AC  0|TAMS 0x0000000714000000, 0x0000000714000000|
| 321|0x0000000714100000, 0x0000000714100000, 0x0000000714200000|  0%| F|  |TS 13|AC  0|TAMS 0x0000000714100000, 0x0000000714100000|
| 322|0x0000000714200000, 0x0000000714200000, 0x0000000714300000|  0%| F|  |TS 13|AC  0|TAMS 0x0000000714200000, 0x0000000714200000|
| 323|0x0000000714300000, 0x0000000714300000, 0x0000000714400000|  0%| F|  |TS 13|AC  0|TAMS 0x0000000714300000, 0x0000000714300000|
| 324|0x0000000714400000, 0x0000000714400000, 0x0000000714500000|  0%| F|  |TS 13|AC  0|TAMS 0x0000000714400000, 0x0000000714400000|
| 325|0x0000000714500000, 0x00000007145ddb90, 0x0000000714600000| 86%| E|  |TS 13|AC  0|TAMS 0x0000000714500000, 0x0000000714500000|
| 326|0x0000000714600000, 0x0000000714700000, 0x0000000714700000|100%| E|CS|TS 13|AC  0|TAMS 0x0000000714600000, 0x0000000714600000|
| 327|0x0000000714700000, 0x0000000714800000, 0x0000000714800000|100%| E|CS|TS 13|AC  0|TAMS 0x0000000714700000, 0x0000000714700000|
| 328|0x0000000714800000, 0x0000000714900000, 0x0000000714900000|100%| E|CS|TS 13|AC  0|TAMS 0x0000000714800000, 0x0000000714800000|
| 329|0x0000000714900000, 0x0000000714a00000, 0x0000000714a00000|100%| E|CS|TS 13|AC  0|TAMS 0x0000000714900000, 0x0000000714900000|
| 330|0x0000000714a00000, 0x0000000714b00000, 0x0000000714b00000|100%| E|CS|TS 13|AC  0|TAMS 0x0000000714a00000, 0x0000000714a00000|
| 331|0x0000000714b00000, 0x0000000714c00000, 0x0000000714c00000|100%| E|CS|TS 13|AC  0|TAMS 0x0000000714b00000, 0x0000000714b00000|

Card table byte_map: [0x000001f7541a0000,0x000001f7547a0000] byte_map_base: 0x000001f7509a0000

Marking Bits (Prev, Next): (CMBitMap*) 0x000001f73cc4b960, (CMBitMap*) 0x000001f73cc4b998
 Prev Bits: [0x000001f754da0000, 0x000001f757da0000)
 Next Bits: [0x000001f757da0000, 0x000001f75ada0000)

Polling page: 0x000001f733cb0000

CodeHeap 'non-profiled nmethods': size=120000Kb used=30604Kb max_used=30604Kb free=89395Kb
 bounds [0x000001f74c070000, 0x000001f74de60000, 0x000001f7535a0000]
CodeHeap 'profiled nmethods': size=120000Kb used=50215Kb max_used=50215Kb free=69784Kb
 bounds [0x000001f744b40000, 0x000001f747cb0000, 0x000001f74c070000]
CodeHeap 'non-nmethods': size=5760Kb used=1827Kb max_used=1905Kb free=3933Kb
 bounds [0x000001f7445a0000, 0x000001f744810000, 0x000001f744b40000]
 total_blobs=42272 nmethods=21177 adapters=1178
 compilation: enabled

Compilation events (10 events):
Event: 9639.069 Thread 0x000001f73bb21000 28290       3       javax.swing.LayoutFocusTraversalPolicy::getFirstComponent (43 bytes)
Event: 9639.069 Thread 0x000001f73bb21000 nmethod 28290 0x000001f747c9a510 code [0x000001f747c9a720, 0x000001f747c9b0b0]
Event: 9639.116 Thread 0x000001f73bb21000 28292       3       ui.views.O.f.q::a (181 bytes)
Event: 9639.117 Thread 0x000001f73bb21000 nmethod 28292 0x000001f747c9b310 code [0x000001f747c9b720, 0x000001f747c9d450]
Event: 9639.128 Thread 0x000001f73bb21000 28293       3       com.jidesoft.grid.JideTable::b (256 bytes)
Event: 9639.130 Thread 0x000001f73bb21000 nmethod 28293 0x000001f747c9dd90 code [0x000001f747c9e0c0, 0x000001f747c9fe40]
Event: 9639.533 Thread 0x000001f73bb21000 28294       3       ui.views.waveform.f.e::getTreeCellRendererComponent (645 bytes)
Event: 9639.540 Thread 0x000001f73a716000 28295   !   4       javax.swing.plaf.synth.SynthInternalFrameTitlePane::getButtonMnemonic (16 bytes)
Event: 9639.541 Thread 0x000001f73bb21000 nmethod 28294 0x000001f747ca0390 code [0x000001f747ca0a60, 0x000001f747ca5d90]
Event: 9639.564 Thread 0x000001f73a716000 nmethod 28295 0x000001f74de57510 code [0x000001f74de57780, 0x000001f74de58850]

GC Heap History (10 events):
Event: 9633.536 GC heap before
{Heap before GC invocations=1360 (full 686):
 garbage-first heap   total 339968K, used 175107K [0x0000000700000000, 0x0000000700100a60, 0x00000007c0000000)
  region size 1024K, 60 young (61440K), 1 survivors (1024K)
 Metaspace       used 91305K, capacity 94230K, committed 99324K, reserved 1134592K
  class space    used 12636K, capacity 13221K, committed 14332K, reserved 1048576K
}
Event: 9633.539 GC heap after
{Heap after GC invocations=1361 (full 686):
 garbage-first heap   total 339968K, used 114981K [0x0000000700000000, 0x0000000700100a60, 0x00000007c0000000)
  region size 1024K, 1 young (1024K), 1 survivors (1024K)
 Metaspace       used 91305K, capacity 94230K, committed 99324K, reserved 1134592K
  class space    used 12636K, capacity 13221K, committed 14332K, reserved 1048576K
}
Event: 9634.697 GC heap before
{Heap before GC invocations=1361 (full 686):
 garbage-first heap   total 339968K, used 175397K [0x0000000700000000, 0x0000000700100a60, 0x00000007c0000000)
  region size 1024K, 60 young (61440K), 1 survivors (1024K)
 Metaspace       used 91347K, capacity 94294K, committed 99580K, reserved 1134592K
  class space    used 12636K, capacity 13221K, committed 14332K, reserved 1048576K
}
Event: 9634.701 GC heap after
{Heap after GC invocations=1362 (full 686):
 garbage-first heap   total 339968K, used 115647K [0x0000000700000000, 0x0000000700100a60, 0x00000007c0000000)
  region size 1024K, 2 young (2048K), 2 survivors (2048K)
 Metaspace       used 91347K, capacity 94294K, committed 99580K, reserved 1134592K
  class space    used 12636K, capacity 13221K, committed 14332K, reserved 1048576K
}
Event: 9636.560 GC heap before
{Heap before GC invocations=1362 (full 686):
 garbage-first heap   total 339968K, used 175039K [0x0000000700000000, 0x0000000700100a60, 0x00000007c0000000)
  region size 1024K, 60 young (61440K), 2 survivors (2048K)
 Metaspace       used 91350K, capacity 94294K, committed 99580K, reserved 1134592K
  class space    used 12636K, capacity 13221K, committed 14332K, reserved 1048576K
}
Event: 9636.563 GC heap after
{Heap after GC invocations=1363 (full 686):
 garbage-first heap   total 339968K, used 115125K [0x0000000700000000, 0x0000000700100a60, 0x00000007c0000000)
  region size 1024K, 1 young (1024K), 1 survivors (1024K)
 Metaspace       used 91350K, capacity 94294K, committed 99580K, reserved 1134592K
  class space    used 12636K, capacity 13221K, committed 14332K, reserved 1048576K
}
Event: 9636.786 GC heap before
{Heap before GC invocations=1363 (full 686):
 garbage-first heap   total 339968K, used 175541K [0x0000000700000000, 0x0000000700100a60, 0x00000007c0000000)
  region size 1024K, 60 young (61440K), 1 survivors (1024K)
 Metaspace       used 91350K, capacity 94294K, committed 99580K, reserved 1134592K
  class space    used 12636K, capacity 13221K, committed 14332K, reserved 1048576K
}
Event: 9636.789 GC heap after
{Heap after GC invocations=1364 (full 686):
 garbage-first heap   total 339968K, used 114903K [0x0000000700000000, 0x0000000700100a60, 0x00000007c0000000)
  region size 1024K, 1 young (1024K), 1 survivors (1024K)
 Metaspace       used 91350K, capacity 94294K, committed 99580K, reserved 1134592K
  class space    used 12636K, capacity 13221K, committed 14332K, reserved 1048576K
}
Event: 9639.533 GC heap before
{Heap before GC invocations=1364 (full 686):
 garbage-first heap   total 339968K, used 143575K [0x0000000700000000, 0x0000000700100a60, 0x00000007c0000000)
  region size 1024K, 28 young (28672K), 1 survivors (1024K)
 Metaspace       used 91362K, capacity 94294K, committed 99580K, reserved 1134592K
  class space    used 12636K, capacity 13221K, committed 14332K, reserved 1048576K
}
Event: 9639.537 GC heap after
{Heap after GC invocations=1365 (full 686):
 garbage-first heap   total 339968K, used 117436K [0x0000000700000000, 0x0000000700100a60, 0x00000007c0000000)
  region size 1024K, 2 young (2048K), 2 survivors (2048K)
 Metaspace       used 91362K, capacity 94294K, committed 99580K, reserved 1134592K
  class space    used 12636K, capacity 13221K, committed 14332K, reserved 1048576K
}

Deoptimization events (10 events):
Event: 9626.920 Thread 0x000001f75ef5a000 Uncommon trap: reason=bimorphic_or_optimized_type_check action=maybe_recompile pc=0x000001f74d1c9490 method=javax.swing.undo.UndoManager.canUndo()Z @ 17 c2
Event: 9626.920 Thread 0x000001f75ef5a000 Uncommon trap: reason=bimorphic_or_optimized_type_check action=maybe_recompile pc=0x000001f74d1c9490 method=javax.swing.undo.UndoManager.canUndo()Z @ 17 c2
Event: 9626.922 Thread 0x000001f75ef5a000 Uncommon trap: reason=class_check action=maybe_recompile pc=0x000001f74c26decc method=java.awt.Component.processMouseEvent(Ljava/awt/event/MouseEvent;)V @ 74 c2
Event: 9626.988 Thread 0x000001f75ef5a000 Uncommon trap: reason=unstable_if action=reinterpret pc=0x000001f74d35dd30 method=ui.data.n.b.c.a.d.a(Lui/data/n/a;Ljava/awt/Rectangle;Z)Z @ 58 c2
Event: 9630.176 Thread 0x000001f75ef5a000 Uncommon trap: reason=bimorphic_or_optimized_type_check action=maybe_recompile pc=0x000001f74d1c9490 method=javax.swing.undo.UndoManager.canUndo()Z @ 17 c2
Event: 9635.900 Thread 0x000001f75ef5a000 Uncommon trap: reason=predicate action=maybe_recompile pc=0x000001f74de24388 method=java.awt.datatransfer.MimeTypeParameterList.parse(Ljava/lang/String;)V @ 71 c2
Event: 9636.451 Thread 0x000001f75ef5a000 Uncommon trap: reason=unstable_if action=reinterpret pc=0x000001f74d746e5c method=ui.views.waveform.f.e.getTreeCellRendererComponent(Ljavax/swing/JTree;Ljava/lang/Object;ZZZIZ)Ljava/awt/Component; @ 67 c2
Event: 9636.451 Thread 0x000001f75ef5a000 Uncommon trap: reason=unstable_if action=reinterpret pc=0x000001f74d25f614 method=javax.swing.tree.VariableHeightLayoutCache.getBounds(Ljavax/swing/tree/TreePath;Ljava/awt/Rectangle;)Ljava/awt/Rectangle; @ 16 c2
Event: 9640.035 Thread 0x000001f75ef5a000 Uncommon trap: reason=unloaded action=reinterpret pc=0x000001f74d50ebe4 method=ui.frmwork.HTclEventBroker.fireTclEvent(J)I @ 102 c2
Event: 9640.037 Thread 0x000001f75ef5a000 Uncommon trap: reason=unstable_if action=reinterpret pc=0x000001f74c661c44 method=java.lang.Throwable.getOurStackTrace()[Ljava/lang/StackTraceElement; @ 7 c2

Classes redefined (0 events):
No events

Internal exceptions (10 events):
Event: 9163.598 Thread 0x000001f75ef5a000 Exception <a 'java/io/FileNotFoundException'{0x0000000713e82bf0}> (0x0000000713e82bf0) thrown at [t:/workspace/hotspot/src/share/vm/prims/jni.cpp, line 604]
Event: 9168.598 Thread 0x000001f75ef5a000 Exception <a 'java/io/FileNotFoundException'{0x0000000713adaa80}> (0x0000000713adaa80) thrown at [t:/workspace/hotspot/src/share/vm/prims/jni.cpp, line 604]
Event: 9173.599 Thread 0x000001f75ef5a000 Exception <a 'java/io/FileNotFoundException'{0x00000007136dcd50}> (0x00000007136dcd50) thrown at [t:/workspace/hotspot/src/share/vm/prims/jni.cpp, line 604]
Event: 9178.600 Thread 0x000001f75ef5a000 Exception <a 'java/io/FileNotFoundException'{0x000000071303a6c0}> (0x000000071303a6c0) thrown at [t:/workspace/hotspot/src/share/vm/prims/jni.cpp, line 604]
Event: 9183.600 Thread 0x000001f75ef5a000 Exception <a 'java/io/FileNotFoundException'{0x0000000712db8398}> (0x0000000712db8398) thrown at [t:/workspace/hotspot/src/share/vm/prims/jni.cpp, line 604]
Event: 9188.601 Thread 0x000001f75ef5a000 Exception <a 'java/io/FileNotFoundException'{0x000000071284bfb8}> (0x000000071284bfb8) thrown at [t:/workspace/hotspot/src/share/vm/prims/jni.cpp, line 604]
Event: 9272.562 Thread 0x000001f76e795800 Exception <a 'java/lang/InterruptedException'{0x0000000712e80c10}: sleep interrupted> (0x0000000712e80c10) thrown at [t:/workspace/hotspot/src/share/vm/prims/jvm.cpp, line 2984]
Event: 9327.902 Thread 0x000001f75ef5a000 Implicit null exception at 0x000001f74d442d24 to 0x000001f74d44673d
Event: 9639.004 Thread 0x000001f76e795800 Exception <a 'java/lang/InterruptedException'{0x0000000713ce5bc0}: sleep interrupted> (0x0000000713ce5bc0) thrown at [t:/workspace/hotspot/src/share/vm/prims/jvm.cpp, line 3023]
Event: 9640.035 Thread 0x000001f75ef5a000 Exception <a 'ui/frmwork/CommandFailedException'{0x000000071465b0d8}: Unknown exception occurred> (0x000000071465b0d8) thrown at [t:/workspace/hotspot/src/share/vm/prims/jni.cpp, line 625]

Events (10 events):
Event: 9640.035 Thread 0x000001f75ef5a000 DEOPT UNPACKING pc=0x000001f7445edf29 sp=0x00000012d94f4f00 mode 2
Event: 9640.036 loading class java/lang/IndexOutOfBoundsException
Event: 9640.036 loading class java/lang/IndexOutOfBoundsException done
Event: 9640.036 loading class java/awt/IllegalComponentStateException
Event: 9640.036 loading class java/awt/IllegalComponentStateException done
Event: 9640.036 loading class java/util/NoSuchElementException
Event: 9640.036 loading class java/util/NoSuchElementException done
Event: 9640.037 Thread 0x000001f75ef5a000 Uncommon trap: trap_request=0xffffff5d fr.pc=0x000001f74c661c44 relative=0x0000000000000764
Event: 9640.037 Thread 0x000001f75ef5a000 DEOPT PACKING pc=0x000001f74c661c44 sp=0x00000012d94f49d0
Event: 9640.037 Thread 0x000001f75ef5a000 DEOPT UNPACKING pc=0x000001f7445edf29 sp=0x00000012d94f49c8 mode 2


Dynamic libraries:
0x00007ff79d540000 - 0x00007ff79d570000 	D:\Vivado\2018.3\bin\unwrapped\win64.o\vivado.exe
0x00007ffe39360000 - 0x00007ffe39569000 	C:\WINDOWS\SYSTEM32\ntdll.dll
0x00007ffe38860000 - 0x00007ffe3891e000 	C:\WINDOWS\System32\KERNEL32.DLL
0x00007ffe36860000 - 0x00007ffe36bdb000 	C:\WINDOWS\System32\KERNELBASE.dll
0x00007ffe36f50000 - 0x00007ffe37061000 	C:\WINDOWS\System32\ucrtbase.dll
0x00007ffe0e400000 - 0x00007ffe0e48d000 	C:\WINDOWS\SYSTEM32\MSVCP140.dll
0x00007ffe1a9e0000 - 0x00007ffe1a9fb000 	C:\WINDOWS\SYSTEM32\VCRUNTIME140.dll
0x00007ffe20bd0000 - 0x00007ffe20be4000 	D:\Vivado\2018.3\lib\win64.o\libboost_signals.dll
0x00007ffde33d0000 - 0x00007ffde4264000 	D:\Vivado\2018.3\lib\win64.o\librdi_common.dll
0x00007ffe202a0000 - 0x00007ffe202b4000 	D:\Vivado\2018.3\lib\win64.o\librdi_commonmain.dll
0x00007ffe2fa60000 - 0x00007ffe2fa6c000 	C:\WINDOWS\SYSTEM32\VCRUNTIME140_1.dll
0x00007ffe37410000 - 0x00007ffe375bd000 	C:\WINDOWS\System32\USER32.dll
0x00007ffe36830000 - 0x00007ffe36856000 	C:\WINDOWS\System32\win32u.dll
0x00007ffe38f90000 - 0x00007ffe38fb9000 	C:\WINDOWS\System32\GDI32.dll
0x00007ffe36be0000 - 0x00007ffe36cf8000 	C:\WINDOWS\System32\gdi32full.dll
0x00007ffe20280000 - 0x00007ffe20294000 	D:\Vivado\2018.3\lib\win64.o\libboost_date_time.dll
0x00007ffe36e30000 - 0x00007ffe36ecd000 	C:\WINDOWS\System32\msvcp_win.dll
0x00007ffde2550000 - 0x00007ffde2805000 	D:\Vivado\2018.3\lib\win64.o\libXil_lmgr11.dll
0x00007ffe39270000 - 0x00007ffe3931e000 	C:\WINDOWS\System32\ADVAPI32.dll
0x00007ffe375c0000 - 0x00007ffe376ac000 	C:\WINDOWS\System32\COMDLG32.dll
0x00007ffe38fc0000 - 0x00007ffe39063000 	C:\WINDOWS\System32\msvcrt.dll
0x00007ffe37300000 - 0x00007ffe3739e000 	C:\WINDOWS\System32\sechost.dll
0x00007ffe1db40000 - 0x00007ffe1db66000 	D:\Vivado\2018.3\lib\win64.o\libboost_filesystem.dll
0x00007ffe38c10000 - 0x00007ffe38f88000 	C:\WINDOWS\System32\combase.dll
0x00007ffe38af0000 - 0x00007ffe38c10000 	C:\WINDOWS\System32\RPCRT4.dll
0x00007ffde1890000 - 0x00007ffde1bfe000 	D:\Vivado\2018.3\lib\win64.o\libCOIN-all.dll
0x00007ffe37f50000 - 0x00007ffe38708000 	C:\WINDOWS\System32\SHELL32.dll
0x00007ffe39080000 - 0x00007ffe3916a000 	C:\WINDOWS\System32\shcore.dll
0x00007ffe2f980000 - 0x00007ffe2f98a000 	D:\Vivado\2018.3\lib\win64.o\librdi_commonversion.dll
0x00007ffe376c0000 - 0x00007ffe3771d000 	C:\WINDOWS\System32\SHLWAPI.dll
0x00007ffe15cc0000 - 0x00007ffe15d3f000 	D:\Vivado\2018.3\lib\win64.o\libboost_program_options.dll
0x00007ffe075c0000 - 0x00007ffe076d4000 	D:\Vivado\2018.3\lib\win64.o\libboost_regex.dll
0x00007ffe37e70000 - 0x00007ffe37f46000 	C:\WINDOWS\System32\OLEAUT32.dll
0x00007ffe37cd0000 - 0x00007ffe37e6a000 	C:\WINDOWS\System32\ole32.dll
0x00007ffe065f0000 - 0x00007ffe06711000 	D:\Vivado\2018.3\lib\win64.o\librdi_commonxillic.dll
0x00007ffe39180000 - 0x00007ffe391ef000 	C:\WINDOWS\System32\WS2_32.dll
0x00007ffe2dd20000 - 0x00007ffe2dd2b000 	D:\Vivado\2018.3\lib\win64.o\libboost_system.dll
0x0000000058760000 - 0x000000005888b000 	D:\Vivado\2018.3\lib\win64.o\tcl85t.dll
0x00007ffe36dc0000 - 0x00007ffe36e28000 	C:\WINDOWS\System32\WINTRUST.dll
0x00007ffe1d840000 - 0x00007ffe1d861000 	D:\Vivado\2018.3\lib\win64.o\libboost_thread.dll
0x00007ffe37070000 - 0x00007ffe371d2000 	C:\WINDOWS\System32\CRYPT32.dll
0x00007ffe2ce30000 - 0x00007ffe2ce3f000 	D:\Vivado\2018.3\lib\win64.o\libboost_xilinx.dll
0x00007ffe07140000 - 0x00007ffe071c2000 	D:\Vivado\2018.3\lib\win64.o\libhdlpsolve.dll
0x00007ffe06540000 - 0x00007ffe065e5000 	D:\Vivado\2018.3\lib\win64.o\libhdxml.dll
0x00007ffe17540000 - 0x00007ffe175a5000 	D:\Vivado\2018.3\lib\win64.o\liblmx6.0.dll
0x00007ffe1c7a0000 - 0x00007ffe1c7ce000 	D:\Vivado\2018.3\lib\win64.o\libisl_sysinfo.dll
0x00007ffe1fac0000 - 0x00007ffe1fada000 	D:\Vivado\2018.3\lib\win64.o\pthreadVC2.dll
0x00007ffe1e4b0000 - 0x00007ffe1e4cc000 	D:\Vivado\2018.3\lib\win64.o\librdiconfig.dll
0x00007ffe1c530000 - 0x00007ffe1c551000 	D:\Vivado\2018.3\lib\win64.o\librdizlib.dll
0x0000000012000000 - 0x0000000012272000 	D:\Vivado\2018.3\lib\win64.o\xerces-c_3_1.dll
0x00007ffe1b0d0000 - 0x00007ffe1b0e9000 	C:\WINDOWS\SYSTEM32\NETAPI32.dll
0x00007ffe2c560000 - 0x00007ffe2c674000 	C:\WINDOWS\SYSTEM32\WINHTTP.dll
0x00007ffe1dc10000 - 0x00007ffe1e10b000 	C:\WINDOWS\SYSTEM32\WININET.dll
0x00007ffe2bdb0000 - 0x00007ffe2bfa0000 	C:\WINDOWS\SYSTEM32\urlmon.dll
0x00007ffde1040000 - 0x00007ffde188e600 	D:\Vivado\2018.3\lib\win64.o\libisl_iostreams.dll
0x00007ffe17c10000 - 0x00007ffe17c19000 	C:\WINDOWS\SYSTEM32\WSOCK32.dll
0x00007ffe1a600000 - 0x00007ffe1a631000 	C:\WINDOWS\SYSTEM32\VCOMP140.DLL
0x00007ffdde8b0000 - 0x00007ffddf741000 	D:\Vivado\2018.3\lib\win64.o\gurobi65.dll
0x00007ffe28a20000 - 0x00007ffe28ad2000 	C:\WINDOWS\WinSxS\amd64_microsoft.windows.common-controls_6595b64144ccf1df_5.82.22000.1_none_271a8fad6a2d1b1e\COMCTL32.dll
0x00007ffe2cf70000 - 0x00007ffe2cf8e000 	C:\WINDOWS\SYSTEM32\dhcpcsvc.DLL
0x00007ffe2c090000 - 0x00007ffe2c09d000 	D:\Vivado\2018.3\lib\win64.o\libboost_chrono.dll
0x00007ffe2b4a0000 - 0x00007ffe2b753000 	C:\WINDOWS\SYSTEM32\iertutil.dll
0x00007ffe1db20000 - 0x00007ffe1db3b000 	D:\Vivado\2018.3\lib\win64.o\libboost_iostreams.dll
0x00007ffe2b470000 - 0x00007ffe2b498000 	C:\WINDOWS\SYSTEM32\srvcli.dll
0x00007ffe17c30000 - 0x00007ffe17c55000 	D:\Vivado\2018.3\lib\win64.o\libisl_iosutils.dll
0x00007ffe353d0000 - 0x00007ffe353dc000 	C:\WINDOWS\SYSTEM32\netutils.dll
0x00007ffe38820000 - 0x00007ffe38852000 	C:\WINDOWS\System32\IMM32.DLL
0x00007ffe360e0000 - 0x00007ffe360f2000 	C:\WINDOWS\SYSTEM32\MSASN1.dll
0x00007ffe35920000 - 0x00007ffe35938000 	C:\WINDOWS\SYSTEM32\kernel.appcore.dll
0x00007ffddfe20000 - 0x00007ffde0315000 	D:\Vivado\2018.3\lib\win64.o\librdi_commontasks.dll
0x00007ffe2c8d0000 - 0x00007ffe2c8da000 	C:\WINDOWS\SYSTEM32\VERSION.dll
0x00007ffddfba0000 - 0x00007ffddfe1f000 	D:\Vivado\2018.3\lib\win64.o\librdi_sio.dll
0x00007ffe353e0000 - 0x00007ffe3540d000 	C:\WINDOWS\SYSTEM32\IPHLPAPI.DLL
0x0000000057d30000 - 0x0000000058755000 	D:\Vivado\2018.3\tps\win64\jre9.0.4\bin\server\jvm.dll
0x00007ffe38ae0000 - 0x00007ffe38ae8000 	C:\WINDOWS\System32\PSAPI.DLL
0x00007ffe2c8e0000 - 0x00007ffe2c913000 	C:\WINDOWS\SYSTEM32\WINMM.dll
0x00007ffdf1a20000 - 0x00007ffdf1b0f000 	C:\WINDOWS\SYSTEM32\MSVCR120.dll
0x00007ffe35e40000 - 0x00007ffe35ea7000 	C:\WINDOWS\SYSTEM32\MSWSOCK.DLL
0x00007ffe34920000 - 0x00007ffe35185000 	C:\WINDOWS\SYSTEM32\windows.storage.dll
0x00007ffe347b0000 - 0x00007ffe34916000 	C:\WINDOWS\SYSTEM32\wintypes.dll
0x00007ffdd9e30000 - 0x00007ffddc1f2000 	D:\Vivado\2018.3\lib\win64.o\librdi_tcltasks.dll
0x00007ffe072e0000 - 0x00007ffe0734a000 	D:\Vivado\2018.3\lib\win64.o\librdi_boarddep.dll
0x00007ffde4cd0000 - 0x00007ffde4e4e000 	D:\Vivado\2018.3\lib\win64.o\librdi_board.dll
0x00007ffdf1940000 - 0x00007ffdf1a1c000 	D:\Vivado\2018.3\lib\win64.o\librdi_chipscope.dll
0x00007ffdde4d0000 - 0x00007ffdde8ac000 	D:\Vivado\2018.3\lib\win64.o\librdi_bitstream.dll
0x00007ffde4a00000 - 0x00007ffde4bb9000 	D:\Vivado\2018.3\lib\win64.o\librdi_chipscopeimpl.dll
0x00007ffde47e0000 - 0x00007ffde4928000 	D:\Vivado\2018.3\lib\win64.o\librdi_containers.dll
0x00007ffdcf540000 - 0x00007ffdd135f000 	D:\Vivado\2018.3\lib\win64.o\librdi_coregen.dll
0x00007ffdcb740000 - 0x00007ffdcf53b000 	D:\Vivado\2018.3\lib\win64.o\librdi_designutils.dll
0x00007ffdd9750000 - 0x00007ffdd9e2a000 	D:\Vivado\2018.3\lib\win64.o\librdi_coregenipxact.dll
0x00007ffddc8a0000 - 0x00007ffddcbbb000 	D:\Vivado\2018.3\lib\win64.o\librdi_dlyest.dll
0x00007ffdefe60000 - 0x00007ffdeff22000 	D:\Vivado\2018.3\lib\win64.o\librdi_dsp.dll
0x00007ffdba9e0000 - 0x00007ffdcb732000 	D:\Vivado\2018.3\lib\win64.o\librdi_device.dll
0x00007ffdd91f0000 - 0x00007ffdd9750000 	D:\Vivado\2018.3\lib\win64.o\librdi_drc.dll
0x00007ffdd88d0000 - 0x00007ffdd8baa000 	D:\Vivado\2018.3\lib\win64.o\librdi_guitools.dll
0x00007ffdd8bb0000 - 0x00007ffdd91ef000 	D:\Vivado\2018.3\lib\win64.o\librdi_filemgmt.dll
0x00007ffe068f0000 - 0x00007ffe0694d000 	D:\Vivado\2018.3\lib\win64.o\librdi_hdf.dll
0x00007ffe03030000 - 0x00007ffe030a1000 	D:\Vivado\2018.3\lib\win64.o\librdi_memoryarray.dll
0x00007ffddcbc0000 - 0x00007ffdde4c5000 	D:\Vivado\2018.3\lib\win64.o\librdi_constraints.dll
0x00007ffdb9020000 - 0x00007ffdb9635000 	D:\Vivado\2018.3\lib\win64.o\librdi_memdata.dll
0x00007ffe17760000 - 0x00007ffe177b0000 	D:\Vivado\2018.3\lib\win64.o\librdi_pfi.dll
0x00007ffdb9640000 - 0x00007ffdba9d1000 	D:\Vivado\2018.3\lib\win64.o\librdi_implflow.dll
0x00007ffdb5030000 - 0x00007ffdb566b000 	D:\Vivado\2018.3\lib\win64.o\librdi_netlist.dll
0x00007ffdd4fd0000 - 0x00007ffdd52d7000 	D:\Vivado\2018.3\lib\win64.o\librdi_platform.dll
0x00007ffdb1eb0000 - 0x00007ffdb2406000 	D:\Vivado\2018.3\lib\win64.o\librdi_project.dll
0x00007ffdb2410000 - 0x00007ffdb2b05000 	D:\Vivado\2018.3\lib\win64.o\librdi_power.dll
0x00007ffdb17d0000 - 0x00007ffdb1ea9000 	D:\Vivado\2018.3\lib\win64.o\librdi_rsb.dll
0x00007ffdade00000 - 0x00007ffdae4f3000 	D:\Vivado\2018.3\lib\win64.o\librdi_psta.dll
0x00007ffdada20000 - 0x00007ffdaddf7000 	D:\Vivado\2018.3\lib\win64.o\librdi_runs.dll
0x00007ffde45c0000 - 0x00007ffde4698000 	D:\Vivado\2018.3\lib\win64.o\librdi_runsbase.dll
0x00007ffde31a0000 - 0x00007ffde33c8000 	D:\Vivado\2018.3\lib\win64.o\librdi_simdata.dll
0x00007ffde0ee0000 - 0x00007ffde1034000 	D:\Vivado\2018.3\lib\win64.o\librdi_advchipscopeimpl.dll
0x00007ffdb2b10000 - 0x00007ffdb5024000 	D:\Vivado\2018.3\lib\win64.o\librdi_place.dll
0x00007ffdacc90000 - 0x00007ffdada1d000 	D:\Vivado\2018.3\lib\win64.o\librdi_timing.dll
0x00007ffddfae0000 - 0x00007ffddfb98000 	D:\Vivado\2018.3\lib\win64.o\librdi_hip_devdesign.dll
0x00007ffe06340000 - 0x00007ffe0638c000 	D:\Vivado\2018.3\lib\win64.o\libboost_serialization.dll
0x00007ffdab5e0000 - 0x00007ffdab995000 	D:\Vivado\2018.3\lib\win64.o\librdi_hip_config.dll
0x00007ffe08460000 - 0x00007ffe08498000 	D:\Vivado\2018.3\lib\win64.o\librdi_noc_frameworks.dll
0x00007ffdab090000 - 0x00007ffdab5de000 	D:\Vivado\2018.3\lib\win64.o\librdi_xdm.dll
0x00007ffdef2e0000 - 0x00007ffdef37e000 	D:\Vivado\2018.3\lib\win64.o\libise.dll
0x00007ffdac140000 - 0x00007ffdacc87000 	D:\Vivado\2018.3\lib\win64.o\libverific.dll
0x00007ffe04900000 - 0x00007ffe04949000 	D:\Vivado\2018.3\lib\win64.o\librdi_wavedata_SimpleApi.dll
0x00007ffddf9c0000 - 0x00007ffddfa6b000 	D:\Vivado\2018.3\lib\win64.o\librdi_ipconfig_readwrite.dll
0x00007ffdfee70000 - 0x00007ffdfeed3000 	D:\Vivado\2018.3\lib\win64.o\librdi_hip_mathengine.dll
0x00007ffddc650000 - 0x00007ffddc8a0000 	D:\Vivado\2018.3\lib\win64.o\librdi_hsm.dll
0x00007ffdaaaa0000 - 0x00007ffdab084000 	D:\Vivado\2018.3\lib\win64.o\librdi_wavedata.dll
0x00007ffdb5670000 - 0x00007ffdb901c000 	D:\Vivado\2018.3\lib\win64.o\librdi_mig.dll
0x00007ffdfe7e0000 - 0x00007ffdfe868000 	D:\Vivado\2018.3\lib\win64.o\librdi_meir_core.dll

VM Arguments:
jvm_args: -Dsun.java2d.pmoffscreen=false -Dsun.java2d.xrender=false -Dsun.java2d.d3d=false -Dsun.awt.nopixfmt=true -Dsun.java2d.dpiaware=true -Dsun.java2d.uiScale.enabled=false -Xverify:none -Dswing.aatext=true -XX:-UsePerfData -Djdk.map.althashing.threshold=512 -XX:StringTableSize=4072 --add-opens=java.base/java.nio=ALL-UNNAMED --add-opens=java.desktop/sun.swing=ALL-UNNAMED --add-opens=java.desktop/javax.swing=ALL-UNNAMED --add-opens=java.desktop/javax.swing.tree=ALL-UNNAMED --add-opens=java.desktop/javax.swing.plaf.basic=ALL-UNNAMED --add-opens=java.desktop/javax.swing.plaf.synth=ALL-UNNAMED --add-opens=java.desktop/com.sun.awt=ALL-UNNAMED -XX:NewSize=60m -XX:MaxNewSize=60m -Xms128m -Xmx3072m -Xss5m 
java_command: <unknown>
java_class_path (initial): D:/Vivado/2018.3\lib\classes\alloy.jar;D:/Vivado/2018.3\lib\classes\autopilot.scelaborator.jar;D:/Vivado/2018.3\lib\classes\autopilot.sourceprocessor.jar;D:/Vivado/2018.3\lib\classes\autopilot.tbprocessor.jar;D:/Vivado/2018.3\lib\classes\batik-anim.jar;D:/Vivado/2018.3\lib\classes\batik-awt-util.jar;D:/Vivado/2018.3\lib\classes\batik-bridge.jar;D:/Vivado/2018.3\lib\classes\batik-codec.jar;D:/Vivado/2018.3\lib\classes\batik-css.jar;D:/Vivado/2018.3\lib\classes\batik-dom.jar;D:/Vivado/2018.3\lib\classes\batik-ext.jar;D:/Vivado/2018.3\lib\classes\batik-gui-util.jar;D:/Vivado/2018.3\lib\classes\batik-gvt.jar;D:/Vivado/2018.3\lib\classes\batik-parser.jar;D:/Vivado/2018.3\lib\classes\batik-script.jar;D:/Vivado/2018.3\lib\classes\batik-svg-dom.jar;D:/Vivado/2018.3\lib\classes\batik-swing.jar;D:/Vivado/2018.3\lib\classes\batik-transcoder.jar;D:/Vivado/2018.3\lib\classes\batik-util.jar;D:/Vivado/2018.3\lib\classes\batik-xml.jar;D:/Vivado/2018.3\lib\classes\com.ibm.icu_4.4.2.v20110208.jar;D:/Vivado/2018.3\lib\classes\commons-collections4-4.1.jar;D:/Vivado/2018.3\lib\classes\commons-math-2.2.jar;D:/Vivado/2018.3\lib\classes\dom4j-1.6.1.jar;D:/Vivado/2018.3\lib\classes\guava-18.0.jar;D:/Vivado/2018.3\lib\classes\help.jar;D:/Vivado/2018.3\lib\classes\hsqldb.jar;D:/Vivado/2018.3\lib\classes\jargs.jar;D:/Vivado/2018.3\lib\classes\jaxb-api-2.3.0.jar;D:/Vivado/2018.3\lib\classes\jh.jar;D:/Vivado/2018.3\lib\classes\jide-action.jar;D:/Vivado/2018.3\lib\classes\jide-charts.jar;D:/Vivado/2018.3\lib\classes\jide-common.jar;D:/Vivado/2018.3\lib\classes\jide-components.jar;D:/Vivado/2018.3\lib\classes\jide-dashboard.jar;D:/Vivado/2018.3\lib\classes\jide-data.jar;D:/Vivado/2018.3\lib\classes\jide-dialogs.jar;D:/Vivado/2018.3\lib\classes\jide-diff.jar;D:/Vivado/2018.3\lib\classes\jide-dock.jar;D:/Vivado/2018.3\lib\classes\jide-editor.jar;D:/Vivado/2018.3\lib\classes\jide-gantt.jar;D:/Vivado/2018.3\lib\classes\jide-grids.jar;D:/Vivado/2018.3\lib\classes\jide-pivot
Launcher Type: generic

Logging:
Log output configuration:
#0: stdout all=warning uptime,level,tags
#1: stderr all=off uptime,level,tags

Environment Variables:
JAVA_HOME=C:\Program Files\Java\jre1.8.0_102
PATH=D:/Vivado/2018.3/bin;D:/Vivado/2018.3/lib/win64.o;D:/Vivado/2018.3/tps/win64/jre9.0.4/bin/server;D:/Vivado/2018.3/tps/win64/jre9.0.4/bin;D:/SDK/2018.3/bin;D:/Vivado/2018.3/ids_lite/ISE/bin/nt64;D:/Vivado/2018.3/ids_lite/ISE/lib/nt64;C:\ProgramData\Oracle\Java\javapath;D:\bin\;C:\Program Files (x86)\Common Files\Intel\Shared Libraries\redist\intel64\compiler;C:\Windows\system32;C:\Windows;C:\Windows\System32\Wbem;C:\Windows\System32\WindowsPowerShell\v1.0\;C:\Windows\System32\OpenSSH\;C:\Program Files (x86)\NVIDIA Corporation\PhysX\Common;C:\Program Files\Intel\WiFi\bin\;C:\Program Files\Common Files\Intel\WirelessCommon\;C:\Program Files\dotnet\;D:\MATLAB\R2021b\bin;D:\webDownloads\mingw-w64-x86_64-gcc-10.2.0-10-any.pkg\mingw64\bin;C:\Users\guan\AppData\Local\Microsoft\WindowsApps;C:\Users\guan\.dotnet\tools;D:\Bandizip\;C:\Users\guan\AppData\Local\GitHubDesktop\bin;D:/Vivado/2018.3\tps\mingw\6.2.0\win64.o\nt\bin;D:/Vivado/2018.3\tps\mingw\6.2.0\win64.o\nt\libexec\gcc\x86_64-w64-mingw32\6.2.0
USERNAME=guan
OS=Windows_NT
PROCESSOR_IDENTIFIER=Intel64 Family 6 Model 142 Stepping 11, GenuineIntel



---------------  S Y S T E M  ---------------

OS: Windows 10 , 64 bit Build 22000 (10.0.22000.1219)

CPU:total 8 (initial active 8) (4 cores per cpu, 2 threads per core) family 6 model 142 stepping 11, cmov, cx8, fxsr, mmx, sse, sse2, sse3, ssse3, sse4.1, sse4.2, popcnt, avx, avx2, aes, clmul, erms, 3dnowpref, lzcnt, ht, tsc, tscinvbit, bmi1, bmi2, adx, fma

Memory: 4k page, physical 16625020k(4869372k free), swap 25925396k(4965576k free)

vm_info: Java HotSpot(TM) 64-Bit Server VM (9.0.4+11) for windows-amd64 JRE (9.0.4+11), built on Dec 20 2017 02:18:54 by "mach5one" with MS VC++ 12.0 (VS2013)

END.
