#
# A fatal error has been detected by the Java Runtime Environment:
#
#  EXCEPTION_ACCESS_VIOLATION (0xc0000005) at pc=0x00007ffe25174bcf, pid=18136, tid=14024
#
# JRE version: Java(TM) SE Runtime Environment (9.0+11) (build 9.0.4+11)
# Java VM: Java HotSpot(TM) 64-Bit Server VM (9.0.4+11, mixed mode, tiered, compressed oops, g1 gc, windows-amd64)
# Problematic frame:
# C  0x00007ffe25174bcf
#
# No core dump will be written. Minidumps are not enabled by default on client versions of Windows
#
# If you would like to submit a bug report, please visit:
#   http://bugreport.java.com/bugreport/crash.jsp
# The crash happened outside the Java Virtual Machine in native code.
# See problematic frame for where to report the bug.
#

---------------  S U M M A R Y ------------

Command Line: -Dsun.java2d.pmoffscreen=false -Dsun.java2d.xrender=false -Dsun.java2d.d3d=false -Dsun.awt.nopixfmt=true -Dsun.java2d.dpiaware=true -Dsun.java2d.uiScale.enabled=false -Xverify:none -Dswing.aatext=true -XX:-UsePerfData -Djdk.map.althashing.threshold=512 -XX:StringTableSize=4072 --add-opens=java.base/java.nio=ALL-UNNAMED --add-opens=java.desktop/sun.swing=ALL-UNNAMED --add-opens=java.desktop/javax.swing=ALL-UNNAMED --add-opens=java.desktop/javax.swing.tree=ALL-UNNAMED --add-opens=java.desktop/javax.swing.plaf.basic=ALL-UNNAMED --add-opens=java.desktop/javax.swing.plaf.synth=ALL-UNNAMED --add-opens=java.desktop/com.sun.awt=ALL-UNNAMED -XX:NewSize=60m -XX:MaxNewSize=60m -Xms128m -Xmx3072m -Xss5m 

Host: Intel(R) Core(TM) i7-8565U CPU @ 1.80GHz, 8 cores, 15G,  Windows 10 , 64 bit Build 22000 (10.0.22000.1219)
Time: Thu Dec 15 11:53:20 2022 ?D1¨²¡À¨º¡Á?¨º¡À?? elapsed time: 502 seconds (0d 0h 8m 22s)

---------------  T H R E A D  ---------------

Current thread (0x000001dcc61b7000):  JavaThread "AWT-EventQueue-1" [_thread_in_native, id=14024, stack(0x00000010b3900000,0x00000010b3e00000)]

Stack: [0x00000010b3900000,0x00000010b3e00000],  sp=0x00000010b3df4630,  free space=5073k
Native frames: (J=compiled Java code, j=interpreted, Vv=VM code, C=native code)

Java frames: (J=compiled Java code, j=interpreted, Vv=VM code)
j  ui.views.simulator.executive.simulationi.SimulationExecutive_getVirtualObjectTreeData(JLjava/lang/String;)Ljava/lang/String;+0
j  ui.views.O.c.a.vs(Z)Lui/views/waveform/executive/protobuf/WVTree$WVTreeMessage;+6
j  ui.views.O.f.f.load()V+14
j  ui.views.O.f.q.fZl()V+4
j  ui.views.O.f.q.a(Lui/frmwork/b/i;)V+76
J 18989 c1 ui.frmwork.b.l.d(Lui/frmwork/b/i;)V (61 bytes) @ 0x000001dccee5a51c [0x000001dccee59cc0+0x000000000000085c]
J 18390 c1 ui.frmwork.HTclEventBroker.i(JZ)V (471 bytes) @ 0x000001dcd017a5ac [0x000001dcd0175dc0+0x00000000000047ec]
J 19003 c1 ui.frmwork.HTclEventBroker.fireTclEvent(J)I (113 bytes) @ 0x000001dccefe70cc [0x000001dccefe68c0+0x000000000000080c]
v  ~StubRoutines::call_stub
j  ui.views.simulator.executive.simulationi.SimulationExecutive_setObjectTreeHeight(JI)V+0
j  ui.views.O.c.a.JT(I)V+13
j  ui.views.O.f.f.gaA()V+67
j  ui.views.O.f.f.b(Lui/views/O/f/f;)V+1
j  ui.views.O.f.i.componentResized(Ljava/awt/event/ComponentEvent;)V+4
J 15976 c2 java.awt.Container.processEvent(Ljava/awt/AWTEvent;)V java.desktop@9.0.4 (22 bytes) @ 0x000001dcd5eb93f0 [0x000001dcd5eb91c0+0x0000000000000230]
J 18943 c2 java.awt.Component.dispatchEventImpl(Ljava/awt/AWTEvent;)V java.desktop@9.0.4 (739 bytes) @ 0x000001dcd6235330 [0x000001dcd62349a0+0x0000000000000990]
J 17836 c2 java.awt.Container.dispatchEventImpl(Ljava/awt/AWTEvent;)V java.desktop@9.0.4 (129 bytes) @ 0x000001dcd56ec318 [0x000001dcd56ec2c0+0x0000000000000058]
J 12778 c2 java.awt.EventQueue.dispatchEventImpl(Ljava/awt/AWTEvent;Ljava/lang/Object;)V java.desktop@9.0.4 (136 bytes) @ 0x000001dcd56c7828 [0x000001dcd56c7260+0x00000000000005c8]
J 12878 c2 java.awt.EventQueue$3.run()Ljava/lang/Object; java.desktop@9.0.4 (5 bytes) @ 0x000001dcd56e32ac [0x000001dcd56e3240+0x000000000000006c]
v  ~StubRoutines::call_stub
J 2963  java.security.AccessController.doPrivileged(Ljava/security/PrivilegedAction;Ljava/security/AccessControlContext;)Ljava/lang/Object; java.base@9.0.4 (0 bytes) @ 0x000001dcd52d3e46 [0x000001dcd52d3de0+0x0000000000000066]
J 13750 c2 java.awt.EventQueue$4.run()Ljava/lang/Object; java.desktop@9.0.4 (5 bytes) @ 0x000001dcd5c21db4 [0x000001dcd5c21b60+0x0000000000000254]
v  ~StubRoutines::call_stub
J 2963  java.security.AccessController.doPrivileged(Ljava/security/PrivilegedAction;Ljava/security/AccessControlContext;)Ljava/lang/Object; java.base@9.0.4 (0 bytes) @ 0x000001dcd52d3e46 [0x000001dcd52d3de0+0x0000000000000066]
J 12757 c2 ui.frmwork.b.d.dispatchEvent(Ljava/awt/AWTEvent;)V (34 bytes) @ 0x000001dcd569939c [0x000001dcd5699020+0x000000000000037c]
J 16253 c2 java.awt.EventDispatchThread.pumpOneEventForFilters(I)V java.desktop@9.0.4 (218 bytes) @ 0x000001dcd5f0a908 [0x000001dcd5f0a500+0x0000000000000408]
j  java.awt.EventDispatchThread.pumpEventsForFilter(ILjava/awt/Conditional;Ljava/awt/EventFilter;)V+35 java.desktop@9.0.4
j  java.awt.EventDispatchThread.pumpEventsForFilter(Ljava/awt/Conditional;Ljava/awt/EventFilter;)V+4 java.desktop@9.0.4
j  java.awt.WaitDispatchSupport$2.run()V+59 java.desktop@9.0.4
j  java.awt.WaitDispatchSupport$4.run()Ljava/lang/Void;+4 java.desktop@9.0.4
j  java.awt.WaitDispatchSupport$4.run()Ljava/lang/Object;+1 java.desktop@9.0.4
v  ~StubRoutines::call_stub
J 922  java.security.AccessController.doPrivileged(Ljava/security/PrivilegedAction;)Ljava/lang/Object; java.base@9.0.4 (0 bytes) @ 0x000001dcd517f3b2 [0x000001dcd517f360+0x0000000000000052]
j  java.awt.WaitDispatchSupport.enter()Z+260 java.desktop@9.0.4
j  java.awt.Dialog.show()V+225 java.desktop@9.0.4
J 6718 c1 java.awt.Component.setVisible(Z)V java.desktop@9.0.4 (6 bytes) @ 0x000001dccea655cc [0x000001dccea653e0+0x00000000000001ec]
j  java.awt.Window.setVisible(Z)V+2 java.desktop@9.0.4
j  java.awt.Dialog.setVisible(Z)V+2 java.desktop@9.0.4
j  ui.b.c.g.setVisible(Z)V+2
j  ui.b.c.bx.showDialog()V+64
j  ui.b.c.bE.actionPerformed(Ljava/awt/event/ActionEvent;)V+8
j  ui.b.c.bx.cHE()V+396
j  ui.views.c.s.b.a.run()V+60
j  ui.frmwork.a.dTt()Z+66
j  ui.frmwork.V.dVd()V+42
j  ui.bk.actionPerformed(Ljava/awt/event/ActionEvent;)V+25
j  javax.swing.AbstractButton.fireActionPerformed(Ljava/awt/event/ActionEvent;)V+84 java.desktop@9.0.4
j  ui.utils.o.b.B.fireActionPerformed(Ljava/awt/event/ActionEvent;)V+7
j  javax.swing.AbstractButton$Handler.actionPerformed(Ljava/awt/event/ActionEvent;)V+5 java.desktop@9.0.4
j  javax.swing.DefaultButtonModel.fireActionPerformed(Ljava/awt/event/ActionEvent;)V+34 java.desktop@9.0.4
j  javax.swing.DefaultButtonModel.setPressed(Z)V+117 java.desktop@9.0.4
j  javax.swing.plaf.basic.BasicButtonListener.mouseReleased(Ljava/awt/event/MouseEvent;)V+35 java.desktop@9.0.4
j  com.jidesoft.plaf.basic.BasicJideButtonListener.mouseReleased(Ljava/awt/event/MouseEvent;)V+61
j  java.awt.AWTEventMulticaster.mouseReleased(Ljava/awt/event/MouseEvent;)V+8 java.desktop@9.0.4
j  java.awt.AWTEventMulticaster.mouseReleased(Ljava/awt/event/MouseEvent;)V+8 java.desktop@9.0.4
j  java.awt.AWTEventMulticaster.mouseReleased(Ljava/awt/event/MouseEvent;)V+8 java.desktop@9.0.4
j  java.awt.AWTEventMulticaster.mouseReleased(Ljava/awt/event/MouseEvent;)V+8 java.desktop@9.0.4
J 17009 c1 java.awt.Component.processMouseEvent(Ljava/awt/event/MouseEvent;)V java.desktop@9.0.4 (100 bytes) @ 0x000001dcce8ec034 [0x000001dcce8ebca0+0x0000000000000394]
J 17008 c1 javax.swing.JComponent.processMouseEvent(Ljava/awt/event/MouseEvent;)V java.desktop@9.0.4 (27 bytes) @ 0x000001dcce69866c [0x000001dcce698460+0x000000000000020c]
J 15976 c2 java.awt.Container.processEvent(Ljava/awt/AWTEvent;)V java.desktop@9.0.4 (22 bytes) @ 0x000001dcd5eb9324 [0x000001dcd5eb91c0+0x0000000000000164]
J 18943 c2 java.awt.Component.dispatchEventImpl(Ljava/awt/AWTEvent;)V java.desktop@9.0.4 (739 bytes) @ 0x000001dcd6235330 [0x000001dcd62349a0+0x0000000000000990]
J 17836 c2 java.awt.Container.dispatchEventImpl(Ljava/awt/AWTEvent;)V java.desktop@9.0.4 (129 bytes) @ 0x000001dcd56ec318 [0x000001dcd56ec2c0+0x0000000000000058]
J 17005 c2 java.awt.LightweightDispatcher.retargetMouseEvent(Ljava/awt/Component;ILjava/awt/event/MouseEvent;)V java.desktop@9.0.4 (350 bytes) @ 0x000001dcd605d348 [0x000001dcd605cde0+0x0000000000000568]
J 18640 c2 java.awt.LightweightDispatcher.processMouseEvent(Ljava/awt/event/MouseEvent;)Z java.desktop@9.0.4 (265 bytes) @ 0x000001dcd61eff78 [0x000001dcd61ef840+0x0000000000000738]
J 18602 c2 java.awt.Window.dispatchEventImpl(Ljava/awt/AWTEvent;)V java.desktop@9.0.4 (23 bytes) @ 0x000001dcd61dc494 [0x000001dcd61dc1e0+0x00000000000002b4]
J 12778 c2 java.awt.EventQueue.dispatchEventImpl(Ljava/awt/AWTEvent;Ljava/lang/Object;)V java.desktop@9.0.4 (136 bytes) @ 0x000001dcd56c7828 [0x000001dcd56c7260+0x00000000000005c8]
J 12878 c2 java.awt.EventQueue$3.run()Ljava/lang/Object; java.desktop@9.0.4 (5 bytes) @ 0x000001dcd56e32ac [0x000001dcd56e3240+0x000000000000006c]
v  ~StubRoutines::call_stub
J 2963  java.security.AccessController.doPrivileged(Ljava/security/PrivilegedAction;Ljava/security/AccessControlContext;)Ljava/lang/Object; java.base@9.0.4 (0 bytes) @ 0x000001dcd52d3e46 [0x000001dcd52d3de0+0x0000000000000066]
J 13750 c2 java.awt.EventQueue$4.run()Ljava/lang/Object; java.desktop@9.0.4 (5 bytes) @ 0x000001dcd5c21db4 [0x000001dcd5c21b60+0x0000000000000254]
v  ~StubRoutines::call_stub
J 2963  java.security.AccessController.doPrivileged(Ljava/security/PrivilegedAction;Ljava/security/AccessControlContext;)Ljava/lang/Object; java.base@9.0.4 (0 bytes) @ 0x000001dcd52d3e46 [0x000001dcd52d3de0+0x0000000000000066]
J 12757 c2 ui.frmwork.b.d.dispatchEvent(Ljava/awt/AWTEvent;)V (34 bytes) @ 0x000001dcd569939c [0x000001dcd5699020+0x000000000000037c]
J 16253 c2 java.awt.EventDispatchThread.pumpOneEventForFilters(I)V java.desktop@9.0.4 (218 bytes) @ 0x000001dcd5f0a908 [0x000001dcd5f0a500+0x0000000000000408]
j  java.awt.EventDispatchThread.pumpEventsForFilter(ILjava/awt/Conditional;Ljava/awt/EventFilter;)V+35 java.desktop@9.0.4
j  java.awt.EventDispatchThread.pumpEventsForHierarchy(ILjava/awt/Conditional;Ljava/awt/Component;)V+11 java.desktop@9.0.4
j  java.awt.EventDispatchThread.pumpEvents(ILjava/awt/Conditional;)V+4 java.desktop@9.0.4
j  java.awt.EventDispatchThread.pumpEvents(Ljava/awt/Conditional;)V+3 java.desktop@9.0.4
j  java.awt.EventDispatchThread.run()V+9 java.desktop@9.0.4
v  ~StubRoutines::call_stub

siginfo: EXCEPTION_ACCESS_VIOLATION (0xc0000005), reading address 0x0000000000000020


Register to memory mapping:

RIP=0x00007ffe25174bcf is an unknown value
RAX=0x00007ffe255604b0 is an unknown value
RBX=0x000001dcb4ab1390 is an unknown value
RCX=0x0000000000000002 is an unknown value
RDX=0x00007ffe255604b0 is an unknown value
RSP=0x00000010b3df4630 is pointing into the stack for thread: 0x000001dcc61b7000
RBP=0x0000000000000000 is an unknown value
RSI=0x0000000000000001 is an unknown value
RDI=0x0000000000000004 is an unknown value
R8 =0x0000000000000000 is an unknown value
R9 =0x0000000000000004 is an unknown value
R10=0x000001dcbb4d0000 is an unknown value
R11=0x00000010b3df4520 is pointing into the stack for thread: 0x000001dcc61b7000
R12=0x00007ffe25189248 is an unknown value
R13=0x0000000000000001 is an unknown value
R14=0x00000010b3df4858 is pointing into the stack for thread: 0x000001dcc61b7000
R15=0x000001dcbd3af070 is an unknown value


Registers:
RAX=0x00007ffe255604b0, RBX=0x000001dcb4ab1390, RCX=0x0000000000000002, RDX=0x00007ffe255604b0
RSP=0x00000010b3df4630, RBP=0x0000000000000000, RSI=0x0000000000000001, RDI=0x0000000000000004
R8 =0x0000000000000000, R9 =0x0000000000000004, R10=0x000001dcbb4d0000, R11=0x00000010b3df4520
R12=0x00007ffe25189248, R13=0x0000000000000001, R14=0x00000010b3df4858, R15=0x000001dcbd3af070
RIP=0x00007ffe25174bcf, EFLAGS=0x0000000000010202

Top of Stack: (sp=0x00000010b3df4630)
0x00000010b3df4630:   00007ffe24e344c0 0000000000000001
0x00000010b3df4640:   0000000000000000 00007ffe25172662
0x00000010b3df4650:   fffffffffffffffe 0000000000000008
0x00000010b3df4660:   00000010b3df4858 000001dcfa2c92a0
0x00000010b3df4670:   0000000000000001 00007ffe25172682
0x00000010b3df4680:   000001dcb4ab1390 000001dce9f86010
0x00000010b3df4690:   0000000000000000 000001dcb4ab1390
0x00000010b3df46a0:   fffffffffffffffe 0000bd666f5b7926
0x00000010b3df46b0:   000001dcfa2c92a0 00007ffe25172c89
0x00000010b3df46c0:   000001dcb4ab1390 00007ffe25189248
0x00000010b3df46d0:   000001dcf4abbfa0 00007ffebdba76e1
0x00000010b3df46e0:   fffffffffffffffe 00000010b3df4858
0x00000010b3df46f0:   000001dcfa2c92a0 00007ffe25172da4
0x00000010b3df4700:   000001dcb4ab1390 000001dcb4ab1390
0x00000010b3df4710:   0000000000000001 000001dcbb530000
0x00000010b3df4720:   fffffffffffffffe 0000000000000000 

Instructions: (pc=0x00007ffe25174bcf)
0x00007ffe25174baf:   e8 5c b7 fa ff 48 8b d0 48 8b cb 48 c1 e9 03 48
0x00007ffe25174bbf:   03 cb 48 23 48 30 4c 8b 40 18 48 8b f9 48 03 ff
0x00007ffe25174bcf:   49 8b 3c f8 48 03 c9 4c 8d 0c cd 08 00 00 00 4d
0x00007ffe25174bdf:   8b 14 c8 4c 3b 52 08 75 06 48 8b 42 08 eb 07 4b 



---------------  P R O C E S S  ---------------

Java Threads: ( => current thread )
  0x000001dcf9124800 JavaThread "Relaunch Simulation" [_thread_in_native, id=4144, stack(0x00000010b8800000,0x00000010b8d00000)]
  0x000001dcf9124000 JavaThread "Thread-517" [_thread_in_native, id=11512, stack(0x00000010b8d00000,0x00000010b8e00000)]
  0x000001dced03b000 JavaThread "Thread-463" [_thread_in_native, id=3784, stack(0x00000010b4800000,0x00000010b4900000)]
  0x000001dced03a800 JavaThread "Image Animator 0" daemon [_thread_blocked, id=18000, stack(0x00000010b9100000,0x00000010b9600000)]
  0x000001dced036000 JavaThread "Monitor File Timestamp Swing Worker" [_thread_blocked, id=11652, stack(0x00000010b7800000,0x00000010b7d00000)]
  0x000001dced036800 JavaThread "Timer-1" [_thread_blocked, id=4260, stack(0x00000010b2a00000,0x00000010b2f00000)]
  0x000001dced035000 JavaThread "SyntheticaAnimation 50" daemon [_thread_blocked, id=14180, stack(0x00000010b7300000,0x00000010b7800000)]
  0x000001dced034800 JavaThread "Monitor File Timestamp Swing Worker" [_thread_blocked, id=13788, stack(0x00000010b6e00000,0x00000010b7300000)]
  0x000001dced033800 JavaThread "Timer-0" [_thread_blocked, id=16528, stack(0x00000010b6900000,0x00000010b6e00000)]
  0x000001dced030800 JavaThread "hw_ila_monitor" [_thread_blocked, id=18128, stack(0x00000010b6400000,0x00000010b6900000)]
  0x000001dce93d5800 JavaThread "Update Runs Swing Worker" [_thread_blocked, id=13944, stack(0x00000010b5f00000,0x00000010b6400000)]
  0x000001dce93d9800 JavaThread "Refresh Filesets Swing Worker" [_thread_blocked, id=12164, stack(0x00000010b5a00000,0x00000010b5f00000)]
  0x000001dce93d4800 JavaThread "SyntheticaAnimation 70" daemon [_thread_blocked, id=3260, stack(0x00000010b3e00000,0x00000010b4300000)]
  0x000001dce93d4000 JavaThread "SyntheticaAnimation 25" daemon [_thread_blocked, id=6388, stack(0x00000010b5500000,0x00000010b5a00000)]
  0x000001dce93d7800 JavaThread "SyntheticaAnimation 50" daemon [_thread_blocked, id=3996, stack(0x00000010b5000000,0x00000010b5500000)]
  0x000001dce93d3000 JavaThread "Monitor HEventQueue" [_thread_blocked, id=6624, stack(0x00000010b4b00000,0x00000010b5000000)]
  0x000001dce93d6000 JavaThread "Batik CleanerThread" daemon [_thread_blocked, id=9880, stack(0x00000010b4300000,0x00000010b4800000)]
  0x000001dce93d7000 JavaThread "SyntheticaCleanerThread" daemon [_thread_blocked, id=10648, stack(0x00000010b2f00000,0x00000010b3400000)]
=>0x000001dcc61b7000 JavaThread "AWT-EventQueue-1" [_thread_in_native, id=14024, stack(0x00000010b3900000,0x00000010b3e00000)]
  0x000001dce7fe0800 JavaThread "Process Messages" [_thread_blocked, id=4136, stack(0x00000010b3400000,0x00000010b3900000)]
  0x000001dce85dc800 JavaThread "Thread-1" [_thread_in_native, id=17728, stack(0x00000010ac200000,0x00000010ad600000)]
  0x000001dcc630d800 JavaThread "TimerQueue" daemon [_thread_blocked, id=15008, stack(0x00000010b2500000,0x00000010b2a00000)]
  0x000001dcc6246000 JavaThread "AWT-Windows" daemon [_thread_in_native, id=16744, stack(0x00000010b2000000,0x00000010b2500000)]
  0x000001dcc60a3000 JavaThread "AWT-Shutdown" [_thread_blocked, id=18240, stack(0x00000010b1b00000,0x00000010b2000000)]
  0x000001dcc5f53800 JavaThread "Java2D Disposer" daemon [_thread_blocked, id=10624, stack(0x00000010b1600000,0x00000010b1b00000)]
  0x000001dcc48af000 JavaThread "Service Thread" daemon [_thread_blocked, id=17600, stack(0x00000010b1000000,0x00000010b1500000)]
  0x000001dcc58e8800 JavaThread "Common-Cleaner" daemon [_thread_blocked, id=15948, stack(0x00000010b0b00000,0x00000010b1000000)]
  0x000001dcc452d000 JavaThread "Sweeper thread" daemon [_thread_blocked, id=16408, stack(0x00000010b0600000,0x00000010b0b00000)]
  0x000001dcc452c800 JavaThread "C1 CompilerThread3" daemon [_thread_blocked, id=15816, stack(0x00000010b0500000,0x00000010b0600000)]
  0x000001dcc2abf800 JavaThread "C2 CompilerThread2" daemon [_thread_in_native, id=18064, stack(0x00000010b0400000,0x00000010b0500000)]
  0x000001dcc126f800 JavaThread "C2 CompilerThread1" daemon [_thread_blocked, id=16680, stack(0x00000010b0300000,0x00000010b0400000)]
  0x000001dcc126e800 JavaThread "C2 CompilerThread0" daemon [_thread_blocked, id=17904, stack(0x00000010b0200000,0x00000010b0300000)]
  0x000001dcc24c3800 JavaThread "Attach Listener" daemon [_thread_blocked, id=10780, stack(0x00000010afd00000,0x00000010b0200000)]
  0x000001dcc24c2800 JavaThread "Signal Dispatcher" daemon [_thread_blocked, id=6276, stack(0x00000010af800000,0x00000010afd00000)]
  0x000001dcc1fef000 JavaThread "Finalizer" daemon [_thread_blocked, id=13704, stack(0x00000010af300000,0x00000010af800000)]
  0x000001dcc1f8f800 JavaThread "Reference Handler" daemon [_thread_blocked, id=14152, stack(0x00000010aee00000,0x00000010af300000)]
  0x000001dcc1f07800 JavaThread "main" [_thread_blocked, id=312, stack(0x00000010ad800000,0x00000010ad900000)]

Other Threads:
  0x000001dcc46b7800 VMThread "VM Thread" [stack: 0x00000010aed00000,0x00000010aee00000] [id=16900]
  0x000001dcc3c1d000 WatcherThread [stack: 0x00000010b1500000,0x00000010b1600000] [id=16896]
  0x000001dcc1f08000 GCTaskThread "GC Thread#0" [stack: 0x00000010ad900000,0x00000010ada00000] [id=18144]
  0x000001dcc4993800 GCTaskThread "GC Thread#1" [stack: 0x00000010ada00000,0x00000010adb00000] [id=16580]
  0x000001dcc1637800 GCTaskThread "GC Thread#2" [stack: 0x00000010adb00000,0x00000010adc00000] [id=9108]
  0x000001dcc1638000 GCTaskThread "GC Thread#3" [stack: 0x00000010adc00000,0x00000010add00000] [id=9616]
  0x000001dcc1e1a800 GCTaskThread "GC Thread#4" [stack: 0x00000010add00000,0x00000010ade00000] [id=10164]
  0x000001dcc1ea8800 GCTaskThread "GC Thread#5" [stack: 0x00000010ade00000,0x00000010adf00000] [id=7596]
  0x000001dcc15d8800 GCTaskThread "GC Thread#6" [stack: 0x00000010adf00000,0x00000010ae000000] [id=8016]
  0x000001dcc1399800 GCTaskThread "GC Thread#7" [stack: 0x00000010ae000000,0x00000010ae100000] [id=17552]
  0x000001dcc28f2800 ConcurrentGCThread "G1 Main Marker" [stack: 0x00000010aea00000,0x00000010aeb00000] [id=18016]
  0x000001dcc28f3000 ConcurrentGCThread "G1 Marker#0" [stack: 0x00000010aeb00000,0x00000010aec00000] [id=17708]
  0x000001dcc13f8800 ConcurrentGCThread "G1 Marker#1" [stack: 0x00000010aec00000,0x00000010aed00000] [id=16748]
  0x000001dcc2473000 ConcurrentGCThread "G1 Refine#0" [stack: 0x00000010ae800000,0x00000010ae900000] [id=16588]
  0x000001dcc2472800 ConcurrentGCThread "G1 Refine#1" [stack: 0x00000010ae700000,0x00000010ae800000] [id=9512]
  0x000001dcc1f60800 ConcurrentGCThread "G1 Refine#2" [stack: 0x00000010ae600000,0x00000010ae700000] [id=16560]
  0x000001dcc0ddf800 ConcurrentGCThread "G1 Refine#3" [stack: 0x00000010ae500000,0x00000010ae600000] [id=17768]
  0x000001dcc0ddf000 ConcurrentGCThread "G1 Refine#4" [stack: 0x00000010ae400000,0x00000010ae500000] [id=16728]
  0x000001dcc1cc6800 ConcurrentGCThread "G1 Refine#5" [stack: 0x00000010ae300000,0x00000010ae400000] [id=17136]
  0x000001dcc1553800 ConcurrentGCThread "G1 Refine#6" [stack: 0x00000010ae200000,0x00000010ae300000] [id=6464]
  0x000001dcc139a000 ConcurrentGCThread "G1 Refine#7" [stack: 0x00000010ae100000,0x00000010ae200000] [id=8888]
  0x000001dcc223c800 ConcurrentGCThread "G1 Young RemSet Sampling" [stack: 0x00000010ae900000,0x00000010aea00000] [id=10684]

Threads with active compile tasks:
C2 CompilerThread220046  s    4       com.jidesoft.swing.StyledLabel::clearStyleRanges (18 bytes)

VM state:not at safepoint (normal execution)

VM Mutex/Monitor currently owned by a thread: None

Heap address: 0x0000000700000000, size: 3072 MB, Compressed Oops mode: Zero based, Oop shift amount: 3
Narrow klass base: 0x0000000000000000, Narrow klass shift: 3
Compressed class space size: 1073741824 Address: 0x00000007c0000000

Heap:
 garbage-first heap   total 178176K, used 93120K [0x0000000700000000, 0x0000000700100570, 0x00000007c0000000)
  region size 1024K, 10 young (10240K), 3 survivors (3072K)
 Metaspace       used 87512K, capacity 94244K, committed 94512K, reserved 1130496K
  class space    used 12909K, capacity 14076K, committed 14128K, reserved 1048576K
Heap Regions: E=young(eden), S=young(survivor), O=old, HS=humongous(starts), HC=humongous(continues), CS=collection set, F=free, A=archive, TS=gc time stamp, AC=allocation context, TAMS=top-at-mark-start (previous, next)
|   0|0x0000000700000000, 0x0000000700100000, 0x0000000700100000|100%|HS|  |TS  0|AC  0|TAMS 0x0000000700100000, 0x0000000700100000|
|   1|0x0000000700100000, 0x0000000700200000, 0x0000000700200000|100%|HS|  |TS  0|AC  0|TAMS 0x0000000700200000, 0x0000000700200000|
|   2|0x0000000700200000, 0x0000000700300000, 0x0000000700300000|100%|HC|  |TS  0|AC  0|TAMS 0x0000000700300000, 0x0000000700300000|
|   3|0x0000000700300000, 0x0000000700400000, 0x0000000700400000|100%|HS|  |TS  0|AC  0|TAMS 0x0000000700400000, 0x0000000700400000|
|   4|0x0000000700400000, 0x0000000700500000, 0x0000000700500000|100%| O|  |TS  0|AC  0|TAMS 0x0000000700500000, 0x0000000700500000|
|   5|0x0000000700500000, 0x00000007005ffff8, 0x0000000700600000| 99%| O|  |TS  0|AC  0|TAMS 0x00000007005ffff8, 0x00000007005ffff8|
|   6|0x0000000700600000, 0x00000007006fffe0, 0x0000000700700000| 99%| O|  |TS  0|AC  0|TAMS 0x00000007006fffe0, 0x00000007006fffe0|
|   7|0x0000000700700000, 0x00000007007fffe8, 0x0000000700800000| 99%| O|  |TS  0|AC  0|TAMS 0x00000007007fffe8, 0x00000007007fffe8|
|   8|0x0000000700800000, 0x00000007008fffd0, 0x0000000700900000| 99%| O|  |TS  0|AC  0|TAMS 0x00000007008fffd0, 0x00000007008fffd0|
|   9|0x0000000700900000, 0x00000007009ffc50, 0x0000000700a00000| 99%| O|  |TS  0|AC  0|TAMS 0x00000007009ffc50, 0x00000007009ffc50|
|  10|0x0000000700a00000, 0x0000000700aeae20, 0x0000000700b00000| 91%| O|  |TS  0|AC  0|TAMS 0x0000000700aeae20, 0x0000000700aeae20|
|  11|0x0000000700b00000, 0x0000000700bfcc10, 0x0000000700c00000| 98%| O|  |TS  0|AC  0|TAMS 0x0000000700bfcc10, 0x0000000700bfcc10|
|  12|0x0000000700c00000, 0x0000000700cfe708, 0x0000000700d00000| 99%| O|  |TS  0|AC  0|TAMS 0x0000000700cfe708, 0x0000000700cfe708|
|  13|0x0000000700d00000, 0x0000000700de7eb8, 0x0000000700e00000| 90%| O|  |TS  0|AC  0|TAMS 0x0000000700de7eb8, 0x0000000700de7eb8|
|  14|0x0000000700e00000, 0x0000000700eff548, 0x0000000700f00000| 99%| O|  |TS  0|AC  0|TAMS 0x0000000700eff548, 0x0000000700eff548|
|  15|0x0000000700f00000, 0x0000000701000000, 0x0000000701000000|100%| O|  |TS  0|AC  0|TAMS 0x0000000701000000, 0x0000000701000000|
|  16|0x0000000701000000, 0x00000007010ffff0, 0x0000000701100000| 99%| O|  |TS  0|AC  0|TAMS 0x00000007010ffff0, 0x00000007010ffff0|
|  17|0x0000000701100000, 0x0000000701200000, 0x0000000701200000|100%| O|  |TS  0|AC  0|TAMS 0x0000000701200000, 0x0000000701200000|
|  18|0x0000000701200000, 0x00000007012fffc8, 0x0000000701300000| 99%| O|  |TS  0|AC  0|TAMS 0x00000007012fffc8, 0x00000007012fffc8|
|  19|0x0000000701300000, 0x00000007013ff980, 0x0000000701400000| 99%| O|  |TS  0|AC  0|TAMS 0x00000007013ff980, 0x00000007013ff980|
|  20|0x0000000701400000, 0x0000000701500000, 0x0000000701500000|100%| O|  |TS  0|AC  0|TAMS 0x0000000701500000, 0x0000000701500000|
|  21|0x0000000701500000, 0x00000007015fff88, 0x0000000701600000| 99%| O|  |TS  0|AC  0|TAMS 0x00000007015fff88, 0x00000007015fff88|
|  22|0x0000000701600000, 0x00000007016ffff0, 0x0000000701700000| 99%| O|  |TS  0|AC  0|TAMS 0x00000007016ffff0, 0x00000007016ffff0|
|  23|0x0000000701700000, 0x00000007017fffe8, 0x0000000701800000| 99%| O|  |TS  0|AC  0|TAMS 0x00000007017fffe8, 0x00000007017fffe8|
|  24|0x0000000701800000, 0x00000007018ffff8, 0x0000000701900000| 99%| O|  |TS  0|AC  0|TAMS 0x00000007018ffff8, 0x00000007018ffff8|
|  25|0x0000000701900000, 0x00000007019fff08, 0x0000000701a00000| 99%| O|  |TS  0|AC  0|TAMS 0x00000007019fff08, 0x00000007019fff08|
|  26|0x0000000701a00000, 0x0000000701afffe8, 0x0000000701b00000| 99%| O|  |TS  0|AC  0|TAMS 0x0000000701afffe8, 0x0000000701afffe8|
|  27|0x0000000701b00000, 0x0000000701bffff8, 0x0000000701c00000| 99%| O|  |TS  0|AC  0|TAMS 0x0000000701bffff8, 0x0000000701bffff8|
|  28|0x0000000701c00000, 0x0000000701cffff8, 0x0000000701d00000| 99%| O|  |TS  0|AC  0|TAMS 0x0000000701cffff8, 0x0000000701cffff8|
|  29|0x0000000701d00000, 0x0000000701dffff0, 0x0000000701e00000| 99%| O|  |TS  0|AC  0|TAMS 0x0000000701dffff0, 0x0000000701dffff0|
|  30|0x0000000701e00000, 0x0000000701efffe8, 0x0000000701f00000| 99%| O|  |TS  0|AC  0|TAMS 0x0000000701efffe8, 0x0000000701efffe8|
|  31|0x0000000701f00000, 0x0000000702000000, 0x0000000702000000|100%| O|  |TS  0|AC  0|TAMS 0x0000000702000000, 0x0000000702000000|
|  32|0x0000000702000000, 0x00000007020ffff0, 0x0000000702100000| 99%| O|  |TS  0|AC  0|TAMS 0x00000007020ffff0, 0x00000007020ffff0|
|  33|0x0000000702100000, 0x00000007021fe888, 0x0000000702200000| 99%| O|  |TS  0|AC  0|TAMS 0x00000007021fe888, 0x00000007021fe888|
|  34|0x0000000702200000, 0x00000007022fffe8, 0x0000000702300000| 99%| O|  |TS  0|AC  0|TAMS 0x00000007022fffe8, 0x00000007022fffe8|
|  35|0x0000000702300000, 0x00000007023fffa8, 0x0000000702400000| 99%| O|  |TS  0|AC  0|TAMS 0x00000007023fffa8, 0x00000007023fffa8|
|  36|0x0000000702400000, 0x0000000702500000, 0x0000000702500000|100%| O|  |TS  0|AC  0|TAMS 0x0000000702500000, 0x0000000702500000|
|  37|0x0000000702500000, 0x00000007025ffff8, 0x0000000702600000| 99%| O|  |TS  0|AC  0|TAMS 0x00000007025ffff8, 0x00000007025ffff8|
|  38|0x0000000702600000, 0x0000000702700000, 0x0000000702700000|100%|HS|  |TS  0|AC  0|TAMS 0x0000000702700000, 0x0000000702700000|
|  39|0x0000000702700000, 0x0000000702800000, 0x0000000702800000|100%|HC|  |TS  0|AC  0|TAMS 0x0000000702800000, 0x0000000702800000|
|  40|0x0000000702800000, 0x0000000702900000, 0x0000000702900000|100%|HC|  |TS  0|AC  0|TAMS 0x0000000702900000, 0x0000000702900000|
|  41|0x0000000702900000, 0x0000000702a00000, 0x0000000702a00000|100%|HC|  |TS  0|AC  0|TAMS 0x0000000702a00000, 0x0000000702a00000|
|  42|0x0000000702a00000, 0x0000000702b00000, 0x0000000702b00000|100%|HC|  |TS  0|AC  0|TAMS 0x0000000702b00000, 0x0000000702b00000|
|  43|0x0000000702b00000, 0x0000000702c00000, 0x0000000702c00000|100%|HC|  |TS  0|AC  0|TAMS 0x0000000702c00000, 0x0000000702c00000|
|  44|0x0000000702c00000, 0x0000000702d00000, 0x0000000702d00000|100%|HC|  |TS  0|AC  0|TAMS 0x0000000702d00000, 0x0000000702d00000|
|  45|0x0000000702d00000, 0x0000000702e00000, 0x0000000702e00000|100%|HC|  |TS  0|AC  0|TAMS 0x0000000702e00000, 0x0000000702e00000|
|  46|0x0000000702e00000, 0x0000000702efc8a8, 0x0000000702f00000| 98%| O|  |TS  0|AC  0|TAMS 0x0000000702efc8a8, 0x0000000702efc8a8|
|  47|0x0000000702f00000, 0x0000000702fffff8, 0x0000000703000000| 99%| O|  |TS  0|AC  0|TAMS 0x0000000702fffff8, 0x0000000702fffff8|
|  48|0x0000000703000000, 0x00000007030ffff0, 0x0000000703100000| 99%| O|  |TS  0|AC  0|TAMS 0x00000007030ffff0, 0x00000007030ffff0|
|  49|0x0000000703100000, 0x00000007031fea80, 0x0000000703200000| 99%| O|  |TS  0|AC  0|TAMS 0x00000007031fea80, 0x00000007031fea80|
|  50|0x0000000703200000, 0x00000007032ffff8, 0x0000000703300000| 99%| O|  |TS  0|AC  0|TAMS 0x00000007032ffff8, 0x00000007032ffff8|
|  51|0x0000000703300000, 0x00000007033fffd8, 0x0000000703400000| 99%| O|  |TS  0|AC  0|TAMS 0x00000007033fffd8, 0x00000007033fffd8|
|  52|0x0000000703400000, 0x00000007034fffc8, 0x0000000703500000| 99%| O|  |TS  0|AC  0|TAMS 0x00000007034fffc8, 0x00000007034fffc8|
|  53|0x0000000703500000, 0x00000007035fed48, 0x0000000703600000| 99%| O|  |TS  0|AC  0|TAMS 0x00000007035fed48, 0x00000007035fed48|
|  54|0x0000000703600000, 0x0000000703700000, 0x0000000703700000|100%| O|  |TS  0|AC  0|TAMS 0x0000000703700000, 0x0000000703700000|
|  55|0x0000000703700000, 0x00000007037ffff0, 0x0000000703800000| 99%| O|  |TS  0|AC  0|TAMS 0x00000007037ffff0, 0x00000007037ffff0|
|  56|0x0000000703800000, 0x00000007038ffd60, 0x0000000703900000| 99%| O|  |TS  0|AC  0|TAMS 0x00000007038ffd60, 0x00000007038ffd60|
|  57|0x0000000703900000, 0x00000007039ffff0, 0x0000000703a00000| 99%| O|  |TS  0|AC  0|TAMS 0x00000007039ffff0, 0x00000007039ffff0|
|  58|0x0000000703a00000, 0x0000000703b00000, 0x0000000703b00000|100%| O|  |TS  0|AC  0|TAMS 0x0000000703b00000, 0x0000000703b00000|
|  59|0x0000000703b00000, 0x0000000703bfffe8, 0x0000000703c00000| 99%| O|  |TS  0|AC  0|TAMS 0x0000000703bfffe8, 0x0000000703bfffe8|
|  60|0x0000000703c00000, 0x0000000703cffff0, 0x0000000703d00000| 99%| O|  |TS  0|AC  0|TAMS 0x0000000703cffff0, 0x0000000703cffff0|
|  61|0x0000000703d00000, 0x0000000703dfffe8, 0x0000000703e00000| 99%| O|  |TS  0|AC  0|TAMS 0x0000000703dfffe8, 0x0000000703dfffe8|
|  62|0x0000000703e00000, 0x0000000703eff620, 0x0000000703f00000| 99%| O|  |TS  0|AC  0|TAMS 0x0000000703eff620, 0x0000000703eff620|
|  63|0x0000000703f00000, 0x0000000703fffff8, 0x0000000704000000| 99%| O|  |TS  0|AC  0|TAMS 0x0000000703fffff8, 0x0000000703fffff8|
|  64|0x0000000704000000, 0x00000007040fffe8, 0x0000000704100000| 99%| O|  |TS  0|AC  0|TAMS 0x00000007040fffe8, 0x00000007040fffe8|
|  65|0x0000000704100000, 0x00000007041ffff8, 0x0000000704200000| 99%| O|  |TS  0|AC  0|TAMS 0x00000007041ffff8, 0x00000007041ffff8|
|  66|0x0000000704200000, 0x0000000704300000, 0x0000000704300000|100%| O|  |TS  0|AC  0|TAMS 0x0000000704300000, 0x0000000704300000|
|  67|0x0000000704300000, 0x00000007043ffe80, 0x0000000704400000| 99%| O|  |TS  0|AC  0|TAMS 0x00000007043ffe80, 0x00000007043ffe80|
|  68|0x0000000704400000, 0x00000007044ffff8, 0x0000000704500000| 99%| O|  |TS  0|AC  0|TAMS 0x00000007044ffff8, 0x00000007044ffff8|
|  69|0x0000000704500000, 0x00000007045ffff0, 0x0000000704600000| 99%| O|  |TS  0|AC  0|TAMS 0x00000007045ffff0, 0x00000007045ffff0|
|  70|0x0000000704600000, 0x00000007046ffff0, 0x0000000704700000| 99%| O|  |TS  0|AC  0|TAMS 0x00000007046ffff0, 0x00000007046ffff0|
|  71|0x0000000704700000, 0x00000007047fffe8, 0x0000000704800000| 99%| O|  |TS  0|AC  0|TAMS 0x00000007047fffe8, 0x00000007047fffe8|
|  72|0x0000000704800000, 0x00000007048ffff8, 0x0000000704900000| 99%| O|  |TS  0|AC  0|TAMS 0x00000007048ffff8, 0x00000007048ffff8|
|  73|0x0000000704900000, 0x00000007049ffff8, 0x0000000704a00000| 99%| O|  |TS  0|AC  0|TAMS 0x00000007049ffff8, 0x00000007049ffff8|
|  74|0x0000000704a00000, 0x0000000704afff20, 0x0000000704b00000| 99%| O|  |TS  0|AC  0|TAMS 0x0000000704afff20, 0x0000000704afff20|
|  75|0x0000000704b00000, 0x0000000704bfffe0, 0x0000000704c00000| 99%| O|  |TS  0|AC  0|TAMS 0x0000000704bfffe0, 0x0000000704bfffe0|
|  76|0x0000000704c00000, 0x0000000704cfff78, 0x0000000704d00000| 99%| O|  |TS  0|AC  0|TAMS 0x0000000704cfff78, 0x0000000704cfff78|
|  77|0x0000000704d00000, 0x0000000704e00000, 0x0000000704e00000|100%| O|  |TS  0|AC  0|TAMS 0x0000000704e00000, 0x0000000704e00000|
|  78|0x0000000704e00000, 0x0000000704efffa0, 0x0000000704f00000| 99%| O|  |TS  0|AC  0|TAMS 0x0000000704efffa0, 0x0000000704efffa0|
|  79|0x0000000704f00000, 0x0000000704f15e20, 0x0000000705000000|  8%| O|  |TS  0|AC  0|TAMS 0x0000000704f15e20, 0x0000000704f15e20|
|  80|0x0000000705000000, 0x0000000705100000, 0x0000000705100000|100%|HS|  |TS  0|AC  0|TAMS 0x0000000705000000, 0x0000000705000000|
|  81|0x0000000705100000, 0x0000000705200000, 0x0000000705200000|100%|HC|  |TS  0|AC  0|TAMS 0x0000000705100000, 0x0000000705100000|
|  82|0x0000000705200000, 0x0000000705200000, 0x0000000705300000|  0%| F|  |TS  0|AC  0|TAMS 0x0000000705200000, 0x0000000705200000|
|  83|0x0000000705300000, 0x0000000705300000, 0x0000000705400000|  0%| F|  |TS  1|AC  0|TAMS 0x0000000705300000, 0x0000000705300000|
|  84|0x0000000705400000, 0x0000000705500000, 0x0000000705500000|100%|HS|  |TS  0|AC  0|TAMS 0x0000000705500000, 0x0000000705500000|
|  85|0x0000000705500000, 0x0000000705600000, 0x0000000705600000|100%|HC|  |TS  0|AC  0|TAMS 0x0000000705600000, 0x0000000705600000|
|  86|0x0000000705600000, 0x0000000705600000, 0x0000000705700000|  0%| F|  |TS  1|AC  0|TAMS 0x0000000705600000, 0x0000000705600000|
|  87|0x0000000705700000, 0x0000000705700000, 0x0000000705800000|  0%| F|  |TS  0|AC  0|TAMS 0x0000000705700000, 0x0000000705700000|
|  88|0x0000000705800000, 0x0000000705800000, 0x0000000705900000|  0%| F|  |TS  0|AC  0|TAMS 0x0000000705800000, 0x0000000705800000|
|  89|0x0000000705900000, 0x0000000705900000, 0x0000000705a00000|  0%| F|  |TS  0|AC  0|TAMS 0x0000000705900000, 0x0000000705900000|
|  90|0x0000000705a00000, 0x0000000705a00000, 0x0000000705b00000|  0%| F|  |TS  0|AC  0|TAMS 0x0000000705a00000, 0x0000000705a00000|
|  91|0x0000000705b00000, 0x0000000705b00000, 0x0000000705c00000|  0%| F|  |TS  0|AC  0|TAMS 0x0000000705b00000, 0x0000000705b00000|
|  92|0x0000000705c00000, 0x0000000705c00000, 0x0000000705d00000|  0%| F|  |TS  0|AC  0|TAMS 0x0000000705c00000, 0x0000000705c00000|
|  93|0x0000000705d00000, 0x0000000705d00000, 0x0000000705e00000|  0%| F|  |TS  0|AC  0|TAMS 0x0000000705d00000, 0x0000000705d00000|
|  94|0x0000000705e00000, 0x0000000705e00000, 0x0000000705f00000|  0%| F|  |TS  0|AC  0|TAMS 0x0000000705e00000, 0x0000000705e00000|
|  95|0x0000000705f00000, 0x0000000705f00000, 0x0000000706000000|  0%| F|  |TS  0|AC  0|TAMS 0x0000000705f00000, 0x0000000705f00000|
|  96|0x0000000706000000, 0x0000000706000000, 0x0000000706100000|  0%| F|  |TS  0|AC  0|TAMS 0x0000000706000000, 0x0000000706000000|
|  97|0x0000000706100000, 0x0000000706100000, 0x0000000706200000|  0%| F|  |TS  0|AC  0|TAMS 0x0000000706100000, 0x0000000706100000|
|  98|0x0000000706200000, 0x0000000706200000, 0x0000000706300000|  0%| F|  |TS  0|AC  0|TAMS 0x0000000706200000, 0x0000000706200000|
|  99|0x0000000706300000, 0x0000000706300000, 0x0000000706400000|  0%| F|  |TS  0|AC  0|TAMS 0x0000000706300000, 0x0000000706300000|
| 100|0x0000000706400000, 0x0000000706400000, 0x0000000706500000|  0%| F|  |TS  0|AC  0|TAMS 0x0000000706400000, 0x0000000706400000|
| 101|0x0000000706500000, 0x0000000706500000, 0x0000000706600000|  0%| F|  |TS  0|AC  0|TAMS 0x0000000706500000, 0x0000000706500000|
| 102|0x0000000706600000, 0x0000000706600000, 0x0000000706700000|  0%| F|  |TS  0|AC  0|TAMS 0x0000000706600000, 0x0000000706600000|
| 103|0x0000000706700000, 0x0000000706700000, 0x0000000706800000|  0%| F|  |TS  0|AC  0|TAMS 0x0000000706700000, 0x0000000706700000|
| 104|0x0000000706800000, 0x0000000706800000, 0x0000000706900000|  0%| F|  |TS  0|AC  0|TAMS 0x0000000706800000, 0x0000000706800000|
| 105|0x0000000706900000, 0x0000000706900000, 0x0000000706a00000|  0%| F|  |TS  0|AC  0|TAMS 0x0000000706900000, 0x0000000706900000|
| 106|0x0000000706a00000, 0x0000000706a00000, 0x0000000706b00000|  0%| F|  |TS  0|AC  0|TAMS 0x0000000706a00000, 0x0000000706a00000|
| 107|0x0000000706b00000, 0x0000000706b00000, 0x0000000706c00000|  0%| F|  |TS  0|AC  0|TAMS 0x0000000706b00000, 0x0000000706b00000|
| 108|0x0000000706c00000, 0x0000000706c00000, 0x0000000706d00000|  0%| F|  |TS  0|AC  0|TAMS 0x0000000706c00000, 0x0000000706c00000|
| 109|0x0000000706d00000, 0x0000000706d00000, 0x0000000706e00000|  0%| F|  |TS  0|AC  0|TAMS 0x0000000706d00000, 0x0000000706d00000|
| 110|0x0000000706e00000, 0x0000000706e00000, 0x0000000706f00000|  0%| F|  |TS  0|AC  0|TAMS 0x0000000706e00000, 0x0000000706e00000|
| 111|0x0000000706f00000, 0x0000000706f00000, 0x0000000707000000|  0%| F|  |TS  0|AC  0|TAMS 0x0000000706f00000, 0x0000000706f00000|
| 112|0x0000000707000000, 0x0000000707000000, 0x0000000707100000|  0%| F|  |TS  0|AC  0|TAMS 0x0000000707000000, 0x0000000707000000|
| 113|0x0000000707100000, 0x0000000707100000, 0x0000000707200000|  0%| F|  |TS  0|AC  0|TAMS 0x0000000707100000, 0x0000000707100000|
| 114|0x0000000707200000, 0x0000000707200000, 0x0000000707300000|  0%| F|  |TS  0|AC  0|TAMS 0x0000000707200000, 0x0000000707200000|
| 115|0x0000000707300000, 0x0000000707300000, 0x0000000707400000|  0%| F|  |TS  0|AC  0|TAMS 0x0000000707300000, 0x0000000707300000|
| 116|0x0000000707400000, 0x0000000707400000, 0x0000000707500000|  0%| F|  |TS  0|AC  0|TAMS 0x0000000707400000, 0x0000000707400000|
| 117|0x0000000707500000, 0x0000000707500000, 0x0000000707600000|  0%| F|  |TS  0|AC  0|TAMS 0x0000000707500000, 0x0000000707500000|
| 118|0x0000000707600000, 0x0000000707600000, 0x0000000707700000|  0%| F|  |TS  0|AC  0|TAMS 0x0000000707600000, 0x0000000707600000|
| 119|0x0000000707700000, 0x0000000707700000, 0x0000000707800000|  0%| F|  |TS  0|AC  0|TAMS 0x0000000707700000, 0x0000000707700000|
| 120|0x0000000707800000, 0x0000000707800000, 0x0000000707900000|  0%| F|  |TS  0|AC  0|TAMS 0x0000000707800000, 0x0000000707800000|
| 121|0x0000000707900000, 0x0000000707900000, 0x0000000707a00000|  0%| F|  |TS  0|AC  0|TAMS 0x0000000707900000, 0x0000000707900000|
| 122|0x0000000707a00000, 0x0000000707a00000, 0x0000000707b00000|  0%| F|  |TS  0|AC  0|TAMS 0x0000000707a00000, 0x0000000707a00000|
| 123|0x0000000707b00000, 0x0000000707b00000, 0x0000000707c00000|  0%| F|  |TS  0|AC  0|TAMS 0x0000000707b00000, 0x0000000707b00000|
| 124|0x0000000707c00000, 0x0000000707c00000, 0x0000000707d00000|  0%| F|  |TS  0|AC  0|TAMS 0x0000000707c00000, 0x0000000707c00000|
| 125|0x0000000707d00000, 0x0000000707d00000, 0x0000000707e00000|  0%| F|  |TS  0|AC  0|TAMS 0x0000000707d00000, 0x0000000707d00000|
| 126|0x0000000707e00000, 0x0000000707e00000, 0x0000000707f00000|  0%| F|  |TS  0|AC  0|TAMS 0x0000000707e00000, 0x0000000707e00000|
| 127|0x0000000707f00000, 0x0000000707f00000, 0x0000000708000000|  0%| F|  |TS  0|AC  0|TAMS 0x0000000707f00000, 0x0000000707f00000|
| 128|0x0000000708000000, 0x0000000708000000, 0x0000000708100000|  0%| F|  |TS  0|AC  0|TAMS 0x0000000708000000, 0x0000000708000000|
| 129|0x0000000708100000, 0x0000000708100000, 0x0000000708200000|  0%| F|  |TS  0|AC  0|TAMS 0x0000000708100000, 0x0000000708100000|
| 130|0x0000000708200000, 0x0000000708200000, 0x0000000708300000|  0%| F|  |TS  0|AC  0|TAMS 0x0000000708200000, 0x0000000708200000|
| 131|0x0000000708300000, 0x0000000708300000, 0x0000000708400000|  0%| F|  |TS  0|AC  0|TAMS 0x0000000708300000, 0x0000000708300000|
| 132|0x0000000708400000, 0x0000000708400000, 0x0000000708500000|  0%| F|  |TS  0|AC  0|TAMS 0x0000000708400000, 0x0000000708400000|
| 133|0x0000000708500000, 0x0000000708500000, 0x0000000708600000|  0%| F|  |TS  0|AC  0|TAMS 0x0000000708500000, 0x0000000708500000|
| 134|0x0000000708600000, 0x0000000708600000, 0x0000000708700000|  0%| F|  |TS  0|AC  0|TAMS 0x0000000708600000, 0x0000000708600000|
| 135|0x0000000708700000, 0x0000000708716460, 0x0000000708800000|  8%| S|CS|TS  1|AC  0|TAMS 0x0000000708700000, 0x0000000708700000|
| 136|0x0000000708800000, 0x0000000708900000, 0x0000000708900000|100%| S|CS|TS  1|AC  0|TAMS 0x0000000708800000, 0x0000000708800000|
| 137|0x0000000708900000, 0x0000000708a00000, 0x0000000708a00000|100%| S|CS|TS  1|AC  0|TAMS 0x0000000708900000, 0x0000000708900000|
| 138|0x0000000708a00000, 0x0000000708a00000, 0x0000000708b00000|  0%| F|  |TS  1|AC  0|TAMS 0x0000000708a00000, 0x0000000708a00000|
| 139|0x0000000708b00000, 0x0000000708b00000, 0x0000000708c00000|  0%| F|  |TS  1|AC  0|TAMS 0x0000000708b00000, 0x0000000708b00000|
| 140|0x0000000708c00000, 0x0000000708c00000, 0x0000000708d00000|  0%| F|  |TS  1|AC  0|TAMS 0x0000000708c00000, 0x0000000708c00000|
| 141|0x0000000708d00000, 0x0000000708d00000, 0x0000000708e00000|  0%| F|  |TS  1|AC  0|TAMS 0x0000000708d00000, 0x0000000708d00000|
| 142|0x0000000708e00000, 0x0000000708e00000, 0x0000000708f00000|  0%| F|  |TS  1|AC  0|TAMS 0x0000000708e00000, 0x0000000708e00000|
| 143|0x0000000708f00000, 0x0000000708f00000, 0x0000000709000000|  0%| F|  |TS  1|AC  0|TAMS 0x0000000708f00000, 0x0000000708f00000|
| 144|0x0000000709000000, 0x0000000709000000, 0x0000000709100000|  0%| F|  |TS  1|AC  0|TAMS 0x0000000709000000, 0x0000000709000000|
| 145|0x0000000709100000, 0x0000000709100000, 0x0000000709200000|  0%| F|  |TS  1|AC  0|TAMS 0x0000000709100000, 0x0000000709100000|
| 146|0x0000000709200000, 0x0000000709200000, 0x0000000709300000|  0%| F|  |TS  1|AC  0|TAMS 0x0000000709200000, 0x0000000709200000|
| 147|0x0000000709300000, 0x0000000709300000, 0x0000000709400000|  0%| F|  |TS  1|AC  0|TAMS 0x0000000709300000, 0x0000000709300000|
| 148|0x0000000709400000, 0x0000000709400000, 0x0000000709500000|  0%| F|  |TS  1|AC  0|TAMS 0x0000000709400000, 0x0000000709400000|
| 149|0x0000000709500000, 0x0000000709500000, 0x0000000709600000|  0%| F|  |TS  1|AC  0|TAMS 0x0000000709500000, 0x0000000709500000|
| 150|0x0000000709600000, 0x0000000709600000, 0x0000000709700000|  0%| F|  |TS  1|AC  0|TAMS 0x0000000709600000, 0x0000000709600000|
| 151|0x0000000709700000, 0x0000000709700000, 0x0000000709800000|  0%| F|  |TS  1|AC  0|TAMS 0x0000000709700000, 0x0000000709700000|
| 152|0x0000000709800000, 0x0000000709800000, 0x0000000709900000|  0%| F|  |TS  1|AC  0|TAMS 0x0000000709800000, 0x0000000709800000|
| 153|0x0000000709900000, 0x0000000709900000, 0x0000000709a00000|  0%| F|  |TS  1|AC  0|TAMS 0x0000000709900000, 0x0000000709900000|
| 154|0x0000000709a00000, 0x0000000709a00000, 0x0000000709b00000|  0%| F|  |TS  1|AC  0|TAMS 0x0000000709a00000, 0x0000000709a00000|
| 155|0x0000000709b00000, 0x0000000709b00000, 0x0000000709c00000|  0%| F|  |TS  1|AC  0|TAMS 0x0000000709b00000, 0x0000000709b00000|
| 156|0x0000000709c00000, 0x0000000709c00000, 0x0000000709d00000|  0%| F|  |TS  1|AC  0|TAMS 0x0000000709c00000, 0x0000000709c00000|
| 157|0x0000000709d00000, 0x0000000709d00000, 0x0000000709e00000|  0%| F|  |TS  1|AC  0|TAMS 0x0000000709d00000, 0x0000000709d00000|
| 158|0x0000000709e00000, 0x0000000709e00000, 0x0000000709f00000|  0%| F|  |TS  1|AC  0|TAMS 0x0000000709e00000, 0x0000000709e00000|
| 159|0x0000000709f00000, 0x0000000709f00000, 0x000000070a000000|  0%| F|  |TS  1|AC  0|TAMS 0x0000000709f00000, 0x0000000709f00000|
| 160|0x000000070a000000, 0x000000070a000000, 0x000000070a100000|  0%| F|  |TS  1|AC  0|TAMS 0x000000070a000000, 0x000000070a000000|
| 161|0x000000070a100000, 0x000000070a100000, 0x000000070a200000|  0%| F|  |TS  1|AC  0|TAMS 0x000000070a100000, 0x000000070a100000|
| 162|0x000000070a200000, 0x000000070a200000, 0x000000070a300000|  0%| F|  |TS  1|AC  0|TAMS 0x000000070a200000, 0x000000070a200000|
| 163|0x000000070a300000, 0x000000070a300000, 0x000000070a400000|  0%| F|  |TS  1|AC  0|TAMS 0x000000070a300000, 0x000000070a300000|
| 164|0x000000070a400000, 0x000000070a400000, 0x000000070a500000|  0%| F|  |TS  1|AC  0|TAMS 0x000000070a400000, 0x000000070a400000|
| 165|0x000000070a500000, 0x000000070a500000, 0x000000070a600000|  0%| F|  |TS  1|AC  0|TAMS 0x000000070a500000, 0x000000070a500000|
| 166|0x000000070a600000, 0x000000070a600000, 0x000000070a700000|  0%| F|  |TS  1|AC  0|TAMS 0x000000070a600000, 0x000000070a600000|
| 167|0x000000070a700000, 0x000000070a781cc0, 0x000000070a800000| 50%| E|  |TS  1|AC  0|TAMS 0x000000070a700000, 0x000000070a700000|
| 168|0x000000070a800000, 0x000000070a900000, 0x000000070a900000|100%| E|CS|TS  1|AC  0|TAMS 0x000000070a800000, 0x000000070a800000|
| 169|0x000000070a900000, 0x000000070aa00000, 0x000000070aa00000|100%| E|CS|TS  1|AC  0|TAMS 0x000000070a900000, 0x000000070a900000|
| 170|0x000000070aa00000, 0x000000070ab00000, 0x000000070ab00000|100%| E|CS|TS  1|AC  0|TAMS 0x000000070aa00000, 0x000000070aa00000|
| 171|0x000000070ab00000, 0x000000070ac00000, 0x000000070ac00000|100%| E|CS|TS  1|AC  0|TAMS 0x000000070ab00000, 0x000000070ab00000|
| 172|0x000000070ac00000, 0x000000070ad00000, 0x000000070ad00000|100%| E|CS|TS  1|AC  0|TAMS 0x000000070ac00000, 0x000000070ac00000|
| 173|0x000000070ad00000, 0x000000070ae00000, 0x000000070ae00000|100%| E|CS|TS  1|AC  0|TAMS 0x000000070ad00000, 0x000000070ad00000|

Card table byte_map: [0x000001dcdd370000,0x000001dcdd970000] byte_map_base: 0x000001dcd9b70000

Marking Bits (Prev, Next): (CMBitMap*) 0x000001dcc0fcc720, (CMBitMap*) 0x000001dcc0fcc758
 Prev Bits: [0x000001dcddf70000, 0x000001dce0f70000)
 Next Bits: [0x000001dce0f70000, 0x000001dce3f70000)

Polling page: 0x000001dcbcfc0000

CodeHeap 'non-profiled nmethods': size=120000Kb used=18081Kb max_used=18081Kb free=101918Kb
 bounds [0x000001dcd5130000, 0x000001dcd62e0000, 0x000001dcdc660000]
CodeHeap 'profiled nmethods': size=120000Kb used=39637Kb max_used=39637Kb free=80362Kb
 bounds [0x000001dccdc00000, 0x000001dcd0320000, 0x000001dcd5130000]
CodeHeap 'non-nmethods': size=5760Kb used=1816Kb max_used=1855Kb free=3943Kb
 bounds [0x000001dccd660000, 0x000001dccd8d0000, 0x000001dccdc00000]
 total_blobs=28870 nmethods=15731 adapters=1162
 compilation: enabled

Compilation events (10 events):
Event: 502.067 Thread 0x000001dcc126e800 20042       4       java.util.Collections$UnmodifiableMap::get (11 bytes)
Event: 502.068 Thread 0x000001dcc126e800 nmethod 20042 0x000001dcd62d9a10 code [0x000001dcd62d9ba0, 0x000001dcd62d9c38]
Event: 502.072 Thread 0x000001dcc452c800 nmethod 20041 0x000001dcd030e690 code [0x000001dcd030ed60, 0x000001dcd03140b0]
Event: 502.072 Thread 0x000001dcc452c800 20043       3       javax.swing.plaf.synth.SynthRootPaneUI::updateStyle (50 bytes)
Event: 502.073 Thread 0x000001dcc452c800 nmethod 20043 0x000001dccfb74010 code [0x000001dccfb74280, 0x000001dccfb74da0]
Event: 502.078 Thread 0x000001dcc452c800 20044       3       de.javasoft.plaf.synthetica.painter.SplitPanePainter::getCacheScaleType (28 bytes)
Event: 502.078 Thread 0x000001dcc452c800 nmethod 20044 0x000001dccf800010 code [0x000001dccf8001e0, 0x000001dccf8005c0]
Event: 502.078 Thread 0x000001dcc452c800 20045       3       de.javasoft.plaf.synthetica.painter.SplitPanePainter::paintSplitPaneDividerForeground (409 bytes)
Event: 502.084 Thread 0x000001dcc452c800 nmethod 20045 0x000001dcd0315890 code [0x000001dcd03161c0, 0x000001dcd031c8f0]
Event: 502.094 Thread 0x000001dcc2abf800 20046  s    4       com.jidesoft.swing.StyledLabel::clearStyleRanges (18 bytes)

GC Heap History (10 events):
Event: 492.984 GC heap before
{Heap before GC invocations=134 (full 6):
 garbage-first heap   total 148480K, used 144005K [0x0000000700000000, 0x0000000700100488, 0x00000007c0000000)
  region size 1024K, 60 young (61440K), 1 survivors (1024K)
 Metaspace       used 87326K, capacity 94020K, committed 94256K, reserved 1130496K
  class space    used 12883K, capacity 14044K, committed 14128K, reserved 1048576K
}
Event: 492.987 GC heap after
{Heap after GC invocations=135 (full 6):
 garbage-first heap   total 148480K, used 84375K [0x0000000700000000, 0x0000000700100488, 0x00000007c0000000)
  region size 1024K, 2 young (2048K), 2 survivors (2048K)
 Metaspace       used 87326K, capacity 94020K, committed 94256K, reserved 1130496K
  class space    used 12883K, capacity 14044K, committed 14128K, reserved 1048576K
}
Event: 499.464 GC heap before
{Heap before GC invocations=135 (full 6):
 garbage-first heap   total 148480K, used 143767K [0x0000000700000000, 0x0000000700100488, 0x00000007c0000000)
  region size 1024K, 60 young (61440K), 2 survivors (2048K)
 Metaspace       used 87383K, capacity 94084K, committed 94256K, reserved 1130496K
  class space    used 12889K, capacity 14044K, committed 14128K, reserved 1048576K
}
Event: 499.468 GC heap after
{Heap after GC invocations=136 (full 6):
 garbage-first heap   total 148480K, used 84604K [0x0000000700000000, 0x0000000700100488, 0x00000007c0000000)
  region size 1024K, 2 young (2048K), 2 survivors (2048K)
 Metaspace       used 87383K, capacity 94084K, committed 94256K, reserved 1130496K
  class space    used 12889K, capacity 14044K, committed 14128K, reserved 1048576K
}
Event: 499.753 GC heap before
{Heap before GC invocations=137 (full 6):
 garbage-first heap   total 148480K, used 143996K [0x0000000700000000, 0x0000000700100488, 0x00000007c0000000)
  region size 1024K, 60 young (61440K), 2 survivors (2048K)
 Metaspace       used 87393K, capacity 94084K, committed 94256K, reserved 1130496K
  class space    used 12889K, capacity 14044K, committed 14128K, reserved 1048576K
}
Event: 499.757 GC heap after
{Heap after GC invocations=138 (full 6):
 garbage-first heap   total 148480K, used 84482K [0x0000000700000000, 0x0000000700100488, 0x00000007c0000000)
  region size 1024K, 2 young (2048K), 2 survivors (2048K)
 Metaspace       used 87393K, capacity 94084K, committed 94256K, reserved 1130496K
  class space    used 12889K, capacity 14044K, committed 14128K, reserved 1048576K
}
Event: 501.205 GC heap before
{Heap before GC invocations=138 (full 6):
 garbage-first heap   total 148480K, used 143874K [0x0000000700000000, 0x0000000700100488, 0x00000007c0000000)
  region size 1024K, 60 young (61440K), 2 survivors (2048K)
 Metaspace       used 87446K, capacity 94148K, committed 94256K, reserved 1130496K
  class space    used 12903K, capacity 14044K, committed 14128K, reserved 1048576K
}
Event: 501.210 GC heap after
{Heap after GC invocations=139 (full 6):
 garbage-first heap   total 148480K, used 84835K [0x0000000700000000, 0x0000000700100488, 0x00000007c0000000)
  region size 1024K, 2 young (2048K), 2 survivors (2048K)
 Metaspace       used 87446K, capacity 94148K, committed 94256K, reserved 1130496K
  class space    used 12903K, capacity 14044K, committed 14128K, reserved 1048576K
}
Event: 502.057 GC heap before
{Heap before GC invocations=140 (full 6):
 garbage-first heap   total 148480K, used 90979K [0x0000000700000000, 0x0000000700100488, 0x00000007c0000000)
  region size 1024K, 9 young (9216K), 2 survivors (2048K)
 Metaspace       used 87501K, capacity 94180K, committed 94256K, reserved 1130496K
  class space    used 12909K, capacity 14076K, committed 14128K, reserved 1048576K
}
Event: 502.061 GC heap after
{Heap after GC invocations=141 (full 6):
 garbage-first heap   total 178176K, used 84928K [0x0000000700000000, 0x0000000700100570, 0x00000007c0000000)
  region size 1024K, 3 young (3072K), 3 survivors (3072K)
 Metaspace       used 87501K, capacity 94180K, committed 94256K, reserved 1130496K
  class space    used 12909K, capacity 14076K, committed 14128K, reserved 1048576K
}

Deoptimization events (10 events):
Event: 484.328 Thread 0x000001dcc61b7000 Uncommon trap: reason=unstable_if action=reinterpret pc=0x000001dcd5e74978 method=javax.swing.JComponent.paintChildren(Ljava/awt/Graphics;)V @ 384 c2
Event: 485.344 Thread 0x000001dcc61b7000 Uncommon trap: reason=unstable_if action=reinterpret pc=0x000001dcd54ffda4 method=javax.swing.text.html.parser.Parser.parseContent()V @ 296 c2
Event: 487.365 Thread 0x000001dcc61b7000 Uncommon trap: reason=unstable_if action=reinterpret pc=0x000001dcd5b7a640 method=java.awt.Rectangle.inside(II)Z @ 15 c2
Event: 499.561 Thread 0x000001dcc61b7000 Uncommon trap: reason=unstable_if action=reinterpret pc=0x000001dcd5fb2698 method=javax.swing.JRootPane.isOptimizedDrawingEnabled()Z @ 7 c2
Event: 499.561 Thread 0x000001dcc61b7000 Uncommon trap: reason=unstable_if action=reinterpret pc=0x000001dcd62a20dc method=javax.swing.JComponent._paintImmediately(IIII)V @ 213 c2
Event: 499.605 Thread 0x000001dcc61b7000 Uncommon trap: reason=unstable_if action=reinterpret pc=0x000001dcd5c6f3d0 method=com.jidesoft.document.d.a(Ljava/awt/Component;Lcom/jidesoft/document/DocumentPane;)Ljava/awt/Component; @ 23 c2
Event: 501.159 Thread 0x000001dcc61b7000 Uncommon trap: reason=class_check action=maybe_recompile pc=0x000001dcd61aa7b4 method=java.awt.DefaultKeyboardFocusManager.dispatchEvent(Ljava/awt/AWTEvent;)Z @ 470 c2
Event: 501.167 Thread 0x000001dcc61b7000 Uncommon trap: reason=bimorphic_or_optimized_type_check action=maybe_recompile pc=0x000001dcd59f4ef8 method=com.jidesoft.grid.AbstractExpandable.a(Lcom/jidesoft/grid/Expandable;)Lcom/jidesoft/grid/IExpandableTreeTableModel; @ 29 c2
Event: 501.167 Thread 0x000001dcc61b7000 Uncommon trap: reason=null_check action=make_not_entrant pc=0x000001dcd5f8f108 method=ui.utils.i.j.ax.DV(I)Lui/utils/i/j/aA; @ 5 c2
Event: 501.171 Thread 0x000001dcc61b7000 Uncommon trap: reason=null_check action=make_not_entrant pc=0x000001dcd5b40088 method=ui.utils.i.j.ax.DV(I)Lui/utils/i/j/aA; @ 5 c2

Classes redefined (0 events):
No events

Internal exceptions (10 events):
Event: 442.770 Thread 0x000001dcc61b7000 Implicit null exception at 0x000001dcd52f1775 to 0x000001dcd52f1ab5
Event: 466.119 Thread 0x000001dcc61b7000 Implicit null exception at 0x000001dcd5985714 to 0x000001dcd5985f95
Event: 468.285 Thread 0x000001dcc61b7000 Implicit null exception at 0x000001dcd612e7f7 to 0x000001dcd61356fd
Event: 482.628 Thread 0x000001dcc61b7000 Exception <a 'java/lang/NoSuchMethodError'{0x0000000706c135c0}: method resolution failed> (0x0000000706c135c0) thrown at [t:/workspace/hotspot/src/share/vm/prims/methodHandles.cpp, line 1256]
Event: 482.680 Thread 0x000001dcc61b7000 Exception <a 'java/lang/ClassNotFoundException'{0x0000000706a71f28}: ui/views/waveform/f/pBeanInfo> (0x0000000706a71f28) thrown at [t:/workspace/hotspot/src/share/vm/classfile/systemDictionary.cpp, line 218]
Event: 482.680 Thread 0x000001dcc61b7000 Exception <a 'java/lang/ClassNotFoundException'{0x0000000706a84340}: ui/views/waveform/f/pCustomizer> (0x0000000706a84340) thrown at [t:/workspace/hotspot/src/share/vm/classfile/systemDictionary.cpp, line 218]
Event: 487.882 Thread 0x000001dcc61b7000 Exception <a 'java/lang/NoSuchMethodError'{0x000000070788ead8}: java.lang.invoke.DirectMethodHandle$Holder.invokeSpecial(Ljava/lang/Object;Ljava/lang/Object;IILjava/lang/Object;Ljava/lang/Object;I)Ljava/lang/Object;> (0x000000070788ead8) thrown at [t:/wor
Event: 487.882 Thread 0x000001dcc61b7000 Exception <a 'java/lang/NoSuchMethodError'{0x0000000707891fb0}: java.lang.invoke.DelegatingMethodHandle$Holder.reinvoke_L(Ljava/lang/Object;IILjava/lang/Object;Ljava/lang/Object;I)Ljava/lang/Object;> (0x0000000707891fb0) thrown at [t:/workspace/hotspot/sr
Event: 492.938 Thread 0x000001dcc61b7000 Exception <a 'java/lang/NoSuchMethodError'{0x0000000706e33f10}: method resolution failed> (0x0000000706e33f10) thrown at [t:/workspace/hotspot/src/share/vm/prims/methodHandles.cpp, line 1256]
Event: 492.939 Thread 0x000001dcc61b7000 Exception <a 'java/lang/NoSuchMethodError'{0x0000000706e39ea0}: java.lang.invoke.DirectMethodHandle$Holder.invokeStatic(Ljava/lang/Object;Ljava/lang/Object;ILjava/lang/Object;I)Ljava/lang/Object;> (0x0000000706e39ea0) thrown at [t:/workspace/hotspot/src/s

Events (10 events):
Event: 502.042 loading class ui/views/dc
Event: 502.042 loading class ui/views/dc done
Event: 502.043 loading class ui/views/dB
Event: 502.043 loading class ui/views/dB done
Event: 502.045 loading class ui/views/db
Event: 502.045 loading class ui/views/db done
Event: 502.046 loading class ui/views/cW
Event: 502.046 loading class ui/views/cW done
Event: 502.057 Executing VM operation: G1IncCollectionPause
Event: 502.061 Executing VM operation: G1IncCollectionPause done


Dynamic libraries:
0x00007ff713e00000 - 0x00007ff713e30000 	D:\Vivado\2018.3\bin\unwrapped\win64.o\vivado.exe
0x00007ffebdb80000 - 0x00007ffebdd89000 	C:\WINDOWS\SYSTEM32\ntdll.dll
0x00007ffebce40000 - 0x00007ffebcefe000 	C:\WINDOWS\System32\KERNEL32.DLL
0x00007ffebb1a0000 - 0x00007ffebb51b000 	C:\WINDOWS\System32\KERNELBASE.dll
0x00007ffebb080000 - 0x00007ffebb191000 	C:\WINDOWS\System32\ucrtbase.dll
0x00007ffe900d0000 - 0x00007ffe9015d000 	C:\WINDOWS\SYSTEM32\MSVCP140.dll
0x00007ffeb40c0000 - 0x00007ffeb40d4000 	D:\Vivado\2018.3\lib\win64.o\libboost_signals.dll
0x00007ffe9ec30000 - 0x00007ffe9ec4b000 	C:\WINDOWS\SYSTEM32\VCRUNTIME140.dll
0x00007ffe56ee0000 - 0x00007ffe57d74000 	D:\Vivado\2018.3\lib\win64.o\librdi_common.dll
0x00007ffeab5e0000 - 0x00007ffeab5ec000 	C:\WINDOWS\SYSTEM32\VCRUNTIME140_1.dll
0x00007ffebd200000 - 0x00007ffebd3ad000 	C:\WINDOWS\System32\USER32.dll
0x00007ffebb050000 - 0x00007ffebb076000 	C:\WINDOWS\System32\win32u.dll
0x00007ffebd5b0000 - 0x00007ffebd5d9000 	C:\WINDOWS\System32\GDI32.dll
0x00007ffe5bd90000 - 0x00007ffe5c0fe000 	D:\Vivado\2018.3\lib\win64.o\libCOIN-all.dll
0x00007ffebb5e0000 - 0x00007ffebb6f8000 	C:\WINDOWS\System32\gdi32full.dll
0x00007ffebb8e0000 - 0x00007ffebb97d000 	C:\WINDOWS\System32\msvcp_win.dll
0x00007ffe43150000 - 0x00007ffe43405000 	D:\Vivado\2018.3\lib\win64.o\libXil_lmgr11.dll
0x00007ffebc360000 - 0x00007ffebc40e000 	C:\WINDOWS\System32\ADVAPI32.dll
0x00007ffe9ed50000 - 0x00007ffe9ed64000 	D:\Vivado\2018.3\lib\win64.o\libboost_date_time.dll
0x00007ffebd0a0000 - 0x00007ffebd18c000 	C:\WINDOWS\System32\COMDLG32.dll
0x00007ffebc2b0000 - 0x00007ffebc353000 	C:\WINDOWS\System32\msvcrt.dll
0x00007ffebc420000 - 0x00007ffebc798000 	C:\WINDOWS\System32\combase.dll
0x00007ffebd3b0000 - 0x00007ffebd44e000 	C:\WINDOWS\System32\sechost.dll
0x00007ffebd860000 - 0x00007ffebd980000 	C:\WINDOWS\System32\RPCRT4.dll
0x00007ffebba70000 - 0x00007ffebc228000 	C:\WINDOWS\System32\SHELL32.dll
0x00007ffe9a000000 - 0x00007ffe9a026000 	D:\Vivado\2018.3\lib\win64.o\libboost_filesystem.dll
0x00007ffebd600000 - 0x00007ffebd6ea000 	C:\WINDOWS\System32\shcore.dll
0x00007ffebba00000 - 0x00007ffebba5d000 	C:\WINDOWS\System32\SHLWAPI.dll
0x00007ffebd4d0000 - 0x00007ffebd5a6000 	C:\WINDOWS\System32\OLEAUT32.dll
0x00007ffe814a0000 - 0x00007ffe8151f000 	D:\Vivado\2018.3\lib\win64.o\libboost_program_options.dll
0x00007ffebcf00000 - 0x00007ffebd09a000 	C:\WINDOWS\System32\ole32.dll
0x00007ffe90190000 - 0x00007ffe902a4000 	D:\Vivado\2018.3\lib\win64.o\libboost_regex.dll
0x00007ffebd190000 - 0x00007ffebd1ff000 	C:\WINDOWS\System32\WS2_32.dll
0x00007ffebb700000 - 0x00007ffebb768000 	C:\WINDOWS\System32\WINTRUST.dll
0x00007ffebb770000 - 0x00007ffebb8d2000 	C:\WINDOWS\System32\CRYPT32.dll
0x00007ffe99de0000 - 0x00007ffe99e01000 	D:\Vivado\2018.3\lib\win64.o\libboost_thread.dll
0x00007ffea53c0000 - 0x00007ffea53cb000 	D:\Vivado\2018.3\lib\win64.o\libboost_system.dll
0x00007ffea40d0000 - 0x00007ffea40df000 	D:\Vivado\2018.3\lib\win64.o\libboost_xilinx.dll
0x00007ffe7bc60000 - 0x00007ffe7bce2000 	D:\Vivado\2018.3\lib\win64.o\libhdlpsolve.dll
0x00007ffe7b360000 - 0x00007ffe7b405000 	D:\Vivado\2018.3\lib\win64.o\libhdxml.dll
0x00007ffe981a0000 - 0x00007ffe981ce000 	D:\Vivado\2018.3\lib\win64.o\libisl_sysinfo.dll
0x00007ffe96260000 - 0x00007ffe962c5000 	D:\Vivado\2018.3\lib\win64.o\liblmx6.0.dll
0x00007ffe9ed30000 - 0x00007ffe9ed4a000 	D:\Vivado\2018.3\lib\win64.o\pthreadVC2.dll
0x00007ffe796f0000 - 0x00007ffe79811000 	D:\Vivado\2018.3\lib\win64.o\librdi_commonxillic.dll
0x00007ffe9b0c0000 - 0x00007ffe9b0dc000 	D:\Vivado\2018.3\lib\win64.o\librdiconfig.dll
0x00007ffe97cd0000 - 0x00007ffe97cf1000 	D:\Vivado\2018.3\lib\win64.o\librdizlib.dll
0x0000000012000000 - 0x0000000012272000 	D:\Vivado\2018.3\lib\win64.o\xerces-c_3_1.dll
0x0000000054d50000 - 0x0000000054e7b000 	D:\Vivado\2018.3\lib\win64.o\tcl85t.dll
0x00007ffe9f410000 - 0x00007ffe9f429000 	C:\WINDOWS\SYSTEM32\NETAPI32.dll
0x00007ffe42900000 - 0x00007ffe4314e600 	D:\Vivado\2018.3\lib\win64.o\libisl_iostreams.dll
0x00007ffea29d0000 - 0x00007ffea2ecb000 	C:\WINDOWS\SYSTEM32\WININET.dll
0x00007ffeb0470000 - 0x00007ffeb0584000 	C:\WINDOWS\SYSTEM32\WINHTTP.dll
0x00007ffeaffe0000 - 0x00007ffeb01d0000 	C:\WINDOWS\SYSTEM32\urlmon.dll
0x00007ffe9b5c0000 - 0x00007ffe9b5c9000 	C:\WINDOWS\SYSTEM32\WSOCK32.dll
0x00007ffe97310000 - 0x00007ffe97341000 	C:\WINDOWS\SYSTEM32\VCOMP140.DLL
0x00007ffead480000 - 0x00007ffead532000 	C:\WINDOWS\WinSxS\amd64_microsoft.windows.common-controls_6595b64144ccf1df_5.82.22000.1_none_271a8fad6a2d1b1e\COMCTL32.dll
0x00007ffe41a60000 - 0x00007ffe428f1000 	D:\Vivado\2018.3\lib\win64.o\gurobi65.dll
0x00007ffeb1710000 - 0x00007ffeb172e000 	C:\WINDOWS\SYSTEM32\dhcpcsvc.DLL
0x00007ffea2600000 - 0x00007ffea260d000 	D:\Vivado\2018.3\lib\win64.o\libboost_chrono.dll
0x00007ffe9a610000 - 0x00007ffe9a62b000 	D:\Vivado\2018.3\lib\win64.o\libboost_iostreams.dll
0x00007ffe966f0000 - 0x00007ffe96715000 	D:\Vivado\2018.3\lib\win64.o\libisl_iosutils.dll
0x00007ffeafcd0000 - 0x00007ffeaff83000 	C:\WINDOWS\SYSTEM32\iertutil.dll
0x00007ffeaff90000 - 0x00007ffeaffb8000 	C:\WINDOWS\SYSTEM32\srvcli.dll
0x00007ffeb9bf0000 - 0x00007ffeb9bfc000 	C:\WINDOWS\SYSTEM32\netutils.dll
0x00007ffe99fe0000 - 0x00007ffe99ff4000 	D:\Vivado\2018.3\lib\win64.o\librdi_commonmain.dll
0x00007ffe9fbc0000 - 0x00007ffe9fbca000 	D:\Vivado\2018.3\lib\win64.o\librdi_commonversion.dll
0x00007ffebc7a0000 - 0x00007ffebc7d2000 	C:\WINDOWS\System32\IMM32.DLL
0x00007ffeba900000 - 0x00007ffeba912000 	C:\WINDOWS\SYSTEM32\MSASN1.dll
0x00007ffeba140000 - 0x00007ffeba158000 	C:\WINDOWS\SYSTEM32\kernel.appcore.dll
0x00007ffe41560000 - 0x00007ffe41a55000 	D:\Vivado\2018.3\lib\win64.o\librdi_commontasks.dll
0x00007ffeb0650000 - 0x00007ffeb065a000 	C:\WINDOWS\SYSTEM32\VERSION.dll
0x00007ffe6d000000 - 0x00007ffe6d27f000 	D:\Vivado\2018.3\lib\win64.o\librdi_sio.dll
0x00007ffeb9c00000 - 0x00007ffeb9c2d000 	C:\WINDOWS\SYSTEM32\IPHLPAPI.DLL
0x0000000054320000 - 0x0000000054d45000 	D:\Vivado\2018.3\tps\win64\jre9.0.4\bin\server\jvm.dll
0x00007ffebd7b0000 - 0x00007ffebd7b8000 	C:\WINDOWS\System32\PSAPI.DLL
0x00007ffeb1800000 - 0x00007ffeb1833000 	C:\WINDOWS\SYSTEM32\WINMM.dll
0x00007ffe78050000 - 0x00007ffe7813f000 	C:\WINDOWS\SYSTEM32\MSVCR120.dll
0x00007ffeba660000 - 0x00007ffeba6c7000 	C:\WINDOWS\SYSTEM32\MSWSOCK.DLL
0x00007ffeb9140000 - 0x00007ffeb99a5000 	C:\WINDOWS\SYSTEM32\windows.storage.dll
0x00007ffeb8fd0000 - 0x00007ffeb9136000 	C:\WINDOWS\SYSTEM32\wintypes.dll
0x00007ffe3f190000 - 0x00007ffe41552000 	D:\Vivado\2018.3\lib\win64.o\librdi_tcltasks.dll
0x00007ffe3edb0000 - 0x00007ffe3f18c000 	D:\Vivado\2018.3\lib\win64.o\librdi_bitstream.dll
0x00007ffe77f70000 - 0x00007ffe7804c000 	D:\Vivado\2018.3\lib\win64.o\librdi_chipscope.dll
0x00007ffe74e50000 - 0x00007ffe74fce000 	D:\Vivado\2018.3\lib\win64.o\librdi_board.dll
0x00007ffe79490000 - 0x00007ffe794fa000 	D:\Vivado\2018.3\lib\win64.o\librdi_boarddep.dll
0x00007ffe3ebf0000 - 0x00007ffe3eda9000 	D:\Vivado\2018.3\lib\win64.o\librdi_chipscopeimpl.dll
0x00007ffe6b000000 - 0x00007ffe6b148000 	D:\Vivado\2018.3\lib\win64.o\librdi_containers.dll
0x00007ffe3adf0000 - 0x00007ffe3ebeb000 	D:\Vivado\2018.3\lib\win64.o\librdi_designutils.dll
0x00007ffe394e0000 - 0x00007ffe3ade5000 	D:\Vivado\2018.3\lib\win64.o\librdi_constraints.dll
0x00007ffe391c0000 - 0x00007ffe394db000 	D:\Vivado\2018.3\lib\win64.o\librdi_dlyest.dll
0x00007ffe38c60000 - 0x00007ffe391c0000 	D:\Vivado\2018.3\lib\win64.o\librdi_drc.dll
0x00007ffe74d80000 - 0x00007ffe74e42000 	D:\Vivado\2018.3\lib\win64.o\librdi_dsp.dll
0x00007ffe36e40000 - 0x00007ffe38c5f000 	D:\Vivado\2018.3\lib\win64.o\librdi_coregen.dll
0x00007ffe36b60000 - 0x00007ffe36e3a000 	D:\Vivado\2018.3\lib\win64.o\librdi_guitools.dll
0x00007ffe83150000 - 0x00007ffe831ad000 	D:\Vivado\2018.3\lib\win64.o\librdi_hdf.dll
0x00007ffe36520000 - 0x00007ffe36b5f000 	D:\Vivado\2018.3\lib\win64.o\librdi_filemgmt.dll
0x00007ffe35180000 - 0x00007ffe36511000 	D:\Vivado\2018.3\lib\win64.o\librdi_implflow.dll
0x00007ffe34b60000 - 0x00007ffe35175000 	D:\Vivado\2018.3\lib\win64.o\librdi_memdata.dll
0x00007ffe0e960000 - 0x00007ffe1f6b2000 	D:\Vivado\2018.3\lib\win64.o\librdi_device.dll
0x00007ffe34480000 - 0x00007ffe34b5a000 	D:\Vivado\2018.3\lib\win64.o\librdi_coregenipxact.dll
0x00007ffe749f0000 - 0x00007ffe74a61000 	D:\Vivado\2018.3\lib\win64.o\librdi_memoryarray.dll
0x00007ffe90b10000 - 0x00007ffe90b60000 	D:\Vivado\2018.3\lib\win64.o\librdi_pfi.dll
0x00007ffe33e40000 - 0x00007ffe3447b000 	D:\Vivado\2018.3\lib\win64.o\librdi_netlist.dll
0x00007ffe30490000 - 0x00007ffe33e3c000 	D:\Vivado\2018.3\lib\win64.o\librdi_mig.dll
0x00007ffe2fd90000 - 0x00007ffe30485000 	D:\Vivado\2018.3\lib\win64.o\librdi_power.dll
0x00007ffe2fa80000 - 0x00007ffe2fd87000 	D:\Vivado\2018.3\lib\win64.o\librdi_platform.dll
0x00007ffe2d560000 - 0x00007ffe2fa74000 	D:\Vivado\2018.3\lib\win64.o\librdi_place.dll
0x00007ffe2d000000 - 0x00007ffe2d556000 	D:\Vivado\2018.3\lib\win64.o\librdi_project.dll
0x00007ffe2c920000 - 0x00007ffe2cff9000 	D:\Vivado\2018.3\lib\win64.o\librdi_rsb.dll
0x00007ffe2c220000 - 0x00007ffe2c913000 	D:\Vivado\2018.3\lib\win64.o\librdi_psta.dll
0x00007ffe62210000 - 0x00007ffe622e8000 	D:\Vivado\2018.3\lib\win64.o\librdi_runsbase.dll
0x00007ffe2be40000 - 0x00007ffe2c217000 	D:\Vivado\2018.3\lib\win64.o\librdi_runs.dll
0x00007ffe56d80000 - 0x00007ffe56ed4000 	D:\Vivado\2018.3\lib\win64.o\librdi_advchipscopeimpl.dll
0x00007ffe8fdf0000 - 0x00007ffe8fe3c000 	D:\Vivado\2018.3\lib\win64.o\libboost_serialization.dll
0x00007ffe2bc10000 - 0x00007ffe2be38000 	D:\Vivado\2018.3\lib\win64.o\librdi_simdata.dll
0x00007ffe61eb0000 - 0x00007ffe61f68000 	D:\Vivado\2018.3\lib\win64.o\librdi_hip_devdesign.dll
0x00007ffe2ae80000 - 0x00007ffe2bc0d000 	D:\Vivado\2018.3\lib\win64.o\librdi_timing.dll
0x00007ffe2a330000 - 0x00007ffe2ae77000 	D:\Vivado\2018.3\lib\win64.o\libverific.dll
0x00007ffe29f70000 - 0x00007ffe2a325000 	D:\Vivado\2018.3\lib\win64.o\librdi_hip_config.dll
0x00007ffe95be0000 - 0x00007ffe95c18000 	D:\Vivado\2018.3\lib\win64.o\librdi_noc_frameworks.dll
0x00007ffe747f0000 - 0x00007ffe7489b000 	D:\Vivado\2018.3\lib\win64.o\librdi_ipconfig_readwrite.dll
0x00007ffe29a20000 - 0x00007ffe29f6e000 	D:\Vivado\2018.3\lib\win64.o\librdi_xdm.dll
0x00007ffe62750000 - 0x00007ffe627ee000 	D:\Vivado\2018.3\lib\win64.o\libise.dll
0x00007ffe8ea50000 - 0x00007ffe8ea99000 	D:\Vivado\2018.3\lib\win64.o\librdi_wavedata_SimpleApi.dll
0x00007ffe73ec0000 - 0x00007ffe73f23000 	D:\Vivado\2018.3\lib\win64.o\librdi_hip_mathengine.dll
0x00007ffe282e0000 - 0x00007ffe292e2000 	D:\Vivado\2018.3\lib\win64.o\librdi_route.dll
0x00007ffe297d0000 - 0x00007ffe29a20000 	D:\Vivado\2018.3\lib\win64.o\librdi_hsm.dll
0x00007ffe26170000 - 0x00007ffe280b2000 	D:\Vivado\2018.3\lib\win64.o\librdi_synth.dll

VM Arguments:
jvm_args: -Dsun.java2d.pmoffscreen=false -Dsun.java2d.xrender=false -Dsun.java2d.d3d=false -Dsun.awt.nopixfmt=true -Dsun.java2d.dpiaware=true -Dsun.java2d.uiScale.enabled=false -Xverify:none -Dswing.aatext=true -XX:-UsePerfData -Djdk.map.althashing.threshold=512 -XX:StringTableSize=4072 --add-opens=java.base/java.nio=ALL-UNNAMED --add-opens=java.desktop/sun.swing=ALL-UNNAMED --add-opens=java.desktop/javax.swing=ALL-UNNAMED --add-opens=java.desktop/javax.swing.tree=ALL-UNNAMED --add-opens=java.desktop/javax.swing.plaf.basic=ALL-UNNAMED --add-opens=java.desktop/javax.swing.plaf.synth=ALL-UNNAMED --add-opens=java.desktop/com.sun.awt=ALL-UNNAMED -XX:NewSize=60m -XX:MaxNewSize=60m -Xms128m -Xmx3072m -Xss5m 
java_command: <unknown>
java_class_path (initial): D:/Vivado/2018.3\lib\classes\alloy.jar;D:/Vivado/2018.3\lib\classes\autopilot.scelaborator.jar;D:/Vivado/2018.3\lib\classes\autopilot.sourceprocessor.jar;D:/Vivado/2018.3\lib\classes\autopilot.tbprocessor.jar;D:/Vivado/2018.3\lib\classes\batik-anim.jar;D:/Vivado/2018.3\lib\classes\batik-awt-util.jar;D:/Vivado/2018.3\lib\classes\batik-bridge.jar;D:/Vivado/2018.3\lib\classes\batik-codec.jar;D:/Vivado/2018.3\lib\classes\batik-css.jar;D:/Vivado/2018.3\lib\classes\batik-dom.jar;D:/Vivado/2018.3\lib\classes\batik-ext.jar;D:/Vivado/2018.3\lib\classes\batik-gui-util.jar;D:/Vivado/2018.3\lib\classes\batik-gvt.jar;D:/Vivado/2018.3\lib\classes\batik-parser.jar;D:/Vivado/2018.3\lib\classes\batik-script.jar;D:/Vivado/2018.3\lib\classes\batik-svg-dom.jar;D:/Vivado/2018.3\lib\classes\batik-swing.jar;D:/Vivado/2018.3\lib\classes\batik-transcoder.jar;D:/Vivado/2018.3\lib\classes\batik-util.jar;D:/Vivado/2018.3\lib\classes\batik-xml.jar;D:/Vivado/2018.3\lib\classes\com.ibm.icu_4.4.2.v20110208.jar;D:/Vivado/2018.3\lib\classes\commons-collections4-4.1.jar;D:/Vivado/2018.3\lib\classes\commons-math-2.2.jar;D:/Vivado/2018.3\lib\classes\dom4j-1.6.1.jar;D:/Vivado/2018.3\lib\classes\guava-18.0.jar;D:/Vivado/2018.3\lib\classes\help.jar;D:/Vivado/2018.3\lib\classes\hsqldb.jar;D:/Vivado/2018.3\lib\classes\jargs.jar;D:/Vivado/2018.3\lib\classes\jaxb-api-2.3.0.jar;D:/Vivado/2018.3\lib\classes\jh.jar;D:/Vivado/2018.3\lib\classes\jide-action.jar;D:/Vivado/2018.3\lib\classes\jide-charts.jar;D:/Vivado/2018.3\lib\classes\jide-common.jar;D:/Vivado/2018.3\lib\classes\jide-components.jar;D:/Vivado/2018.3\lib\classes\jide-dashboard.jar;D:/Vivado/2018.3\lib\classes\jide-data.jar;D:/Vivado/2018.3\lib\classes\jide-dialogs.jar;D:/Vivado/2018.3\lib\classes\jide-diff.jar;D:/Vivado/2018.3\lib\classes\jide-dock.jar;D:/Vivado/2018.3\lib\classes\jide-editor.jar;D:/Vivado/2018.3\lib\classes\jide-gantt.jar;D:/Vivado/2018.3\lib\classes\jide-grids.jar;D:/Vivado/2018.3\lib\classes\jide-pivot
Launcher Type: generic

Logging:
Log output configuration:
#0: stdout all=warning uptime,level,tags
#1: stderr all=off uptime,level,tags

Environment Variables:
JAVA_HOME=C:\Program Files\Java\jre1.8.0_102
PATH=D:/Vivado/2018.3/bin;D:/Vivado/2018.3/lib/win64.o;D:/Vivado/2018.3/tps/win64/jre9.0.4/bin/server;D:/Vivado/2018.3/tps/win64/jre9.0.4/bin;D:/SDK/2018.3/bin;D:/Vivado/2018.3/ids_lite/ISE/bin/nt64;D:/Vivado/2018.3/ids_lite/ISE/lib/nt64;C:\ProgramData\Oracle\Java\javapath;D:\bin\;C:\Program Files (x86)\Common Files\Intel\Shared Libraries\redist\intel64\compiler;C:\Windows\system32;C:\Windows;C:\Windows\System32\Wbem;C:\Windows\System32\WindowsPowerShell\v1.0\;C:\Windows\System32\OpenSSH\;C:\Program Files (x86)\NVIDIA Corporation\PhysX\Common;C:\Program Files\Intel\WiFi\bin\;C:\Program Files\Common Files\Intel\WirelessCommon\;C:\Program Files\dotnet\;D:\MATLAB\R2021b\bin;D:\webDownloads\mingw-w64-x86_64-gcc-10.2.0-10-any.pkg\mingw64\bin;C:\Users\guan\AppData\Local\Microsoft\WindowsApps;C:\Users\guan\.dotnet\tools;D:\Bandizip\;C:\Users\guan\AppData\Local\GitHubDesktop\bin;D:/Vivado/2018.3\tps\mingw\6.2.0\win64.o\nt\bin;D:/Vivado/2018.3\tps\mingw\6.2.0\win64.o\nt\libexec\gcc\x86_64-w64-mingw32\6.2.0
USERNAME=guan
OS=Windows_NT
PROCESSOR_IDENTIFIER=Intel64 Family 6 Model 142 Stepping 11, GenuineIntel



---------------  S Y S T E M  ---------------

OS: Windows 10 , 64 bit Build 22000 (10.0.22000.1219)

CPU:total 8 (initial active 8) (4 cores per cpu, 2 threads per core) family 6 model 142 stepping 11, cmov, cx8, fxsr, mmx, sse, sse2, sse3, ssse3, sse4.1, sse4.2, popcnt, avx, avx2, aes, clmul, erms, 3dnowpref, lzcnt, ht, tsc, tscinvbit, bmi1, bmi2, adx, fma

Memory: 4k page, physical 16625020k(8620540k free), swap 17673596k(7762384k free)

vm_info: Java HotSpot(TM) 64-Bit Server VM (9.0.4+11) for windows-amd64 JRE (9.0.4+11), built on Dec 20 2017 02:18:54 by "mach5one" with MS VC++ 12.0 (VS2013)

END.
